#
# A fatal error has been detected by the Java Runtime Environment:
#
#  SIGSEGV (0xb) at pc=0x00007f31e095de55, pid=6724, tid=139852157581056
#
# JRE version: OpenJDK Runtime Environment (7.0_79-b14) (build 1.7.0_79-b14)
# Java VM: OpenJDK 64-Bit Server VM (24.79-b02 mixed mode linux-amd64 compressed oops)
# Derivative: IcedTea 2.5.5
# Distribution: Ubuntu 14.04 LTS, package 7u79-2.5.5-0ubuntu0.14.04.2
# Problematic frame:
# V  [libjvm.so+0x81fe55]  ParCompactionManager::follow_marking_stacks()+0xe25
#
# Failed to write core dump. Core dumps have been disabled. To enable core dumping, try "ulimit -c unlimited" before starting Java again
#
# If you would like to submit a bug report, please include
# instructions on how to reproduce the bug and visit:
#   http://icedtea.classpath.org/bugzilla
#

---------------  T H R E A D  ---------------

Current thread (0x00007f31d8023800):  GCTaskThread [stack: 0x00007f31de1c7000,0x00007f31de2c8000] [id=6733]

siginfo:si_signo=SIGSEGV: si_errno=0, si_code=1 (SEGV_MAPERR), si_addr=0x0000000000000018

Registers:
RAX=0x0000000000000000, RBX=0x00000000d9a509c4, RCX=0x0000000000000000, RDX=0x0000000000000001
RSP=0x00007f31de2c6c80, RBP=0x00007f31de2c6d20, RSI=0x00007f31cdcd0000, RDI=0x0000000000000000
R8 =0x00000000fe080000, R9 =0x0000000000000000, R10=0x0000000000223400, R11=0x0000000000800000
R12=0x0000000000000000, R13=0x00007f31d8072a20, R14=0x00007f31e0f25dc0, R15=0x00000000d9a50f68
RIP=0x00007f31e095de55, EFLAGS=0x0000000000010246, CSGSFS=0x0000000000000033, ERR=0x0000000000000004
  TRAPNO=0x000000000000000e

Top of Stack: (sp=0x00007f31de2c6c80)
0x00007f31de2c6c80:   00007f31d8072ab0 00007f31d8072ae0
0x00007f31de2c6c90:   00007f31d8072a60 0000000002c900d4
0x00007f31de2c6ca0:   00007f31e0f1c5c3 00007f31d8072a30
0x00007f31de2c6cb0:   0000000000182c00 0000000000000c00
0x00007f31de2c6cc0:   00000000d9445f58 0000000000000000
0x00007f31de2c6cd0:   00000c1400000000 00007f31d800a000
0x00007f31de2c6ce0:   00000c1500000000 00007f31d8072a01
0x00007f31de2c6cf0:   00007f31d8023d50 00007f31d8023d40
0x00007f31de2c6d00:   00007f31d8027a90 00007f31d8072a20
0x00007f31de2c6d10:   00007f31d8023d50 00007f31d8023d10
0x00007f31de2c6d20:   00007f31de2c6dc0 00007f31e09438b9
0x00007f31de2c6d30:   0000000000000001 00007f31de2c6d50
0x00007f31de2c6d40:   00000000000003d8 00007f31d8024128
0x00007f31de2c6d50:   00007f31e0ee9eb0 00007f31d8023800
0x00007f31de2c6d60:   0000000000000000 00007f31d8072a20
0x00007f31de2c6d70:   00007f31e0ee1b90 00007f31e08cdf00
0x00007f31de2c6d80:   00007f31de2c6d50 00007f31d801f401
0x00007f31de2c6d90:   00007f31de2c6dc0 0000000000000001
0x00007f31de2c6da0:   00007f31d8027a90 00007f31e0ae9b3e
0x00007f31de2c6db0:   00007f31d8023800 00007f31e0f1c3ea
0x00007f31de2c6dc0:   00007f31de2c6ed0 00007f31e06830b2
0x00007f31de2c6dd0:   00000000000003d8 00007f31d8024128
0x00007f31de2c6de0:   00007f31d8023d50 00007f31de2c6e60
0x00007f31de2c6df0:   00007f31d8023d10 00007f31d8023d40
0x00007f31de2c6e00:   00007f31de2c6e10 0000000000000000
0x00007f31de2c6e10:   0000000000000000 00007f31d8024b00
0x00007f31de2c6e20:   00007f31d8023800 00007f31d8024130
0x00007f31de2c6e30:   00007f31d8024170 00007f31d8024180
0x00007f31de2c6e40:   00007f31d8024558 00000000000003d8
0x00007f31de2c6e50:   00007f31d8024560 00007f31d8024ed0
0x00007f31de2c6e60:   00007f31d8023800 00007f31d8024130
0x00007f31de2c6e70:   00007f31d8024170 00007f31d8024180 

Instructions: (pc=0x00007f31e095de55)
0x00007f31e095de35:   89 00 8d 42 01 25 ff ff 01 00 41 89 45 08 e9 d0
0x00007f31e095de45:   fd ff ff 41 8b 40 08 44 89 c9 48 d3 e0 48 01 f8
0x00007f31e095de55:   8b 48 18 48 8d 78 10 83 f9 00 0f 8f 40 fe ff ff
0x00007f31e095de65:   0f 84 f6 00 00 00 48 8d 05 3a 5b 59 00 80 fa 01 

Register to memory mapping:

RAX=0x0000000000000000 is an unknown value
RBX=0x00000000d9a509c4 is pointing into object: 0x00000000d9445f58
[Ljava.lang.Object; 
 - klass: 'java/lang/Object'[]
 - length: 46727380
RCX=0x0000000000000000 is an unknown value
RDX=0x0000000000000001 is an unknown value
RSP=0x00007f31de2c6c80 is an unknown value
RBP=0x00007f31de2c6d20 is an unknown value
RSI=0x00007f31cdcd0000 is an unknown value
RDI=0x0000000000000000 is an unknown value
R8 =0x00000000fe080000 is an unallocated location in the heap
R9 =0x0000000000000000 is an unknown value
R10=0x0000000000223400 is an unknown value
R11=0x0000000000800000 is an unknown value
R12=0x0000000000000000 is an unknown value
R13=0x00007f31d8072a20 is an unknown value
R14=0x00007f31e0f25dc0: <offset 0xde7dc0> in /usr/lib/jvm/java-7-openjdk-amd64/jre/lib/amd64/server/libjvm.so at 0x00007f31e013e000
R15=0x00000000d9a50f68 is pointing into object: 0x00000000d9445f58
[Ljava.lang.Object; 
 - klass: 'java/lang/Object'[]
 - length: 46727380


Stack: [0x00007f31de1c7000,0x00007f31de2c8000],  sp=0x00007f31de2c6c80,  free space=1023k
Native frames: (J=compiled Java code, j=interpreted, Vv=VM code, C=native code)
V  [libjvm.so+0x81fe55]  ParCompactionManager::follow_marking_stacks()+0xe25
V  [libjvm.so+0x8058b9]  ThreadRootsMarkingTask::do_it(GCTaskManager*, unsigned int)+0xd9
V  [libjvm.so+0x5450b2]  GCTaskThread::run()+0x162
V  [libjvm.so+0x7c4f32]  java_start(Thread*)+0xf2


---------------  P R O C E S S  ---------------

Java Threads: ( => current thread )
  0x00007f31d81d6800 JavaThread "AWT-XAWT" daemon [_thread_blocked, id=6744, stack(0x00007f31c4b34000,0x00007f31c4c35000)]
  0x00007f31d81b6000 JavaThread "Java2D Disposer" daemon [_thread_blocked, id=6743, stack(0x00007f31c5045000,0x00007f31c5146000)]
  0x00007f31d80b1000 JavaThread "Service Thread" daemon [_thread_blocked, id=6741, stack(0x00007f31d4bfc000,0x00007f31d4cfd000)]
  0x00007f31d80ae800 JavaThread "C2 CompilerThread1" daemon [_thread_blocked, id=6740, stack(0x00007f31d4cfd000,0x00007f31d4dfe000)]
  0x00007f31d80ab800 JavaThread "C2 CompilerThread0" daemon [_thread_blocked, id=6739, stack(0x00007f31d4dfe000,0x00007f31d4eff000)]
  0x00007f31d80a9800 JavaThread "Signal Dispatcher" daemon [_thread_blocked, id=6738, stack(0x00007f31d4eff000,0x00007f31d5000000)]
  0x00007f31d807c000 JavaThread "Finalizer" daemon [_thread_blocked, id=6737, stack(0x00007f31dc8e9000,0x00007f31dc9ea000)]
  0x00007f31d807a000 JavaThread "Reference Handler" daemon [_thread_blocked, id=6736, stack(0x00007f31dc9ea000,0x00007f31dcaeb000)]
  0x00007f31d800a000 JavaThread "main" [_thread_blocked, id=6730, stack(0x00007f31e1c4f000,0x00007f31e1d50000)]

Other Threads:
  0x00007f31d8075800 VMThread [stack: 0x00007f31dcaeb000,0x00007f31dcbec000] [id=6735]
  0x00007f31d80bb800 WatcherThread [stack: 0x00007f31d4afb000,0x00007f31d4bfc000] [id=6742]

=>0x00007f31d8023800 (exited) GCTaskThread [stack: 0x00007f31de1c7000,0x00007f31de2c8000] [id=6733]

VM state:at safepoint (normal execution)

VM Mutex/Monitor currently owned by a thread:  ([mutex/lock_event])
[0x00007f31d8006380] Threads_lock - owner thread: 0x00007f31d8075800
[0x00007f31d8006880] Heap_lock - owner thread: 0x00007f31d800a000

Heap
 PSYoungGen      total 33280K, used 864K [0x00000000ec000000, 0x00000000ee300000, 0x0000000100000000)
  eden space 30720K, 0% used [0x00000000ec000000,0x00000000ec000000,0x00000000ede00000)
  from space 2560K, 33% used [0x00000000ee080000,0x00000000ee158020,0x00000000ee300000)
  to   space 2560K, 0% used [0x00000000ede00000,0x00000000ede00000,0x00000000ee080000)
 ParOldGen       total 655360K, used 530968K [0x00000000c4000000, 0x00000000ec000000, 0x00000000ec000000)
  object space 655360K, 81% used [0x00000000c4000000,0x00000000e46862b8,0x00000000ec000000)
 PSPermGen       total 21504K, used 6574K [0x00000000b9a00000, 0x00000000baf00000, 0x00000000c4000000)
  object space 21504K, 30% used [0x00000000b9a00000,0x00000000ba06bbd0,0x00000000baf00000)

Card table byte_map: [0x00007f31de65d000,0x00007f31de891000] byte_map_base: 0x00007f31de090000

Polling page: 0x00007f31e1d6e000

Code Cache  [0x00007f31d5000000, 0x00007f31d5270000, 0x00007f31d8000000)
 total_blobs=501 nmethods=161 adapters=293 free_code_cache=48255Kb largest_free_block=49391040

Compilation events (10 events):
Event: 1,148 Thread 0x00007f31d80ab800  157             java.lang.AbstractStringBuilder::ensureCapacityInternal (16 bytes)
Event: 1,152 Thread 0x00007f31d80ab800 nmethod 157 0x00007f31d50d5390 code [0x00007f31d50d54e0, 0x00007f31d50d5778]
Event: 1,174 Thread 0x00007f31d80ae800  158             Node::getId (5 bytes)
Event: 1,175 Thread 0x00007f31d80ae800 nmethod 158 0x00007f31d50d7f50 code [0x00007f31d50d8080, 0x00007f31d50d80d8]
Event: 1,179 Thread 0x00007f31d80ae800  159             java.util.ArrayList::size (5 bytes)
Event: 1,179 Thread 0x00007f31d80ae800 nmethod 159 0x00007f31d50d4750 code [0x00007f31d50d4880, 0x00007f31d50d48d8]
Event: 1,191 Thread 0x00007f31d80ae800  160             Graph::dijkstra (1274 bytes)
Event: 1,443 Thread 0x00007f31d80ae800 nmethod 160 0x00007f31d50ddbd0 code [0x00007f31d50de200, 0x00007f31d50e1c48]
Event: 1,443 Thread 0x00007f31d80ab800  161 %           Graph::dijkstra @ 701 (1274 bytes)
Event: 1,537 Thread 0x00007f31d80ab800 nmethod 161% 0x00007f31d50d93d0 code [0x00007f31d50d96c0, 0x00007f31d50dab68]

GC Heap History (9 events):
Event: 1,218 GC heap before
{Heap before GC invocations=1 (full 0):
 PSYoungGen      total 17920K, used 15226K [0x00000000ec000000, 0x00000000ed400000, 0x0000000100000000)
  eden space 15360K, 99% used [0x00000000ec000000,0x00000000ecedeb58,0x00000000ecf00000)
  from space 2560K, 0% used [0x00000000ed180000,0x00000000ed180000,0x00000000ed400000)
  to   space 2560K, 0% used [0x00000000ecf00000,0x00000000ecf00000,0x00000000ed180000)
 ParOldGen       total 40960K, used 0K [0x00000000c4000000, 0x00000000c6800000, 0x00000000ec000000)
  object space 40960K, 0% used [0x00000000c4000000,0x00000000c4000000,0x00000000c6800000)
 PSPermGen       total 21504K, used 6574K [0x00000000b9a00000, 0x00000000baf00000, 0x00000000c4000000)
  object space 21504K, 30% used [0x00000000b9a00000,0x00000000ba06bbd0,0x00000000baf00000)
Event: 1,224 GC heap after
Heap after GC invocations=1 (full 0):
 PSYoungGen      total 17920K, used 1157K [0x00000000ec000000, 0x00000000ed400000, 0x0000000100000000)
  eden space 15360K, 0% used [0x00000000ec000000,0x00000000ec000000,0x00000000ecf00000)
  from space 2560K, 45% used [0x00000000ecf00000,0x00000000ed0217b0,0x00000000ed180000)
  to   space 2560K, 0% used [0x00000000ed180000,0x00000000ed180000,0x00000000ed400000)
 ParOldGen       total 40960K, used 0K [0x00000000c4000000, 0x00000000c6800000, 0x00000000ec000000)
  object space 40960K, 0% used [0x00000000c4000000,0x00000000c4000000,0x00000000c6800000)
 PSPermGen       total 21504K, used 6574K [0x00000000b9a00000, 0x00000000baf00000, 0x00000000c4000000)
  object space 21504K, 30% used [0x00000000b9a00000,0x00000000ba06bbd0,0x00000000baf00000)
}
Event: 1,485 GC heap before
{Heap before GC invocations=2 (full 0):
 PSYoungGen      total 17920K, used 15165K [0x00000000ec000000, 0x00000000ed400000, 0x0000000100000000)
  eden space 15360K, 91% used [0x00000000ec000000,0x00000000ecdaded8,0x00000000ecf00000)
  from space 2560K, 45% used [0x00000000ecf00000,0x00000000ed0217b0,0x00000000ed180000)
  to   space 2560K, 0% used [0x00000000ed180000,0x00000000ed180000,0x00000000ed400000)
 ParOldGen       total 40960K, used 0K [0x00000000c4000000, 0x00000000c6800000, 0x00000000ec000000)
  object space 40960K, 0% used [0x00000000c4000000,0x00000000c4000000,0x00000000c6800000)
 PSPermGen       total 21504K, used 6574K [0x00000000b9a00000, 0x00000000baf00000, 0x00000000c4000000)
  object space 21504K, 30% used [0x00000000b9a00000,0x00000000ba06bbd0,0x00000000baf00000)
Event: 1,514 GC heap after
Heap after GC invocations=2 (full 0):
 PSYoungGen      total 17920K, used 928K [0x00000000ec000000, 0x00000000ee300000, 0x0000000100000000)
  eden space 15360K, 0% used [0x00000000ec000000,0x00000000ec000000,0x00000000ecf00000)
  from space 2560K, 36% used [0x00000000ed180000,0x00000000ed268000,0x00000000ed400000)
  to   space 2560K, 0% used [0x00000000ecf00000,0x00000000ecf00000,0x00000000ed180000)
 ParOldGen       total 40960K, used 4748K [0x00000000c4000000, 0x00000000c6800000, 0x00000000ec000000)
  object space 40960K, 11% used [0x00000000c4000000,0x00000000c44a3010,0x00000000c6800000)
 PSPermGen       total 21504K, used 6574K [0x00000000b9a00000, 0x00000000baf00000, 0x00000000c4000000)
  object space 21504K, 30% used [0x00000000b9a00000,0x00000000ba06bbd0,0x00000000baf00000)
}
Event: 2,260 GC heap before
{Heap before GC invocations=3 (full 0):
 PSYoungGen      total 17920K, used 8050K [0x00000000ec000000, 0x00000000ee300000, 0x0000000100000000)
  eden space 15360K, 46% used [0x00000000ec000000,0x00000000ec6f4808,0x00000000ecf00000)
  from space 2560K, 36% used [0x00000000ed180000,0x00000000ed268000,0x00000000ed400000)
  to   space 2560K, 0% used [0x00000000ecf00000,0x00000000ecf00000,0x00000000ed180000)
 ParOldGen       total 655360K, used 530968K [0x00000000c4000000, 0x00000000ec000000, 0x00000000ec000000)
  object space 655360K, 81% used [0x00000000c4000000,0x00000000e46862b8,0x00000000ec000000)
 PSPermGen       total 21504K, used 6574K [0x00000000b9a00000, 0x00000000baf00000, 0x00000000c4000000)
  object space 21504K, 30% used [0x00000000b9a00000,0x00000000ba06bbd0,0x00000000baf00000)
Event: 2,913 GC heap after
Heap after GC invocations=3 (full 0):
 PSYoungGen      total 17920K, used 864K [0x00000000ec000000, 0x00000000ee300000, 0x0000000100000000)
  eden space 15360K, 0% used [0x00000000ec000000,0x00000000ec000000,0x00000000ecf00000)
  from space 2560K, 33% used [0x00000000ecf00000,0x00000000ecfd8020,0x00000000ed180000)
  to   space 2560K, 0% used [0x00000000ee080000,0x00000000ee080000,0x00000000ee300000)
 ParOldGen       total 655360K, used 530968K [0x00000000c4000000, 0x00000000ec000000, 0x00000000ec000000)
  object space 655360K, 81% used [0x00000000c4000000,0x00000000e46862b8,0x00000000ec000000)
 PSPermGen       total 21504K, used 6574K [0x00000000b9a00000, 0x00000000baf00000, 0x00000000c4000000)
  object space 21504K, 30% used [0x00000000b9a00000,0x00000000ba06bbd0,0x00000000baf00000)
}
Event: 2,913 GC heap before
{Heap before GC invocations=4 (full 0):
 PSYoungGen      total 17920K, used 864K [0x00000000ec000000, 0x00000000ee300000, 0x0000000100000000)
  eden space 15360K, 0% used [0x00000000ec000000,0x00000000ec000000,0x00000000ecf00000)
  from space 2560K, 33% used [0x00000000ecf00000,0x00000000ecfd8020,0x00000000ed180000)
  to   space 2560K, 0% used [0x00000000ee080000,0x00000000ee080000,0x00000000ee300000)
 ParOldGen       total 655360K, used 530968K [0x00000000c4000000, 0x00000000ec000000, 0x00000000ec000000)
  object space 655360K, 81% used [0x00000000c4000000,0x00000000e46862b8,0x00000000ec000000)
 PSPermGen       total 21504K, used 6574K [0x00000000b9a00000, 0x00000000baf00000, 0x00000000c4000000)
  object space 21504K, 30% used [0x00000000b9a00000,0x00000000ba06bbd0,0x00000000baf00000)
Event: 3,574 GC heap after
Heap after GC invocations=4 (full 0):
 PSYoungGen      total 33280K, used 864K [0x00000000ec000000, 0x00000000ee300000, 0x0000000100000000)
  eden space 30720K, 0% used [0x00000000ec000000,0x00000000ec000000,0x00000000ede00000)
  from space 2560K, 33% used [0x00000000ee080000,0x00000000ee158020,0x00000000ee300000)
  to   space 2560K, 0% used [0x00000000ede00000,0x00000000ede00000,0x00000000ee080000)
 ParOldGen       total 655360K, used 530968K [0x00000000c4000000, 0x00000000ec000000, 0x00000000ec000000)
  object space 655360K, 81% used [0x00000000c4000000,0x00000000e46862b8,0x00000000ec000000)
 PSPermGen       total 21504K, used 6574K [0x00000000b9a00000, 0x00000000baf00000, 0x00000000c4000000)
  object space 21504K, 30% used [0x00000000b9a00000,0x00000000ba06bbd0,0x00000000baf00000)
}
Event: 3,574 GC heap before
{Heap before GC invocations=5 (full 1):
 PSYoungGen      total 33280K, used 864K [0x00000000ec000000, 0x00000000ee300000, 0x0000000100000000)
  eden space 30720K, 0% used [0x00000000ec000000,0x00000000ec000000,0x00000000ede00000)
  from space 2560K, 33% used [0x00000000ee080000,0x00000000ee158020,0x00000000ee300000)
  to   space 2560K, 0% used [0x00000000ede00000,0x00000000ede00000,0x00000000ee080000)
 ParOldGen       total 655360K, used 530968K [0x00000000c4000000, 0x00000000ec000000, 0x00000000ec000000)
  object space 655360K, 81% used [0x00000000c4000000,0x00000000e46862b8,0x00000000ec000000)
 PSPermGen       total 21504K, used 6574K [0x00000000b9a00000, 0x00000000baf00000, 0x00000000c4000000)
  object space 21504K, 30% used [0x00000000b9a00000,0x00000000ba06bbd0,0x00000000baf00000)

Deoptimization events (9 events):
Event: 0,938 Thread 0x00007f31d800a000 Uncommon trap: reason=unreached action=reinterpret pc=0x00007f31d509e348 method=java.util.Locale.equals(Ljava/lang/Object;)Z @ 2
Event: 1,172 Thread 0x00007f31d800a000 Uncommon trap: reason=class_check action=maybe_recompile pc=0x00007f31d5094188 method=java.io.PrintStream.write([BII)V @ 16
Event: 1,172 Thread 0x00007f31d800a000 Uncommon trap: reason=class_check action=maybe_recompile pc=0x00007f31d5094188 method=java.io.PrintStream.write([BII)V @ 16
Event: 1,172 Thread 0x00007f31d800a000 Uncommon trap: reason=class_check action=maybe_recompile pc=0x00007f31d5094188 method=java.io.PrintStream.write([BII)V @ 16
Event: 1,172 Thread 0x00007f31d800a000 Uncommon trap: reason=class_check action=maybe_recompile pc=0x00007f31d5094188 method=java.io.PrintStream.write([BII)V @ 16
Event: 1,172 Thread 0x00007f31d800a000 Uncommon trap: reason=class_check action=maybe_recompile pc=0x00007f31d5097e98 method=java.io.PrintStream.write([BII)V @ 16
Event: 1,172 Thread 0x00007f31d800a000 Uncommon trap: reason=class_check action=maybe_recompile pc=0x00007f31d507852c method=java.io.PrintStream.write([BII)V @ 16
Event: 1,173 Thread 0x00007f31d800a000 Uncommon trap: reason=class_check action=maybe_recompile pc=0x00007f31d5099f68 method=java.io.PrintStream.write([BII)V @ 16
Event: 1,173 Thread 0x00007f31d800a000 Uncommon trap: reason=class_check action=maybe_recompile pc=0x00007f31d50965fc method=java.io.PrintStream.write([BII)V @ 16

Internal exceptions (10 events):
Event: 0,920 Thread 0x00007f31d800a000 Threw 0x00000000eccec960 at /build/buildd/openjdk-7-7u79-2.5.5/build/openjdk/hotspot/src/share/vm/prims/jvm.cpp:1284
Event: 0,921 Thread 0x00007f31d800a000 Threw 0x00000000ecd03128 at /build/buildd/openjdk-7-7u79-2.5.5/build/openjdk/hotspot/src/share/vm/prims/jvm.cpp:1284
Event: 0,964 Thread 0x00007f31d800a000 Threw 0x00000000ecd15f58 at /build/buildd/openjdk-7-7u79-2.5.5/build/openjdk/hotspot/src/share/vm/prims/jni.cpp:721
Event: 1,098 Thread 0x00007f31d800a000 Threw 0x00000000ecd469b0 at /build/buildd/openjdk-7-7u79-2.5.5/build/openjdk/hotspot/src/share/vm/classfile/systemDictionary.cpp:185
Event: 1,112 Thread 0x00007f31d800a000 Threw 0x00000000ecd644c0 at /build/buildd/openjdk-7-7u79-2.5.5/build/openjdk/hotspot/src/share/vm/prims/jvm.cpp:1284
Event: 1,112 Thread 0x00007f31d800a000 Threw 0x00000000ecd646e8 at /build/buildd/openjdk-7-7u79-2.5.5/build/openjdk/hotspot/src/share/vm/prims/jvm.cpp:1284
Event: 1,112 Thread 0x00007f31d800a000 Threw 0x00000000ecd66e98 at /build/buildd/openjdk-7-7u79-2.5.5/build/openjdk/hotspot/src/share/vm/prims/jvm.cpp:1284
Event: 1,112 Thread 0x00007f31d800a000 Threw 0x00000000ecd670c0 at /build/buildd/openjdk-7-7u79-2.5.5/build/openjdk/hotspot/src/share/vm/prims/jvm.cpp:1284
Event: 1,112 Thread 0x00007f31d800a000 Threw 0x00000000ecd67bc0 at /build/buildd/openjdk-7-7u79-2.5.5/build/openjdk/hotspot/src/share/vm/prims/jvm.cpp:1284
Event: 1,112 Thread 0x00007f31d800a000 Threw 0x00000000ecd67de8 at /build/buildd/openjdk-7-7u79-2.5.5/build/openjdk/hotspot/src/share/vm/prims/jvm.cpp:1284

Events (10 events):
Event: 1,173 Thread 0x00007f31d800a000 DEOPT PACKING pc=0x00007f31d5099f68 sp=0x00007f31e1d4e6b0
Event: 1,173 Thread 0x00007f31d800a000 DEOPT UNPACKING pc=0x00007f31d5039445 sp=0x00007f31e1d4e608 mode 2
Event: 1,173 Thread 0x00007f31d800a000 Uncommon trap: trap_request=0xffffffde fr.pc=0x00007f31d50965fc
Event: 1,173 Thread 0x00007f31d800a000 DEOPT PACKING pc=0x00007f31d50965fc sp=0x00007f31e1d4e620
Event: 1,173 Thread 0x00007f31d800a000 DEOPT UNPACKING pc=0x00007f31d5039445 sp=0x00007f31e1d4e5f0 mode 2
Event: 1,217 Executing VM operation: ParallelGCFailedAllocation
Event: 1,224 Executing VM operation: ParallelGCFailedAllocation done
Event: 1,484 Executing VM operation: ParallelGCFailedAllocation
Event: 1,514 Executing VM operation: ParallelGCFailedAllocation done
Event: 2,260 Executing VM operation: ParallelGCFailedAllocation


Dynamic libraries:
00400000-00401000 r-xp 00000000 08:03 2373541                            /usr/lib/jvm/java-7-openjdk-amd64/jre/bin/java
00600000-00601000 r--p 00000000 08:03 2373541                            /usr/lib/jvm/java-7-openjdk-amd64/jre/bin/java
00601000-00602000 rw-p 00001000 08:03 2373541                            /usr/lib/jvm/java-7-openjdk-amd64/jre/bin/java
014fa000-0151b000 rw-p 00000000 00:00 0                                  [heap]
b9a00000-baf00000 rw-p 00000000 00:00 0 
baf00000-c4000000 rw-p 00000000 00:00 0 
c4000000-ec000000 rw-p 00000000 00:00 0 
ec000000-ee300000 rw-p 00000000 00:00 0 
ee300000-100000000 rw-p 00000000 00:00 0 
7f3190000000-7f3190021000 rw-p 00000000 00:00 0 
7f3190021000-7f3194000000 ---p 00000000 00:00 0 
7f3198000000-7f3198021000 rw-p 00000000 00:00 0 
7f3198021000-7f319c000000 ---p 00000000 00:00 0 
7f319c000000-7f319c021000 rw-p 00000000 00:00 0 
7f319c021000-7f31a0000000 ---p 00000000 00:00 0 
7f31a0000000-7f31a0879000 rw-p 00000000 00:00 0 
7f31a0879000-7f31a4000000 ---p 00000000 00:00 0 
7f31a4000000-7f31a4021000 rw-p 00000000 00:00 0 
7f31a4021000-7f31a8000000 ---p 00000000 00:00 0 
7f31a8000000-7f31a8021000 rw-p 00000000 00:00 0 
7f31a8021000-7f31ac000000 ---p 00000000 00:00 0 
7f31ac000000-7f31ac79c000 rw-p 00000000 00:00 0 
7f31ac79c000-7f31b0000000 ---p 00000000 00:00 0 
7f31b0000000-7f31b0021000 rw-p 00000000 00:00 0 
7f31b0021000-7f31b4000000 ---p 00000000 00:00 0 
7f31b4000000-7f31b4021000 rw-p 00000000 00:00 0 
7f31b4021000-7f31b8000000 ---p 00000000 00:00 0 
7f31b8000000-7f31b8a63000 rw-p 00000000 00:00 0 
7f31b8a63000-7f31bc000000 ---p 00000000 00:00 0 
7f31bc000000-7f31bc021000 rw-p 00000000 00:00 0 
7f31bc021000-7f31c0000000 ---p 00000000 00:00 0 
7f31c0000000-7f31c0853000 rw-p 00000000 00:00 0 
7f31c0853000-7f31c4000000 ---p 00000000 00:00 0 
7f31c4b34000-7f31c4b37000 ---p 00000000 00:00 0 
7f31c4b37000-7f31c4c35000 rw-p 00000000 00:00 0                          [stack:6744]
7f31c4c35000-7f31c4c3a000 r-xp 00000000 08:03 2245803                    /usr/lib/x86_64-linux-gnu/libXfixes.so.3.1.0
7f31c4c3a000-7f31c4e39000 ---p 00005000 08:03 2245803                    /usr/lib/x86_64-linux-gnu/libXfixes.so.3.1.0
7f31c4e39000-7f31c4e3a000 r--p 00004000 08:03 2245803                    /usr/lib/x86_64-linux-gnu/libXfixes.so.3.1.0
7f31c4e3a000-7f31c4e3b000 rw-p 00005000 08:03 2245803                    /usr/lib/x86_64-linux-gnu/libXfixes.so.3.1.0
7f31c4e3b000-7f31c4e44000 r-xp 00000000 08:03 2237826                    /usr/lib/x86_64-linux-gnu/libXcursor.so.1.0.2
7f31c4e44000-7f31c5043000 ---p 00009000 08:03 2237826                    /usr/lib/x86_64-linux-gnu/libXcursor.so.1.0.2
7f31c5043000-7f31c5044000 r--p 00008000 08:03 2237826                    /usr/lib/x86_64-linux-gnu/libXcursor.so.1.0.2
7f31c5044000-7f31c5045000 rw-p 00009000 08:03 2237826                    /usr/lib/x86_64-linux-gnu/libXcursor.so.1.0.2
7f31c5045000-7f31c5048000 ---p 00000000 00:00 0 
7f31c5048000-7f31c5146000 rw-p 00000000 00:00 0                          [stack:6743]
7f31c5146000-7f31c514a000 r-xp 00000000 08:03 1314901                    /lib/x86_64-linux-gnu/libgpg-error.so.0.10.0
7f31c514a000-7f31c5349000 ---p 00004000 08:03 1314901                    /lib/x86_64-linux-gnu/libgpg-error.so.0.10.0
7f31c5349000-7f31c534a000 r--p 00003000 08:03 1314901                    /lib/x86_64-linux-gnu/libgpg-error.so.0.10.0
7f31c534a000-7f31c534b000 rw-p 00004000 08:03 1314901                    /lib/x86_64-linux-gnu/libgpg-error.so.0.10.0
7f31c534b000-7f31c534d000 r-xp 00000000 08:03 1314911                    /lib/x86_64-linux-gnu/libkeyutils.so.1.4
7f31c534d000-7f31c554d000 ---p 00002000 08:03 1314911                    /lib/x86_64-linux-gnu/libkeyutils.so.1.4
7f31c554d000-7f31c554e000 r--p 00002000 08:03 1314911                    /lib/x86_64-linux-gnu/libkeyutils.so.1.4
7f31c554e000-7f31c554f000 rw-p 00003000 08:03 1314911                    /lib/x86_64-linux-gnu/libkeyutils.so.1.4
7f31c554f000-7f31c558c000 r-xp 00000000 08:03 1314971                    /lib/x86_64-linux-gnu/libpcre.so.3.13.1
7f31c558c000-7f31c578b000 ---p 0003d000 08:03 1314971                    /lib/x86_64-linux-gnu/libpcre.so.3.13.1
7f31c578b000-7f31c578c000 r--p 0003c000 08:03 1314971                    /lib/x86_64-linux-gnu/libpcre.so.3.13.1
7f31c578c000-7f31c578d000 rw-p 0003d000 08:03 1314971                    /lib/x86_64-linux-gnu/libpcre.so.3.13.1
7f31c578d000-7f31c57b2000 r-xp 00000000 08:03 1314983                    /lib/x86_64-linux-gnu/libpng12.so.0.50.0
7f31c57b2000-7f31c59b1000 ---p 00025000 08:03 1314983                    /lib/x86_64-linux-gnu/libpng12.so.0.50.0
7f31c59b1000-7f31c59b2000 r--p 00024000 08:03 1314983                    /lib/x86_64-linux-gnu/libpng12.so.0.50.0
7f31c59b2000-7f31c59b3000 rw-p 00025000 08:03 1314983                    /lib/x86_64-linux-gnu/libpng12.so.0.50.0
7f31c59b3000-7f31c59f7000 r-xp 00000000 08:03 1314882                    /lib/x86_64-linux-gnu/libdbus-1.so.3.7.6
7f31c59f7000-7f31c5bf6000 ---p 00044000 08:03 1314882                    /lib/x86_64-linux-gnu/libdbus-1.so.3.7.6
7f31c5bf6000-7f31c5bf7000 r--p 00043000 08:03 1314882                    /lib/x86_64-linux-gnu/libdbus-1.so.3.7.6
7f31c5bf7000-7f31c5bf8000 rw-p 00044000 08:03 1314882                    /lib/x86_64-linux-gnu/libdbus-1.so.3.7.6
7f31c5bf8000-7f31c5c33000 r-xp 00000000 08:03 2238546                    /usr/lib/x86_64-linux-gnu/libp11-kit.so.0.0.0
7f31c5c33000-7f31c5e32000 ---p 0003b000 08:03 2238546                    /usr/lib/x86_64-linux-gnu/libp11-kit.so.0.0.0
7f31c5e32000-7f31c5e38000 r--p 0003a000 08:03 2238546                    /usr/lib/x86_64-linux-gnu/libp11-kit.so.0.0.0
7f31c5e38000-7f31c5e3a000 rw-p 00040000 08:03 2238546                    /usr/lib/x86_64-linux-gnu/libp11-kit.so.0.0.0
7f31c5e3a000-7f31c5e4c000 r-xp 00000000 08:03 2248544                    /usr/lib/x86_64-linux-gnu/libtasn1.so.6.2.0
7f31c5e4c000-7f31c604c000 ---p 00012000 08:03 2248544                    /usr/lib/x86_64-linux-gnu/libtasn1.so.6.2.0
7f31c604c000-7f31c604d000 r--p 00012000 08:03 2248544                    /usr/lib/x86_64-linux-gnu/libtasn1.so.6.2.0
7f31c604d000-7f31c604e000 rw-p 00013000 08:03 2248544                    /usr/lib/x86_64-linux-gnu/libtasn1.so.6.2.0
7f31c604e000-7f31c60ca000 r-xp 00000000 08:03 1314892                    /lib/x86_64-linux-gnu/libgcrypt.so.11.8.2
7f31c60ca000-7f31c62ca000 ---p 0007c000 08:03 1314892                    /lib/x86_64-linux-gnu/libgcrypt.so.11.8.2
7f31c62ca000-7f31c62cb000 r--p 0007c000 08:03 1314892                    /lib/x86_64-linux-gnu/libgcrypt.so.11.8.2
7f31c62cb000-7f31c62ce000 rw-p 0007d000 08:03 1314892                    /lib/x86_64-linux-gnu/libgcrypt.so.11.8.2
7f31c62ce000-7f31c62d8000 r-xp 00000000 08:03 2238429                    /usr/lib/x86_64-linux-gnu/libkrb5support.so.0.1
7f31c62d8000-7f31c64d7000 ---p 0000a000 08:03 2238429                    /usr/lib/x86_64-linux-gnu/libkrb5support.so.0.1
7f31c64d7000-7f31c64d8000 r--p 00009000 08:03 2238429                    /usr/lib/x86_64-linux-gnu/libkrb5support.so.0.1
7f31c64d8000-7f31c64d9000 rw-p 0000a000 08:03 2238429                    /usr/lib/x86_64-linux-gnu/libkrb5support.so.0.1
7f31c64d9000-7f31c64dc000 r-xp 00000000 08:03 1314887                    /lib/x86_64-linux-gnu/libcom_err.so.2.1
7f31c64dc000-7f31c66db000 ---p 00003000 08:03 1314887                    /lib/x86_64-linux-gnu/libcom_err.so.2.1
7f31c66db000-7f31c66dc000 r--p 00002000 08:03 1314887                    /lib/x86_64-linux-gnu/libcom_err.so.2.1
7f31c66dc000-7f31c66dd000 rw-p 00003000 08:03 1314887                    /lib/x86_64-linux-gnu/libcom_err.so.2.1
7f31c66dd000-7f31c6709000 r-xp 00000000 08:03 2238423                    /usr/lib/x86_64-linux-gnu/libk5crypto.so.3.1
7f31c6709000-7f31c6908000 ---p 0002c000 08:03 2238423                    /usr/lib/x86_64-linux-gnu/libk5crypto.so.3.1
7f31c6908000-7f31c690a000 r--p 0002b000 08:03 2238423                    /usr/lib/x86_64-linux-gnu/libk5crypto.so.3.1
7f31c690a000-7f31c690b000 rw-p 0002d000 08:03 2238423                    /usr/lib/x86_64-linux-gnu/libk5crypto.so.3.1
7f31c690b000-7f31c690c000 rw-p 00000000 00:00 0 
7f31c690c000-7f31c69c8000 r-xp 00000000 08:03 2238427                    /usr/lib/x86_64-linux-gnu/libkrb5.so.3.3
7f31c69c8000-7f31c6bc8000 ---p 000bc000 08:03 2238427                    /usr/lib/x86_64-linux-gnu/libkrb5.so.3.3
7f31c6bc8000-7f31c6bd5000 r--p 000bc000 08:03 2238427                    /usr/lib/x86_64-linux-gnu/libkrb5.so.3.3
7f31c6bd5000-7f31c6bd7000 rw-p 000c9000 08:03 2238427                    /usr/lib/x86_64-linux-gnu/libkrb5.so.3.3
7f31c6bd7000-7f31c6bdc000 r-xp 00000000 08:03 2237830                    /usr/lib/x86_64-linux-gnu/libXdmcp.so.6.0.0
7f31c6bdc000-7f31c6ddb000 ---p 00005000 08:03 2237830                    /usr/lib/x86_64-linux-gnu/libXdmcp.so.6.0.0
7f31c6ddb000-7f31c6ddc000 r--p 00004000 08:03 2237830                    /usr/lib/x86_64-linux-gnu/libXdmcp.so.6.0.0
7f31c6ddc000-7f31c6ddd000 rw-p 00005000 08:03 2237830                    /usr/lib/x86_64-linux-gnu/libXdmcp.so.6.0.0
7f31c6ddd000-7f31c6ddf000 r-xp 00000000 08:03 2237819                    /usr/lib/x86_64-linux-gnu/libXau.so.6.0.0
7f31c6ddf000-7f31c6fdf000 ---p 00002000 08:03 2237819                    /usr/lib/x86_64-linux-gnu/libXau.so.6.0.0
7f31c6fdf000-7f31c6fe0000 r--p 00002000 08:03 2237819                    /usr/lib/x86_64-linux-gnu/libXau.so.6.0.0
7f31c6fe0000-7f31c6fe1000 rw-p 00003000 08:03 2237819                    /usr/lib/x86_64-linux-gnu/libXau.so.6.0.0
7f31c6fe1000-7f31c6fe8000 r-xp 00000000 08:03 2238101                    /usr/lib/x86_64-linux-gnu/libffi.so.6.0.1
7f31c6fe8000-7f31c71e7000 ---p 00007000 08:03 2238101                    /usr/lib/x86_64-linux-gnu/libffi.so.6.0.1
7f31c71e7000-7f31c71e8000 r--p 00006000 08:03 2238101                    /usr/lib/x86_64-linux-gnu/libffi.so.6.0.1
7f31c71e8000-7f31c71e9000 rw-p 00007000 08:03 2238101                    /usr/lib/x86_64-linux-gnu/libffi.so.6.0.1
7f31c71e9000-7f31c7200000 r-xp 00000000 08:03 1310725                    /lib/x86_64-linux-gnu/libresolv-2.19.so
7f31c7200000-7f31c7400000 ---p 00017000 08:03 1310725                    /lib/x86_64-linux-gnu/libresolv-2.19.so
7f31c7400000-7f31c7401000 r--p 00017000 08:03 1310725                    /lib/x86_64-linux-gnu/libresolv-2.19.so
7f31c7401000-7f31c7402000 rw-p 00018000 08:03 1310725                    /lib/x86_64-linux-gnu/libresolv-2.19.so
7f31c7402000-7f31c7404000 rw-p 00000000 00:00 0 
7f31c7404000-7f31c7424000 r-xp 00000000 08:03 1314998                    /lib/x86_64-linux-gnu/libselinux.so.1
7f31c7424000-7f31c7623000 ---p 00020000 08:03 1314998                    /lib/x86_64-linux-gnu/libselinux.so.1
7f31c7623000-7f31c7624000 r--p 0001f000 08:03 1314998                    /lib/x86_64-linux-gnu/libselinux.so.1
7f31c7624000-7f31c7625000 rw-p 00020000 08:03 1314998                    /lib/x86_64-linux-gnu/libselinux.so.1
7f31c7625000-7f31c7627000 rw-p 00000000 00:00 0 
7f31c7627000-7f31c772d000 r-xp 00000000 08:03 1314899                    /lib/x86_64-linux-gnu/libglib-2.0.so.0.4002.0
7f31c772d000-7f31c792c000 ---p 00106000 08:03 1314899                    /lib/x86_64-linux-gnu/libglib-2.0.so.0.4002.0
7f31c792c000-7f31c792d000 r--p 00105000 08:03 1314899                    /lib/x86_64-linux-gnu/libglib-2.0.so.0.4002.0
7f31c792d000-7f31c792e000 rw-p 00106000 08:03 1314899                    /lib/x86_64-linux-gnu/libglib-2.0.so.0.4002.0
7f31c792e000-7f31c792f000 rw-p 00000000 00:00 0 
7f31c792f000-7f31c7932000 r-xp 00000000 08:03 2238214                    /usr/lib/x86_64-linux-gnu/libgmodule-2.0.so.0.4002.0
7f31c7932000-7f31c7b31000 ---p 00003000 08:03 2238214                    /usr/lib/x86_64-linux-gnu/libgmodule-2.0.so.0.4002.0
7f31c7b31000-7f31c7b32000 r--p 00002000 08:03 2238214                    /usr/lib/x86_64-linux-gnu/libgmodule-2.0.so.0.4002.0
7f31c7b32000-7f31c7b33000 rw-p 00003000 08:03 2238214                    /usr/lib/x86_64-linux-gnu/libgmodule-2.0.so.0.4002.0
7f31c7b33000-7f31c7b5a000 r-xp 00000000 08:03 1314890                    /lib/x86_64-linux-gnu/libexpat.so.1.6.0
7f31c7b5a000-7f31c7d5a000 ---p 00027000 08:03 1314890                    /lib/x86_64-linux-gnu/libexpat.so.1.6.0
7f31c7d5a000-7f31c7d5c000 r--p 00027000 08:03 1314890                    /lib/x86_64-linux-gnu/libexpat.so.1.6.0
7f31c7d5c000-7f31c7d5d000 rw-p 00029000 08:03 1314890                    /lib/x86_64-linux-gnu/libexpat.so.1.6.0
7f31c7d5d000-7f31c7dfa000 r-xp 00000000 08:03 2248658                    /usr/lib/x86_64-linux-gnu/libfreetype.so.6.11.1
7f31c7dfa000-7f31c7ff9000 ---p 0009d000 08:03 2248658                    /usr/lib/x86_64-linux-gnu/libfreetype.so.6.11.1
7f31c7ff9000-7f31c7fff000 r--p 0009c000 08:03 2248658                    /usr/lib/x86_64-linux-gnu/libfreetype.so.6.11.1
7f31c7fff000-7f31c8000000 rw-p 000a2000 08:03 2248658                    /usr/lib/x86_64-linux-gnu/libfreetype.so.6.11.1
7f31c8000000-7f31c8a4b000 rw-p 00000000 00:00 0 
7f31c8a4b000-7f31cc000000 ---p 00000000 00:00 0 
7f31cc0fc000-7f31cc10b000 r-xp 00000000 08:03 2237923                    /usr/lib/x86_64-linux-gnu/libavahi-client.so.3.2.9
7f31cc10b000-7f31cc30b000 ---p 0000f000 08:03 2237923                    /usr/lib/x86_64-linux-gnu/libavahi-client.so.3.2.9
7f31cc30b000-7f31cc30c000 r--p 0000f000 08:03 2237923                    /usr/lib/x86_64-linux-gnu/libavahi-client.so.3.2.9
7f31cc30c000-7f31cc30d000 rw-p 00010000 08:03 2237923                    /usr/lib/x86_64-linux-gnu/libavahi-client.so.3.2.9
7f31cc30d000-7f31cc318000 r-xp 00000000 08:03 2237925                    /usr/lib/x86_64-linux-gnu/libavahi-common.so.3.5.3
7f31cc318000-7f31cc517000 ---p 0000b000 08:03 2237925                    /usr/lib/x86_64-linux-gnu/libavahi-common.so.3.5.3
7f31cc517000-7f31cc518000 r--p 0000a000 08:03 2237925                    /usr/lib/x86_64-linux-gnu/libavahi-common.so.3.5.3
7f31cc518000-7f31cc519000 rw-p 0000b000 08:03 2237925                    /usr/lib/x86_64-linux-gnu/libavahi-common.so.3.5.3
7f31cc519000-7f31cc5cf000 r-xp 00000000 08:03 2228851                    /usr/lib/x86_64-linux-gnu/libgnutls.so.26.22.6
7f31cc5cf000-7f31cc7cf000 ---p 000b6000 08:03 2228851                    /usr/lib/x86_64-linux-gnu/libgnutls.so.26.22.6
7f31cc7cf000-7f31cc7d5000 r--p 000b6000 08:03 2228851                    /usr/lib/x86_64-linux-gnu/libgnutls.so.26.22.6
7f31cc7d5000-7f31cc7d6000 rw-p 000bc000 08:03 2228851                    /usr/lib/x86_64-linux-gnu/libgnutls.so.26.22.6
7f31cc7d6000-7f31cc7d7000 rw-p 00000000 00:00 0 
7f31cc7d7000-7f31cc81a000 r-xp 00000000 08:03 2238257                    /usr/lib/x86_64-linux-gnu/libgssapi_krb5.so.2.2
7f31cc81a000-7f31cca1a000 ---p 00043000 08:03 2238257                    /usr/lib/x86_64-linux-gnu/libgssapi_krb5.so.2.2
7f31cca1a000-7f31cca1b000 r--p 00043000 08:03 2238257                    /usr/lib/x86_64-linux-gnu/libgssapi_krb5.so.2.2
7f31cca1b000-7f31cca1d000 rw-p 00044000 08:03 2238257                    /usr/lib/x86_64-linux-gnu/libgssapi_krb5.so.2.2
7f31cca1d000-7f31cca3a000 r-xp 00000000 08:03 2238887                    /usr/lib/x86_64-linux-gnu/libxcb.so.1.1.0
7f31cca3a000-7f31ccc3a000 ---p 0001d000 08:03 2238887                    /usr/lib/x86_64-linux-gnu/libxcb.so.1.1.0
7f31ccc3a000-7f31ccc3b000 r--p 0001d000 08:03 2238887                    /usr/lib/x86_64-linux-gnu/libxcb.so.1.1.0
7f31ccc3b000-7f31ccc3c000 rw-p 0001e000 08:03 2238887                    /usr/lib/x86_64-linux-gnu/libxcb.so.1.1.0
7f31ccc3c000-7f31ccc8b000 r-xp 00000000 08:03 2238230                    /usr/lib/x86_64-linux-gnu/libgobject-2.0.so.0.4002.0
7f31ccc8b000-7f31cce8b000 ---p 0004f000 08:03 2238230                    /usr/lib/x86_64-linux-gnu/libgobject-2.0.so.0.4002.0
7f31cce8b000-7f31cce8c000 r--p 0004f000 08:03 2238230                    /usr/lib/x86_64-linux-gnu/libgobject-2.0.so.0.4002.0
7f31cce8c000-7f31cce8d000 rw-p 00050000 08:03 2238230                    /usr/lib/x86_64-linux-gnu/libgobject-2.0.so.0.4002.0
7f31cce8d000-7f31ccff9000 r-xp 00000000 08:03 2238202                    /usr/lib/x86_64-linux-gnu/libgio-2.0.so.0.4002.0
7f31ccff9000-7f31cd1f8000 ---p 0016c000 08:03 2238202                    /usr/lib/x86_64-linux-gnu/libgio-2.0.so.0.4002.0
7f31cd1f8000-7f31cd1fc000 r--p 0016b000 08:03 2238202                    /usr/lib/x86_64-linux-gnu/libgio-2.0.so.0.4002.0
7f31cd1fc000-7f31cd1fe000 rw-p 0016f000 08:03 2238202                    /usr/lib/x86_64-linux-gnu/libgio-2.0.so.0.4002.0
7f31cd1fe000-7f31cd200000 rw-p 00000000 00:00 0 
7f31cd200000-7f31cd23a000 r-xp 00000000 08:03 2238115                    /usr/lib/x86_64-linux-gnu/libfontconfig.so.1.8.0
7f31cd23a000-7f31cd439000 ---p 0003a000 08:03 2238115                    /usr/lib/x86_64-linux-gnu/libfontconfig.so.1.8.0
7f31cd439000-7f31cd43b000 r--p 00039000 08:03 2238115                    /usr/lib/x86_64-linux-gnu/libfontconfig.so.1.8.0
7f31cd43b000-7f31cd43c000 rw-p 0003b000 08:03 2238115                    /usr/lib/x86_64-linux-gnu/libfontconfig.so.1.8.0
7f31cd43c000-7f31cd4a8000 r-xp 00000000 08:03 2228346                    /usr/lib/x86_64-linux-gnu/libcups.so.2
7f31cd4a8000-7f31cd6a8000 ---p 0006c000 08:03 2228346                    /usr/lib/x86_64-linux-gnu/libcups.so.2
7f31cd6a8000-7f31cd6af000 r--p 0006c000 08:03 2228346                    /usr/lib/x86_64-linux-gnu/libcups.so.2
7f31cd6af000-7f31cd6b0000 rw-p 00073000 08:03 2228346                    /usr/lib/x86_64-linux-gnu/libcups.so.2
7f31cd6b0000-7f31cd6bf000 r-xp 00000000 08:03 2237833                    /usr/lib/x86_64-linux-gnu/libXi.so.6.1.0
7f31cd6bf000-7f31cd8be000 ---p 0000f000 08:03 2237833                    /usr/lib/x86_64-linux-gnu/libXi.so.6.1.0
7f31cd8be000-7f31cd8bf000 r--p 0000e000 08:03 2237833                    /usr/lib/x86_64-linux-gnu/libXi.so.6.1.0
7f31cd8bf000-7f31cd8c0000 rw-p 0000f000 08:03 2237833                    /usr/lib/x86_64-linux-gnu/libXi.so.6.1.0
7f31cd8c0000-7f31cd8c5000 r-xp 00000000 08:03 2237860                    /usr/lib/x86_64-linux-gnu/libXtst.so.6.1.0
7f31cd8c5000-7f31cdac4000 ---p 00005000 08:03 2237860                    /usr/lib/x86_64-linux-gnu/libXtst.so.6.1.0
7f31cdac4000-7f31cdac5000 r--p 00004000 08:03 2237860                    /usr/lib/x86_64-linux-gnu/libXtst.so.6.1.0
7f31cdac5000-7f31cdac6000 rw-p 00005000 08:03 2237860                    /usr/lib/x86_64-linux-gnu/libXtst.so.6.1.0
7f31cdac6000-7f31cdacf000 r-xp 00000000 08:03 2237839                    /usr/lib/x86_64-linux-gnu/libXrender.so.1.3.0
7f31cdacf000-7f31cdcce000 ---p 00009000 08:03 2237839                    /usr/lib/x86_64-linux-gnu/libXrender.so.1.3.0
7f31cdcce000-7f31cdccf000 r--p 00008000 08:03 2237839                    /usr/lib/x86_64-linux-gnu/libXrender.so.1.3.0
7f31cdccf000-7f31cdcd0000 rw-p 00009000 08:03 2237839                    /usr/lib/x86_64-linux-gnu/libXrender.so.1.3.0
7f31cdcd0000-7f31d0000000 rw-p 00000000 00:00 0 
7f31d0000000-7f31d0a52000 rw-p 00000000 00:00 0 
7f31d0a52000-7f31d4000000 ---p 00000000 00:00 0 
7f31d4097000-7f31d41c7000 r-xp 00000000 08:03 2237815                    /usr/lib/x86_64-linux-gnu/libX11.so.6.3.0
7f31d41c7000-7f31d43c7000 ---p 00130000 08:03 2237815                    /usr/lib/x86_64-linux-gnu/libX11.so.6.3.0
7f31d43c7000-7f31d43c8000 r--p 00130000 08:03 2237815                    /usr/lib/x86_64-linux-gnu/libX11.so.6.3.0
7f31d43c8000-7f31d43cc000 rw-p 00131000 08:03 2237815                    /usr/lib/x86_64-linux-gnu/libX11.so.6.3.0
7f31d43cc000-7f31d43dd000 r-xp 00000000 08:03 2237620                    /usr/lib/x86_64-linux-gnu/libXext.so.6.4.0
7f31d43dd000-7f31d45dc000 ---p 00011000 08:03 2237620                    /usr/lib/x86_64-linux-gnu/libXext.so.6.4.0
7f31d45dc000-7f31d45dd000 r--p 00010000 08:03 2237620                    /usr/lib/x86_64-linux-gnu/libXext.so.6.4.0
7f31d45dd000-7f31d45de000 rw-p 00011000 08:03 2237620                    /usr/lib/x86_64-linux-gnu/libXext.so.6.4.0
7f31d45de000-7f31d4626000 r-xp 00000000 08:03 2375805                    /usr/lib/jvm/java-7-openjdk-amd64/jre/lib/amd64/xawt/libmawt.so
7f31d4626000-7f31d4825000 ---p 00048000 08:03 2375805                    /usr/lib/jvm/java-7-openjdk-amd64/jre/lib/amd64/xawt/libmawt.so
7f31d4825000-7f31d4826000 r--p 00047000 08:03 2375805                    /usr/lib/jvm/java-7-openjdk-amd64/jre/lib/amd64/xawt/libmawt.so
7f31d4826000-7f31d4829000 rw-p 00048000 08:03 2375805                    /usr/lib/jvm/java-7-openjdk-amd64/jre/lib/amd64/xawt/libmawt.so
7f31d4829000-7f31d482a000 rw-p 00000000 00:00 0 
7f31d482a000-7f31d48ca000 r-xp 00000000 08:03 2373578                    /usr/lib/jvm/java-7-openjdk-amd64/jre/lib/amd64/libawt.so
7f31d48ca000-7f31d4aca000 ---p 000a0000 08:03 2373578                    /usr/lib/jvm/java-7-openjdk-amd64/jre/lib/amd64/libawt.so
7f31d4aca000-7f31d4acb000 r--p 000a0000 08:03 2373578                    /usr/lib/jvm/java-7-openjdk-amd64/jre/lib/amd64/libawt.so
7f31d4acb000-7f31d4ad6000 rw-p 000a1000 08:03 2373578                    /usr/lib/jvm/java-7-openjdk-amd64/jre/lib/amd64/libawt.so
7f31d4ad6000-7f31d4afb000 rw-p 00000000 00:00 0 
7f31d4afb000-7f31d4afc000 ---p 00000000 00:00 0 
7f31d4afc000-7f31d4bfc000 rw-p 00000000 00:00 0                          [stack:6742]
7f31d4bfc000-7f31d4bff000 ---p 00000000 00:00 0 
7f31d4bff000-7f31d4cfd000 rw-p 00000000 00:00 0                          [stack:6741]
7f31d4cfd000-7f31d4d00000 ---p 00000000 00:00 0 
7f31d4d00000-7f31d4dfe000 rw-p 00000000 00:00 0                          [stack:6740]
7f31d4dfe000-7f31d4e01000 ---p 00000000 00:00 0 
7f31d4e01000-7f31d4eff000 rw-p 00000000 00:00 0                          [stack:6739]
7f31d4eff000-7f31d4f02000 ---p 00000000 00:00 0 
7f31d4f02000-7f31d5000000 rw-p 00000000 00:00 0                          [stack:6738]
7f31d5000000-7f31d5270000 rwxp 00000000 00:00 0 
7f31d5270000-7f31d81fd000 rw-p 00000000 00:00 0 
7f31d81fd000-7f31dc000000 ---p 00000000 00:00 0 
7f31dc08d000-7f31dc097000 r--s 000ae000 08:03 2373575                    /usr/lib/jvm/java-7-openjdk-amd64/jre/lib/resources.jar
7f31dc097000-7f31dc8e9000 r--p 00000000 08:03 2236391                    /usr/lib/locale/locale-archive
7f31dc8e9000-7f31dc8ec000 ---p 00000000 00:00 0 
7f31dc8ec000-7f31dc9ea000 rw-p 00000000 00:00 0                          [stack:6737]
7f31dc9ea000-7f31dc9ed000 ---p 00000000 00:00 0 
7f31dc9ed000-7f31dcaeb000 rw-p 00000000 00:00 0                          [stack:6736]
7f31dcaeb000-7f31dcaec000 ---p 00000000 00:00 0 
7f31dcaec000-7f31ddbe9000 rw-p 00000000 00:00 0                          [stack:6735]
7f31ddbe9000-7f31ddd9a000 r--s 01d27000 08:03 2373615                    /usr/lib/jvm/java-7-openjdk-amd64/jre/lib/rt.jar
7f31ddd9a000-7f31de0c6000 rw-p 00000000 00:00 0 
7f31de0c6000-7f31de0c7000 ---p 00000000 00:00 0 
7f31de0c7000-7f31de1c7000 rw-p 00000000 00:00 0                          [stack:6734]
7f31de1c7000-7f31de1c8000 ---p 00000000 00:00 0 
7f31de1c8000-7f31de2c8000 rw-p 00000000 00:00 0                          [stack:6733]
7f31de2c8000-7f31de2c9000 ---p 00000000 00:00 0 
7f31de2c9000-7f31de3c9000 rw-p 00000000 00:00 0                          [stack:6732]
7f31de3c9000-7f31de3ca000 ---p 00000000 00:00 0 
7f31de3ca000-7f31de4d5000 rw-p 00000000 00:00 0                          [stack:6731]
7f31de4d5000-7f31de51d000 rw-p 00000000 00:00 0 
7f31de51d000-7f31de65d000 rw-p 00000000 00:00 0 
7f31de65d000-7f31de668000 rw-p 00000000 00:00 0 
7f31de668000-7f31de6b0000 rw-p 00000000 00:00 0 
7f31de6b0000-7f31de7f0000 rw-p 00000000 00:00 0 
7f31de7f0000-7f31de802000 rw-p 00000000 00:00 0 
7f31de802000-7f31de890000 rw-p 00000000 00:00 0 
7f31de890000-7f31de891000 rw-p 00000000 00:00 0 
7f31de891000-7f31de899000 r-xp 00000000 08:03 2373590                    /usr/lib/jvm/java-7-openjdk-amd64/jre/lib/amd64/libzip.so
7f31de899000-7f31dea98000 ---p 00008000 08:03 2373590                    /usr/lib/jvm/java-7-openjdk-amd64/jre/lib/amd64/libzip.so
7f31dea98000-7f31dea99000 r--p 00007000 08:03 2373590                    /usr/lib/jvm/java-7-openjdk-amd64/jre/lib/amd64/libzip.so
7f31dea99000-7f31dea9a000 rw-p 00008000 08:03 2373590                    /usr/lib/jvm/java-7-openjdk-amd64/jre/lib/amd64/libzip.so
7f31dea9a000-7f31deaa5000 r-xp 00000000 08:03 1310739                    /lib/x86_64-linux-gnu/libnss_files-2.19.so
7f31deaa5000-7f31deca4000 ---p 0000b000 08:03 1310739                    /lib/x86_64-linux-gnu/libnss_files-2.19.so
7f31deca4000-7f31deca5000 r--p 0000a000 08:03 1310739                    /lib/x86_64-linux-gnu/libnss_files-2.19.so
7f31deca5000-7f31deca6000 rw-p 0000b000 08:03 1310739                    /lib/x86_64-linux-gnu/libnss_files-2.19.so
7f31deca6000-7f31decb1000 r-xp 00000000 08:03 1314776                    /lib/x86_64-linux-gnu/libnss_nis-2.19.so
7f31decb1000-7f31deeb0000 ---p 0000b000 08:03 1314776                    /lib/x86_64-linux-gnu/libnss_nis-2.19.so
7f31deeb0000-7f31deeb1000 r--p 0000a000 08:03 1314776                    /lib/x86_64-linux-gnu/libnss_nis-2.19.so
7f31deeb1000-7f31deeb2000 rw-p 0000b000 08:03 1314776                    /lib/x86_64-linux-gnu/libnss_nis-2.19.so
7f31deeb2000-7f31deec9000 r-xp 00000000 08:03 1310814                    /lib/x86_64-linux-gnu/libnsl-2.19.so
7f31deec9000-7f31df0c8000 ---p 00017000 08:03 1310814                    /lib/x86_64-linux-gnu/libnsl-2.19.so
7f31df0c8000-7f31df0c9000 r--p 00016000 08:03 1310814                    /lib/x86_64-linux-gnu/libnsl-2.19.so
7f31df0c9000-7f31df0ca000 rw-p 00017000 08:03 1310814                    /lib/x86_64-linux-gnu/libnsl-2.19.so
7f31df0ca000-7f31df0cc000 rw-p 00000000 00:00 0 
7f31df0cc000-7f31df0d5000 r-xp 00000000 08:03 1310813                    /lib/x86_64-linux-gnu/libnss_compat-2.19.so
7f31df0d5000-7f31df2d4000 ---p 00009000 08:03 1310813                    /lib/x86_64-linux-gnu/libnss_compat-2.19.so
7f31df2d4000-7f31df2d5000 r--p 00008000 08:03 1310813                    /lib/x86_64-linux-gnu/libnss_compat-2.19.so
7f31df2d5000-7f31df2d6000 rw-p 00009000 08:03 1310813                    /lib/x86_64-linux-gnu/libnss_compat-2.19.so
7f31df2d6000-7f31df301000 r-xp 00000000 08:03 2373608                    /usr/lib/jvm/java-7-openjdk-amd64/jre/lib/amd64/libjava.so
7f31df301000-7f31df501000 ---p 0002b000 08:03 2373608                    /usr/lib/jvm/java-7-openjdk-amd64/jre/lib/amd64/libjava.so
7f31df501000-7f31df502000 r--p 0002b000 08:03 2373608                    /usr/lib/jvm/java-7-openjdk-amd64/jre/lib/amd64/libjava.so
7f31df502000-7f31df504000 rw-p 0002c000 08:03 2373608                    /usr/lib/jvm/java-7-openjdk-amd64/jre/lib/amd64/libjava.so
7f31df504000-7f31df514000 r-xp 00000000 08:03 2373604                    /usr/lib/jvm/java-7-openjdk-amd64/jre/lib/amd64/libverify.so
7f31df514000-7f31df713000 ---p 00010000 08:03 2373604                    /usr/lib/jvm/java-7-openjdk-amd64/jre/lib/amd64/libverify.so
7f31df713000-7f31df715000 r--p 0000f000 08:03 2373604                    /usr/lib/jvm/java-7-openjdk-amd64/jre/lib/amd64/libverify.so
7f31df715000-7f31df716000 rw-p 00011000 08:03 2373604                    /usr/lib/jvm/java-7-openjdk-amd64/jre/lib/amd64/libverify.so
7f31df716000-7f31df71d000 r-xp 00000000 08:03 1310822                    /lib/x86_64-linux-gnu/librt-2.19.so
7f31df71d000-7f31df91c000 ---p 00007000 08:03 1310822                    /lib/x86_64-linux-gnu/librt-2.19.so
7f31df91c000-7f31df91d000 r--p 00006000 08:03 1310822                    /lib/x86_64-linux-gnu/librt-2.19.so
7f31df91d000-7f31df91e000 rw-p 00007000 08:03 1310822                    /lib/x86_64-linux-gnu/librt-2.19.so
7f31df91e000-7f31df934000 r-xp 00000000 08:03 1314895                    /lib/x86_64-linux-gnu/libgcc_s.so.1
7f31df934000-7f31dfb33000 ---p 00016000 08:03 1314895                    /lib/x86_64-linux-gnu/libgcc_s.so.1
7f31dfb33000-7f31dfb34000 rw-p 00015000 08:03 1314895                    /lib/x86_64-linux-gnu/libgcc_s.so.1
7f31dfb34000-7f31dfc39000 r-xp 00000000 08:03 1310735                    /lib/x86_64-linux-gnu/libm-2.19.so
7f31dfc39000-7f31dfe38000 ---p 00105000 08:03 1310735                    /lib/x86_64-linux-gnu/libm-2.19.so
7f31dfe38000-7f31dfe39000 r--p 00104000 08:03 1310735                    /lib/x86_64-linux-gnu/libm-2.19.so
7f31dfe39000-7f31dfe3a000 rw-p 00105000 08:03 1310735                    /lib/x86_64-linux-gnu/libm-2.19.so
7f31dfe3a000-7f31dff20000 r-xp 00000000 08:03 2238723                    /usr/lib/x86_64-linux-gnu/libstdc++.so.6.0.19
7f31dff20000-7f31e011f000 ---p 000e6000 08:03 2238723                    /usr/lib/x86_64-linux-gnu/libstdc++.so.6.0.19
7f31e011f000-7f31e0127000 r--p 000e5000 08:03 2238723                    /usr/lib/x86_64-linux-gnu/libstdc++.so.6.0.19
7f31e0127000-7f31e0129000 rw-p 000ed000 08:03 2238723                    /usr/lib/x86_64-linux-gnu/libstdc++.so.6.0.19
7f31e0129000-7f31e013e000 rw-p 00000000 00:00 0 
7f31e013e000-7f31e0c56000 r-xp 00000000 08:03 2373613                    /usr/lib/jvm/java-7-openjdk-amd64/jre/lib/amd64/server/libjvm.so
7f31e0c56000-7f31e0e56000 ---p 00b18000 08:03 2373613                    /usr/lib/jvm/java-7-openjdk-amd64/jre/lib/amd64/server/libjvm.so
7f31e0e56000-7f31e0ef0000 r--p 00b18000 08:03 2373613                    /usr/lib/jvm/java-7-openjdk-amd64/jre/lib/amd64/server/libjvm.so
7f31e0ef0000-7f31e0f13000 rw-p 00bb2000 08:03 2373613                    /usr/lib/jvm/java-7-openjdk-amd64/jre/lib/amd64/server/libjvm.so
7f31e0f13000-7f31e0f41000 rw-p 00000000 00:00 0 
7f31e0f41000-7f31e0f59000 r-xp 00000000 08:03 1315031                    /lib/x86_64-linux-gnu/libz.so.1.2.8
7f31e0f59000-7f31e1158000 ---p 00018000 08:03 1315031                    /lib/x86_64-linux-gnu/libz.so.1.2.8
7f31e1158000-7f31e1159000 r--p 00017000 08:03 1315031                    /lib/x86_64-linux-gnu/libz.so.1.2.8
7f31e1159000-7f31e115a000 rw-p 00018000 08:03 1315031                    /lib/x86_64-linux-gnu/libz.so.1.2.8
7f31e115a000-7f31e1173000 r-xp 00000000 08:03 1310820                    /lib/x86_64-linux-gnu/libpthread-2.19.so
7f31e1173000-7f31e1372000 ---p 00019000 08:03 1310820                    /lib/x86_64-linux-gnu/libpthread-2.19.so
7f31e1372000-7f31e1373000 r--p 00018000 08:03 1310820                    /lib/x86_64-linux-gnu/libpthread-2.19.so
7f31e1373000-7f31e1374000 rw-p 00019000 08:03 1310820                    /lib/x86_64-linux-gnu/libpthread-2.19.so
7f31e1374000-7f31e1378000 rw-p 00000000 00:00 0 
7f31e1378000-7f31e137b000 r-xp 00000000 08:03 1310750                    /lib/x86_64-linux-gnu/libdl-2.19.so
7f31e137b000-7f31e157a000 ---p 00003000 08:03 1310750                    /lib/x86_64-linux-gnu/libdl-2.19.so
7f31e157a000-7f31e157b000 r--p 00002000 08:03 1310750                    /lib/x86_64-linux-gnu/libdl-2.19.so
7f31e157b000-7f31e157c000 rw-p 00003000 08:03 1310750                    /lib/x86_64-linux-gnu/libdl-2.19.so
7f31e157c000-7f31e1737000 r-xp 00000000 08:03 1310819                    /lib/x86_64-linux-gnu/libc-2.19.so
7f31e1737000-7f31e1936000 ---p 001bb000 08:03 1310819                    /lib/x86_64-linux-gnu/libc-2.19.so
7f31e1936000-7f31e193a000 r--p 001ba000 08:03 1310819                    /lib/x86_64-linux-gnu/libc-2.19.so
7f31e193a000-7f31e193c000 rw-p 001be000 08:03 1310819                    /lib/x86_64-linux-gnu/libc-2.19.so
7f31e193c000-7f31e1941000 rw-p 00000000 00:00 0 
7f31e1941000-7f31e194e000 r-xp 00000000 08:03 2373582                    /usr/lib/jvm/java-7-openjdk-amd64/jre/lib/amd64/jli/libjli.so
7f31e194e000-7f31e1b4d000 ---p 0000d000 08:03 2373582                    /usr/lib/jvm/java-7-openjdk-amd64/jre/lib/amd64/jli/libjli.so
7f31e1b4d000-7f31e1b4e000 r--p 0000c000 08:03 2373582                    /usr/lib/jvm/java-7-openjdk-amd64/jre/lib/amd64/jli/libjli.so
7f31e1b4e000-7f31e1b4f000 rw-p 0000d000 08:03 2373582                    /usr/lib/jvm/java-7-openjdk-amd64/jre/lib/amd64/jli/libjli.so
7f31e1b4f000-7f31e1b72000 r-xp 00000000 08:03 1310816                    /lib/x86_64-linux-gnu/ld-2.19.so
7f31e1b75000-7f31e1b76000 rw-p 00000000 00:00 0 
7f31e1b76000-7f31e1b79000 r--s 0000f000 08:03 2373618                    /usr/lib/jvm/java-7-openjdk-amd64/jre/lib/ext/icedtea-sound.jar
7f31e1b79000-7f31e1b99000 rw-p 00000000 00:00 0 
7f31e1b99000-7f31e1c4f000 rw-p 00000000 00:00 0 
7f31e1c4f000-7f31e1c52000 ---p 00000000 00:00 0 
7f31e1c52000-7f31e1d55000 rw-p 00000000 00:00 0                          [stack:6730]
7f31e1d55000-7f31e1d59000 r--s 00034000 08:03 2373623                    /usr/lib/jvm/java-7-openjdk-amd64/jre/lib/ext/sunjce_provider.jar
7f31e1d59000-7f31e1d5d000 r--s 0003c000 08:03 2373621                    /usr/lib/jvm/java-7-openjdk-amd64/jre/lib/ext/sunpkcs11.jar
7f31e1d5d000-7f31e1d5e000 r--s 00002000 08:03 2373620                    /usr/lib/jvm/java-7-openjdk-amd64/jre/lib/ext/dnsns.jar
7f31e1d5e000-7f31e1d60000 r--s 00012000 08:03 2373624                    /usr/lib/jvm/java-7-openjdk-amd64/jre/lib/ext/zipfs.jar
7f31e1d60000-7f31e1d63000 r--s 00086000 08:03 2373622                    /usr/lib/jvm/java-7-openjdk-amd64/jre/lib/ext/localedata.jar
7f31e1d63000-7f31e1d65000 r--s 00006000 08:03 2642597                    /usr/share/java/java-atk-wrapper.jar
7f31e1d65000-7f31e1d6d000 rw-s 00000000 08:03 2118014                    /tmp/hsperfdata_phuong-hoang/6724
7f31e1d6d000-7f31e1d6e000 rw-p 00000000 00:00 0 
7f31e1d6e000-7f31e1d6f000 ---p 00000000 00:00 0 
7f31e1d6f000-7f31e1d71000 rw-p 00000000 00:00 0 
7f31e1d71000-7f31e1d72000 r--p 00022000 08:03 1310816                    /lib/x86_64-linux-gnu/ld-2.19.so
7f31e1d72000-7f31e1d73000 rw-p 00023000 08:03 1310816                    /lib/x86_64-linux-gnu/ld-2.19.so
7f31e1d73000-7f31e1d74000 rw-p 00000000 00:00 0 
7ffc5bcdf000-7ffc5bd00000 rw-p 00000000 00:00 0                          [stack]
7ffc5bd37000-7ffc5bd39000 r-xp 00000000 00:00 0                          [vdso]
7ffc5bd39000-7ffc5bd3b000 r--p 00000000 00:00 0                          [vvar]
ffffffffff600000-ffffffffff601000 r-xp 00000000 00:00 0                  [vsyscall]

VM Arguments:
jvm_args: -Dfile.encoding=UTF-8 
java_command: Main
Launcher Type: SUN_STANDARD

Environment Variables:
PATH=/home/phuong-hoang/.rvm/gems/ruby-2.1.2/bin:/home/phuong-hoang/.rvm/gems/ruby-2.1.2@global/bin:/home/phuong-hoang/.rvm/rubies/ruby-2.1.2/bin:/usr/local/sbin:/usr/local/bin:/usr/sbin:/usr/bin:/sbin:/bin:/usr/games:/usr/local/games:/home/phuong-hoang/.rvm/bin
SHELL=/bin/bash
DISPLAY=:0

Signal Handlers:
SIGSEGV: [libjvm.so+0x94b9a0], sa_mask[0]=0x7ffbfeff, sa_flags=0x10000004
SIGBUS: [libjvm.so+0x94b9a0], sa_mask[0]=0x7ffbfeff, sa_flags=0x10000004
SIGFPE: [libjvm.so+0x7c3880], sa_mask[0]=0x7ffbfeff, sa_flags=0x10000004
SIGPIPE: [libjvm.so+0x7c3880], sa_mask[0]=0x7ffbfeff, sa_flags=0x10000004
SIGXFSZ: [libjvm.so+0x7c3880], sa_mask[0]=0x7ffbfeff, sa_flags=0x10000004
SIGILL: [libjvm.so+0x7c3880], sa_mask[0]=0x7ffbfeff, sa_flags=0x10000004
SIGUSR1: SIG_DFL, sa_mask[0]=0x00000000, sa_flags=0x00000000
SIGUSR2: [libjvm.so+0x7c3720], sa_mask[0]=0x00000004, sa_flags=0x10000004
SIGHUP: [libjvm.so+0x7c3900], sa_mask[0]=0x7ffbfeff, sa_flags=0x10000004
SIGINT: [libjvm.so+0x7c3900], sa_mask[0]=0x7ffbfeff, sa_flags=0x10000004
SIGTERM: [libjvm.so+0x7c3900], sa_mask[0]=0x7ffbfeff, sa_flags=0x10000004
SIGQUIT: [libjvm.so+0x7c3900], sa_mask[0]=0x7ffbfeff, sa_flags=0x10000004
SIGTRAP: SIG_DFL, sa_mask[0]=0x00000000, sa_flags=0x00000000


---------------  S Y S T E M  ---------------

OS:Ubuntu 14.04 (trusty)
uname:Linux 3.16.0-37-generic #51~14.04.1-Ubuntu SMP Wed May 6 15:23:14 UTC 2015 x86_64
libc:glibc 2.19 NPTL 2.19 
rlimit: STACK 8192k, CORE 0k, NPROC 15272, NOFILE 4096, AS infinity
load average:1,31 0,66 0,82

/proc/meminfo:
MemTotal:        3931248 kB
MemFree:          661812 kB
MemAvailable:     930704 kB
Buffers:           56112 kB
Cached:           396696 kB
SwapCached:            0 kB
Active:          2832708 kB
Inactive:         195008 kB
Active(anon):    2577568 kB
Inactive(anon):    33136 kB
Active(file):     255140 kB
Inactive(file):   161872 kB
Unevictable:         592 kB
Mlocked:             592 kB
SwapTotal:             0 kB
SwapFree:              0 kB
Dirty:               332 kB
Writeback:             0 kB
AnonPages:       2575864 kB
Mapped:           341960 kB
Shmem:             35796 kB
Slab:              77512 kB
SReclaimable:      41648 kB
SUnreclaim:        35864 kB
KernelStack:       10096 kB
PageTables:        46408 kB
NFS_Unstable:          0 kB
Bounce:                0 kB
WritebackTmp:          0 kB
CommitLimit:     1965624 kB
Committed_AS:    7099388 kB
VmallocTotal:   34359738367 kB
VmallocUsed:      383568 kB
VmallocChunk:   34359335932 kB
HardwareCorrupted:     0 kB
AnonHugePages:   1736704 kB
HugePages_Total:       0
HugePages_Free:        0
HugePages_Rsvd:        0
HugePages_Surp:        0
Hugepagesize:       2048 kB
DirectMap4k:      176332 kB
DirectMap2M:     3901440 kB


CPU:total 4 (2 cores per cpu, 2 threads per core) family 6 model 58 stepping 9, cmov, cx8, fxsr, mmx, sse, sse2, sse3, ssse3, sse4.1, sse4.2, popcnt, avx, aes, erms, ht, tsc, tscinvbit, tscinv

/proc/cpuinfo:
processor	: 0
vendor_id	: GenuineIntel
cpu family	: 6
model		: 58
model name	: Intel(R) Core(TM) i5-3210M CPU @ 2.50GHz
stepping	: 9
microcode	: 0x12
cpu MHz		: 2900.000
cache size	: 3072 KB
physical id	: 0
siblings	: 4
core id		: 0
cpu cores	: 2
apicid		: 0
initial apicid	: 0
fpu		: yes
fpu_exception	: yes
cpuid level	: 13
wp		: yes
flags		: fpu vme de pse tsc msr pae mce cx8 apic sep mtrr pge mca cmov pat pse36 clflush dts acpi mmx fxsr sse sse2 ss ht tm pbe syscall nx rdtscp lm constant_tsc arch_perfmon pebs bts rep_good nopl xtopology nonstop_tsc aperfmperf eagerfpu pni pclmulqdq dtes64 monitor ds_cpl vmx est tm2 ssse3 cx16 xtpr pdcm pcid sse4_1 sse4_2 x2apic popcnt tsc_deadline_timer aes xsave avx f16c rdrand lahf_lm ida arat epb xsaveopt pln pts dtherm tpr_shadow vnmi flexpriority ept vpid fsgsbase smep erms
bogomips	: 4988.70
clflush size	: 64
cache_alignment	: 64
address sizes	: 36 bits physical, 48 bits virtual
power management:

processor	: 1
vendor_id	: GenuineIntel
cpu family	: 6
model		: 58
model name	: Intel(R) Core(TM) i5-3210M CPU @ 2.50GHz
stepping	: 9
microcode	: 0x12
cpu MHz		: 2900.000
cache size	: 3072 KB
physical id	: 0
siblings	: 4
core id		: 1
cpu cores	: 2
apicid		: 2
initial apicid	: 2
fpu		: yes
fpu_exception	: yes
cpuid level	: 13
wp		: yes
flags		: fpu vme de pse tsc msr pae mce cx8 apic sep mtrr pge mca cmov pat pse36 clflush dts acpi mmx fxsr sse sse2 ss ht tm pbe syscall nx rdtscp lm constant_tsc arch_perfmon pebs bts rep_good nopl xtopology nonstop_tsc aperfmperf eagerfpu pni pclmulqdq dtes64 monitor ds_cpl vmx est tm2 ssse3 cx16 xtpr pdcm pcid sse4_1 sse4_2 x2apic popcnt tsc_deadline_timer aes xsave avx f16c rdrand lahf_lm ida arat epb xsaveopt pln pts dtherm tpr_shadow vnmi flexpriority ept vpid fsgsbase smep erms
bogomips	: 4988.70
clflush size	: 64
cache_alignment	: 64
address sizes	: 36 bits physical, 48 bits virtual
power management:

processor	: 2
vendor_id	: GenuineIntel
cpu family	: 6
model		: 58
model name	: Intel(R) Core(TM) i5-3210M CPU @ 2.50GHz
stepping	: 9
microcode	: 0x12
cpu MHz		: 2900.000
cache size	: 3072 KB
physical id	: 0
siblings	: 4
core id		: 0
cpu cores	: 2
apicid		: 1
initial apicid	: 1
fpu		: yes
fpu_exception	: yes
cpuid level	: 13
wp		: yes
flags		: fpu vme de pse tsc msr pae mce cx8 apic sep mtrr pge mca cmov pat pse36 clflush dts acpi mmx fxsr sse sse2 ss ht tm pbe syscall nx rdtscp lm constant_tsc arch_perfmon pebs bts rep_good nopl xtopology nonstop_tsc aperfmperf eagerfpu pni pclmulqdq dtes64 monitor ds_cpl vmx est tm2 ssse3 cx16 xtpr pdcm pcid sse4_1 sse4_2 x2apic popcnt tsc_deadline_timer aes xsave avx f16c rdrand lahf_lm ida arat epb xsaveopt pln pts dtherm tpr_shadow vnmi flexpriority ept vpid fsgsbase smep erms
bogomips	: 4988.70
clflush size	: 64
cache_alignment	: 64
address sizes	: 36 bits physical, 48 bits virtual
power management:

processor	: 3
vendor_id	: GenuineIntel
cpu family	: 6
model		: 58
model name	: Intel(R) Core(TM) i5-3210M CPU @ 2.50GHz
stepping	: 9
microcode	: 0x12
cpu MHz		: 2900.000
cache size	: 3072 KB
physical id	: 0
siblings	: 4
core id		: 1
cpu cores	: 2
apicid		: 3
initial apicid	: 3
fpu		: yes
fpu_exception	: yes
cpuid level	: 13
wp		: yes
flags		: fpu vme de pse tsc msr pae mce cx8 apic sep mtrr pge mca cmov pat pse36 clflush dts acpi mmx fxsr sse sse2 ss ht tm pbe syscall nx rdtscp lm constant_tsc arch_perfmon pebs bts rep_good nopl xtopology nonstop_tsc aperfmperf eagerfpu pni pclmulqdq dtes64 monitor ds_cpl vmx est tm2 ssse3 cx16 xtpr pdcm pcid sse4_1 sse4_2 x2apic popcnt tsc_deadline_timer aes xsave avx f16c rdrand lahf_lm ida arat epb xsaveopt pln pts dtherm tpr_shadow vnmi flexpriority ept vpid fsgsbase smep erms
bogomips	: 4988.70
clflush size	: 64
cache_alignment	: 64
address sizes	: 36 bits physical, 48 bits virtual
power management:



Memory: 4k page, physical 3931248k(661812k free), swap 0k(0k free)

vm_info: OpenJDK 64-Bit Server VM (24.79-b02) for linux-amd64 JRE (1.7.0_79-b14), built on Apr 16 2015 08:21:58 by "buildd" with gcc 4.8.2

time: Mon May 25 00:00:50 2015
elapsed time: 3 seconds

