#
# A fatal error has been detected by the Java Runtime Environment:
#
#  SIGSEGV (0xb) at pc=0x00007f0f3678da93, pid=4862, tid=139703276701440
#
# JRE version: OpenJDK Runtime Environment (7.0_79-b14) (build 1.7.0_79-b14)
# Java VM: OpenJDK 64-Bit Server VM (24.79-b02 mixed mode linux-amd64 compressed oops)
# Derivative: IcedTea 2.5.5
# Distribution: Ubuntu 14.04 LTS, package 7u79-2.5.5-0ubuntu0.14.04.2
# Problematic frame:
# V  [libjvm.so+0x830a93]  oopDesc* PSPromotionManager::copy_to_survivor_space<false>(oopDesc*)+0x253
#
# Failed to write core dump. Core dumps have been disabled. To enable core dumping, try "ulimit -c unlimited" before starting Java again
#
# If you would like to submit a bug report, please include
# instructions on how to reproduce the bug and visit:
#   http://icedtea.classpath.org/bugzilla
#

---------------  T H R E A D  ---------------

Current thread (0x00007f0f3001f800):  GCTaskThread [stack: 0x00007f0f341e8000,0x00007f0f342e9000] [id=4868]

siginfo:si_signo=SIGSEGV: si_errno=0, si_code=1 (SEGV_MAPERR), si_addr=0x0000000000000018

Registers:
RAX=0x0000000000000001, RBX=0x00000000fe080000, RCX=0x0000000000000000, RDX=0x0000000000000000
RSP=0x00007f0f342e7ce0, RBP=0x00007f0f342e7d40, RSI=0x00007f0f36d1f420, RDI=0x00007f0f30072fe0
R8 =0x00007f0f36d1f420, R9 =0x0000000000000000, R10=0x00007f0f2d060fed, R11=0x00007f0f2d060fd0
R12=0x00007f0f342e7d70, R13=0x0000000000000000, R14=0x00007f0f30072fe0, R15=0x00007f0f30072f90
RIP=0x00007f0f3678da93, EFLAGS=0x0000000000010246, CSGSFS=0x0000000000000033, ERR=0x0000000000000004
  TRAPNO=0x000000000000000e

Top of Stack: (sp=0x00007f0f342e7ce0)
0x00007f0f342e7ce0:   00007f0f342e7d40 00007f0f36790f40
0x00007f0f342e7cf0:   00000047000006d8 00007f0f3690ae2b
0x00007f0f342e7d00:   00000047000006d9 00007f0f36d3b3ea
0x00007f0f342e7d10:   00007f0f342e7dc0 0000000000000000
0x00007f0f342e7d20:   00007f0f342e7d70 00007f0f342e7d80
0x00007f0f342e7d30:   0000000000000000 00007f0f30072f90
0x00007f0f342e7d40:   00007f0f342e7dc0 00007f0f36790e32
0x00007f0f342e7d50:   00007f0f36d1f420 00000000ca2509c4
0x00007f0f342e7d60:   00007f0f04188170 00007f0f30072fe0
0x00007f0f342e7d70:   00007f0f09b31426 00007f0f366ecfab
0x00007f0f342e7d80:   00000000ca2509c5 00007f0f3001f460
0x00007f0f342e7d90:   00007f0f342e7dc0 0000000000000001
0x00007f0f342e7da0:   00007f0f04188170 00007f0f3690ae51
0x00007f0f342e7db0:   00007f0f3001f800 00007f0f36d3b3ea
0x00007f0f342e7dc0:   00007f0f342e7ed0 00007f0f364a20b2
0x00007f0f342e7dd0:   00000000000003d8 00007f0f300205e8
0x00007f0f342e7de0:   00007f0f30020210 00007f0f342e7e60
0x00007f0f342e7df0:   00007f0f300201d0 00007f0f30020200
0x00007f0f342e7e00:   00007f0f342e7e10 0000000000000000
0x00007f0f342e7e10:   0000000000000000 00007f0f30020f00
0x00007f0f342e7e20:   00007f0f3001f800 00007f0f300205f0
0x00007f0f342e7e30:   00007f0f30020630 00007f0f30020640
0x00007f0f342e7e40:   00007f0f30020a18 00000000000003d8
0x00007f0f342e7e50:   00007f0f30020a20 00007f0f30021390
0x00007f0f342e7e60:   00007f0f3001f800 00007f0f300205f0
0x00007f0f342e7e70:   00007f0f30020630 00007f0f30020640
0x00007f0f342e7e80:   00007f0f30020a18 00000000000003d8
0x00007f0f342e7e90:   00007f0f342e7e20 00007f0f342e89c0
0x00007f0f342e7ea0:   00007f0f342e7ed0 00007f0f30021390
0x00007f0f342e7eb0:   00007f0f300212a0 00007f0f3001f800
0x00007f0f342e7ec0:   00007f0f342e89c0 00007f0f342e8700
0x00007f0f342e7ed0:   00007f0f342e7f10 00007f0f36721f32 

Instructions: (pc=0x00007f0f3678da93)
0x00007f0f3678da73:   48 c1 ea 03 83 e2 0f e9 3d fe ff ff 90 8b 56 08
0x00007f0f3678da83:   48 8d 35 96 19 59 00 8b 4e 08 48 d3 e2 48 03 16
0x00007f0f3678da93:   8b 4a 18 48 8d 7a 10 83 f9 00 0f 8f ed fd ff ff
0x00007f0f3678daa3:   0f 85 cf 02 00 00 0f 1f 80 00 00 00 00 48 8b 42 

Register to memory mapping:

RAX=0x0000000000000001 is an unknown value
RBX=0x00000000fe080000 is an unallocated location in the heap
RCX=0x0000000000000000 is an unknown value
RDX=0x0000000000000000 is an unknown value
RSP=0x00007f0f342e7ce0 is an unknown value
RBP=0x00007f0f342e7d40 is an unknown value
RSI=0x00007f0f36d1f420: <offset 0xdc2420> in /usr/lib/jvm/java-7-openjdk-amd64/jre/lib/amd64/server/libjvm.so at 0x00007f0f35f5d000
RDI=0x00007f0f30072fe0 is an unknown value
R8 =0x00007f0f36d1f420: <offset 0xdc2420> in /usr/lib/jvm/java-7-openjdk-amd64/jre/lib/amd64/server/libjvm.so at 0x00007f0f35f5d000
R9 =0x0000000000000000 is an unknown value
R10=0x00007f0f2d060fed is at entry_point+13 in (nmethod*)0x00007f0f2d060e50
R11=0x00007f0f2d060fd0 is at entry_point+-16 in (nmethod*)0x00007f0f2d060e50
R12=0x00007f0f342e7d70 is an unknown value
R13=0x0000000000000000 is an unknown value
R14=0x00007f0f30072fe0 is an unknown value
R15=0x00007f0f30072f90 is an unknown value


Stack: [0x00007f0f341e8000,0x00007f0f342e9000],  sp=0x00007f0f342e7ce0,  free space=1023k
Native frames: (J=compiled Java code, j=interpreted, Vv=VM code, C=native code)
V  [libjvm.so+0x830a93]  oopDesc* PSPromotionManager::copy_to_survivor_space<false>(oopDesc*)+0x253
V  [libjvm.so+0x833e32]  StealTask::do_it(GCTaskManager*, unsigned int)+0x2d2
V  [libjvm.so+0x5450b2]  GCTaskThread::run()+0x162
V  [libjvm.so+0x7c4f32]  java_start(Thread*)+0xf2


---------------  P R O C E S S  ---------------

Java Threads: ( => current thread )
  0x00007f0f301d0000 JavaThread "AWT-XAWT" daemon [_thread_blocked, id=4881, stack(0x00007f0ef2b1a000,0x00007f0ef2c1b000)]
  0x00007f0f301af800 JavaThread "Java2D Disposer" daemon [_thread_blocked, id=4880, stack(0x00007f0f1c031000,0x00007f0f1c132000)]
  0x00007f0f300af000 JavaThread "Service Thread" daemon [_thread_blocked, id=4878, stack(0x00007f0f1c750000,0x00007f0f1c851000)]
  0x00007f0f300ac800 JavaThread "C2 CompilerThread1" daemon [_thread_blocked, id=4877, stack(0x00007f0f1c851000,0x00007f0f1c952000)]
  0x00007f0f300a9800 JavaThread "C2 CompilerThread0" daemon [_thread_blocked, id=4876, stack(0x00007f0f1c952000,0x00007f0f1ca53000)]
  0x00007f0f300a7800 JavaThread "Signal Dispatcher" daemon [_thread_blocked, id=4875, stack(0x00007f0f1ca53000,0x00007f0f1cb54000)]
  0x00007f0f3007c000 JavaThread "Finalizer" daemon [_thread_blocked, id=4874, stack(0x00007f0f1d3a6000,0x00007f0f1d4a7000)]
  0x00007f0f3007a000 JavaThread "Reference Handler" daemon [_thread_blocked, id=4873, stack(0x00007f0f1d4a7000,0x00007f0f1d5a8000)]
  0x00007f0f3000a000 JavaThread "main" [_thread_blocked, id=4867, stack(0x00007f0f37a6e000,0x00007f0f37b6f000)]

Other Threads:
  0x00007f0f30075800 VMThread [stack: 0x00007f0f1d5a8000,0x00007f0f1d6a9000] [id=4872]
  0x00007f0f300b9800 WatcherThread [stack: 0x00007f0f1c64f000,0x00007f0f1c750000] [id=4879]

=>0x00007f0f3001f800 (exited) GCTaskThread [stack: 0x00007f0f341e8000,0x00007f0f342e9000] [id=4868]

VM state:at safepoint (normal execution)

VM Mutex/Monitor currently owned by a thread:  ([mutex/lock_event])
[0x00007f0f30006380] Threads_lock - owner thread: 0x00007f0f30075800
[0x00007f0f30006880] Heap_lock - owner thread: 0x00007f0f3000a000

Heap
 PSYoungGen      total 33280K, used 784K [0x00000000ec000000, 0x00000000ee300000, 0x0000000100000000)
  eden space 30720K, 0% used [0x00000000ec000000,0x00000000ec000000,0x00000000ede00000)
  from space 2560K, 30% used [0x00000000ee080000,0x00000000ee144010,0x00000000ee300000)
  to   space 2560K, 30% used [0x00000000ede00000,0x00000000edec4010,0x00000000ee080000)
 ParOldGen       total 655360K, used 529386K [0x00000000c4000000, 0x00000000ec000000, 0x00000000ec000000)
  object space 655360K, 80% used [0x00000000c4000000,0x00000000e44fa810,0x00000000ec000000)
 PSPermGen       total 21504K, used 6540K [0x00000000b9a00000, 0x00000000baf00000, 0x00000000c4000000)
  object space 21504K, 30% used [0x00000000b9a00000,0x00000000ba063310,0x00000000baf00000)

Card table byte_map: [0x00007f0f3447c000,0x00007f0f346b0000] byte_map_base: 0x00007f0f33eaf000

Polling page: 0x00007f0f37b8d000

Code Cache  [0x00007f0f2d000000, 0x00007f0f2d270000, 0x00007f0f30000000)
 total_blobs=382 nmethods=42 adapters=293 free_code_cache=48568Kb largest_free_block=49705984

Compilation events (10 events):
Event: 0,547 Thread 0x00007f0f300a9800 nmethod 38 0x00007f0f2d0836d0 code [0x00007f0f2d083820, 0x00007f0f2d083a38]
Event: 0,547 Thread 0x00007f0f300a9800   39             java.util.ArrayList::add (29 bytes)
Event: 0,551 Thread 0x00007f0f300a9800 nmethod 39 0x00007f0f2d082f90 code [0x00007f0f2d083100, 0x00007f0f2d083428]
Event: 0,551 Thread 0x00007f0f300a9800   40             java.util.ArrayList::ensureCapacityInternal (23 bytes)
Event: 0,554 Thread 0x00007f0f300a9800 nmethod 40 0x00007f0f2d086dd0 code [0x00007f0f2d086f20, 0x00007f0f2d0871a8]
Event: 0,554 Thread 0x00007f0f300a9800   41             java.util.ArrayList::ensureExplicitCapacity (26 bytes)
Event: 0,557 Thread 0x00007f0f300a9800 nmethod 41 0x00007f0f2d086850 code [0x00007f0f2d0869a0, 0x00007f0f2d086c08]
Event: 0,672 Thread 0x00007f0f300ac800 nmethod 34 0x00007f0f2d091690 code [0x00007f0f2d091c40, 0x00007f0f2d0955a8]
Event: 0,672 Thread 0x00007f0f300a9800   42 %           Graph::dijkstra @ 701 (1274 bytes)
Event: 0,706 Thread 0x00007f0f300a9800 nmethod 42% 0x00007f0f2d08ead0 code [0x00007f0f2d08edc0, 0x00007f0f2d090288]

GC Heap History (5 events):
Event: 0,649 GC heap before
{Heap before GC invocations=1 (full 0):
 PSYoungGen      total 17920K, used 13694K [0x00000000ec000000, 0x00000000ed400000, 0x0000000100000000)
  eden space 15360K, 89% used [0x00000000ec000000,0x00000000ecd5f990,0x00000000ecf00000)
  from space 2560K, 0% used [0x00000000ed180000,0x00000000ed180000,0x00000000ed400000)
  to   space 2560K, 0% used [0x00000000ecf00000,0x00000000ecf00000,0x00000000ed180000)
 ParOldGen       total 40960K, used 0K [0x00000000c4000000, 0x00000000c6800000, 0x00000000ec000000)
  object space 40960K, 0% used [0x00000000c4000000,0x00000000c4000000,0x00000000c6800000)
 PSPermGen       total 21504K, used 6540K [0x00000000b9a00000, 0x00000000baf00000, 0x00000000c4000000)
  object space 21504K, 30% used [0x00000000b9a00000,0x00000000ba063310,0x00000000baf00000)
Event: 0,657 GC heap after
Heap after GC invocations=1 (full 0):
 PSYoungGen      total 17920K, used 848K [0x00000000ec000000, 0x00000000ee300000, 0x0000000100000000)
  eden space 15360K, 0% used [0x00000000ec000000,0x00000000ec000000,0x00000000ecf00000)
  from space 2560K, 33% used [0x00000000ecf00000,0x00000000ecfd4010,0x00000000ed180000)
  to   space 2560K, 0% used [0x00000000ee080000,0x00000000ee080000,0x00000000ee300000)
 ParOldGen       total 40960K, used 3165K [0x00000000c4000000, 0x00000000c6800000, 0x00000000ec000000)
  object space 40960K, 7% used [0x00000000c4000000,0x00000000c4317568,0x00000000c6800000)
 PSPermGen       total 21504K, used 6540K [0x00000000b9a00000, 0x00000000baf00000, 0x00000000c4000000)
  object space 21504K, 30% used [0x00000000b9a00000,0x00000000ba063310,0x00000000baf00000)
}
Event: 1,190 GC heap before
{Heap before GC invocations=2 (full 0):
 PSYoungGen      total 17920K, used 13070K [0x00000000ec000000, 0x00000000ee300000, 0x0000000100000000)
  eden space 15360K, 79% used [0x00000000ec000000,0x00000000ecbef868,0x00000000ecf00000)
  from space 2560K, 33% used [0x00000000ecf00000,0x00000000ecfd4010,0x00000000ed180000)
  to   space 2560K, 0% used [0x00000000ee080000,0x00000000ee080000,0x00000000ee300000)
 ParOldGen       total 655360K, used 529386K [0x00000000c4000000, 0x00000000ec000000, 0x00000000ec000000)
  object space 655360K, 80% used [0x00000000c4000000,0x00000000e44fa810,0x00000000ec000000)
 PSPermGen       total 21504K, used 6540K [0x00000000b9a00000, 0x00000000baf00000, 0x00000000c4000000)
  object space 21504K, 30% used [0x00000000b9a00000,0x00000000ba063310,0x00000000baf00000)
Event: 1,734 GC heap after
Heap after GC invocations=2 (full 0):
 PSYoungGen      total 33280K, used 784K [0x00000000ec000000, 0x00000000ee300000, 0x0000000100000000)
  eden space 30720K, 0% used [0x00000000ec000000,0x00000000ec000000,0x00000000ede00000)
  from space 2560K, 30% used [0x00000000ee080000,0x00000000ee144010,0x00000000ee300000)
  to   space 2560K, 0% used [0x00000000ede00000,0x00000000ede00000,0x00000000ee080000)
 ParOldGen       total 655360K, used 529386K [0x00000000c4000000, 0x00000000ec000000, 0x00000000ec000000)
  object space 655360K, 80% used [0x00000000c4000000,0x00000000e44fa810,0x00000000ec000000)
 PSPermGen       total 21504K, used 6540K [0x00000000b9a00000, 0x00000000baf00000, 0x00000000c4000000)
  object space 21504K, 30% used [0x00000000b9a00000,0x00000000ba063310,0x00000000baf00000)
}
Event: 1,734 GC heap before
{Heap before GC invocations=3 (full 0):
 PSYoungGen      total 33280K, used 784K [0x00000000ec000000, 0x00000000ee300000, 0x0000000100000000)
  eden space 30720K, 0% used [0x00000000ec000000,0x00000000ec000000,0x00000000ede00000)
  from space 2560K, 30% used [0x00000000ee080000,0x00000000ee144010,0x00000000ee300000)
  to   space 2560K, 0% used [0x00000000ede00000,0x00000000ede00000,0x00000000ee080000)
 ParOldGen       total 655360K, used 529386K [0x00000000c4000000, 0x00000000ec000000, 0x00000000ec000000)
  object space 655360K, 80% used [0x00000000c4000000,0x00000000e44fa810,0x00000000ec000000)
 PSPermGen       total 21504K, used 6540K [0x00000000b9a00000, 0x00000000baf00000, 0x00000000c4000000)
  object space 21504K, 30% used [0x00000000b9a00000,0x00000000ba063310,0x00000000baf00000)

Deoptimization events (0 events):
No events

Internal exceptions (10 events):
Event: 0,304 Thread 0x00007f0f3000a000 Threw 0x00000000ec2bd7e0 at /build/buildd/openjdk-7-7u79-2.5.5/build/openjdk/hotspot/src/share/vm/prims/jvm.cpp:1284
Event: 0,305 Thread 0x00007f0f3000a000 Threw 0x00000000ec2c6998 at /build/buildd/openjdk-7-7u79-2.5.5/build/openjdk/hotspot/src/share/vm/prims/jvm.cpp:1284
Event: 0,325 Thread 0x00007f0f3000a000 Threw 0x00000000ec2d97c8 at /build/buildd/openjdk-7-7u79-2.5.5/build/openjdk/hotspot/src/share/vm/prims/jni.cpp:721
Event: 0,360 Thread 0x00007f0f3000a000 Threw 0x00000000ec30a288 at /build/buildd/openjdk-7-7u79-2.5.5/build/openjdk/hotspot/src/share/vm/classfile/systemDictionary.cpp:185
Event: 0,367 Thread 0x00007f0f3000a000 Threw 0x00000000ec328088 at /build/buildd/openjdk-7-7u79-2.5.5/build/openjdk/hotspot/src/share/vm/prims/jvm.cpp:1284
Event: 0,367 Thread 0x00007f0f3000a000 Threw 0x00000000ec3282b0 at /build/buildd/openjdk-7-7u79-2.5.5/build/openjdk/hotspot/src/share/vm/prims/jvm.cpp:1284
Event: 0,367 Thread 0x00007f0f3000a000 Threw 0x00000000ec32aa60 at /build/buildd/openjdk-7-7u79-2.5.5/build/openjdk/hotspot/src/share/vm/prims/jvm.cpp:1284
Event: 0,367 Thread 0x00007f0f3000a000 Threw 0x00000000ec32ac88 at /build/buildd/openjdk-7-7u79-2.5.5/build/openjdk/hotspot/src/share/vm/prims/jvm.cpp:1284
Event: 0,367 Thread 0x00007f0f3000a000 Threw 0x00000000ec32b788 at /build/buildd/openjdk-7-7u79-2.5.5/build/openjdk/hotspot/src/share/vm/prims/jvm.cpp:1284
Event: 0,367 Thread 0x00007f0f3000a000 Threw 0x00000000ec32b9b0 at /build/buildd/openjdk-7-7u79-2.5.5/build/openjdk/hotspot/src/share/vm/prims/jvm.cpp:1284

Events (10 events):
Event: 0,412 loading class 0x00007f0f002d6d00 done
Event: 0,412 loading class 0x00007f0f000be6f0 done
Event: 0,412 loading class 0x00007f0f0005f7c0 done
Event: 0,413 loading class 0x00007f0f040a1290
Event: 0,413 loading class 0x00007f0f040a1290 done
Event: 0,413 loading class 0x00007f0f040a1790
Event: 0,413 loading class 0x00007f0f040a1790 done
Event: 0,649 Executing VM operation: ParallelGCFailedAllocation
Event: 0,658 Executing VM operation: ParallelGCFailedAllocation done
Event: 1,190 Executing VM operation: ParallelGCFailedAllocation


Dynamic libraries:
00400000-00401000 r-xp 00000000 08:03 2373541                            /usr/lib/jvm/java-7-openjdk-amd64/jre/bin/java
00600000-00601000 r--p 00000000 08:03 2373541                            /usr/lib/jvm/java-7-openjdk-amd64/jre/bin/java
00601000-00602000 rw-p 00001000 08:03 2373541                            /usr/lib/jvm/java-7-openjdk-amd64/jre/bin/java
0129d000-012be000 rw-p 00000000 00:00 0                                  [heap]
b9a00000-baf00000 rw-p 00000000 00:00 0 
baf00000-c4000000 rw-p 00000000 00:00 0 
c4000000-ec000000 rw-p 00000000 00:00 0 
ec000000-ee300000 rw-p 00000000 00:00 0 
ee300000-100000000 rw-p 00000000 00:00 0 
7f0ee4000000-7f0ee4021000 rw-p 00000000 00:00 0 
7f0ee4021000-7f0ee8000000 ---p 00000000 00:00 0 
7f0eec000000-7f0eec021000 rw-p 00000000 00:00 0 
7f0eec021000-7f0ef0000000 ---p 00000000 00:00 0 
7f0ef2b1a000-7f0ef2b1d000 ---p 00000000 00:00 0 
7f0ef2b1d000-7f0ef2c1b000 rw-p 00000000 00:00 0                          [stack:4881]
7f0ef2c1b000-7f0ef2c20000 r-xp 00000000 08:03 2245803                    /usr/lib/x86_64-linux-gnu/libXfixes.so.3.1.0
7f0ef2c20000-7f0ef2e1f000 ---p 00005000 08:03 2245803                    /usr/lib/x86_64-linux-gnu/libXfixes.so.3.1.0
7f0ef2e1f000-7f0ef2e20000 r--p 00004000 08:03 2245803                    /usr/lib/x86_64-linux-gnu/libXfixes.so.3.1.0
7f0ef2e20000-7f0ef2e21000 rw-p 00005000 08:03 2245803                    /usr/lib/x86_64-linux-gnu/libXfixes.so.3.1.0
7f0ef2e21000-7f0ef2e2a000 r-xp 00000000 08:03 2237826                    /usr/lib/x86_64-linux-gnu/libXcursor.so.1.0.2
7f0ef2e2a000-7f0ef3029000 ---p 00009000 08:03 2237826                    /usr/lib/x86_64-linux-gnu/libXcursor.so.1.0.2
7f0ef3029000-7f0ef302a000 r--p 00008000 08:03 2237826                    /usr/lib/x86_64-linux-gnu/libXcursor.so.1.0.2
7f0ef302a000-7f0ef302b000 rw-p 00009000 08:03 2237826                    /usr/lib/x86_64-linux-gnu/libXcursor.so.1.0.2
7f0ef302b000-7f0ef302f000 r-xp 00000000 08:03 1314901                    /lib/x86_64-linux-gnu/libgpg-error.so.0.10.0
7f0ef302f000-7f0ef322e000 ---p 00004000 08:03 1314901                    /lib/x86_64-linux-gnu/libgpg-error.so.0.10.0
7f0ef322e000-7f0ef322f000 r--p 00003000 08:03 1314901                    /lib/x86_64-linux-gnu/libgpg-error.so.0.10.0
7f0ef322f000-7f0ef3230000 rw-p 00004000 08:03 1314901                    /lib/x86_64-linux-gnu/libgpg-error.so.0.10.0
7f0ef3230000-7f0ef3232000 r-xp 00000000 08:03 1314911                    /lib/x86_64-linux-gnu/libkeyutils.so.1.4
7f0ef3232000-7f0ef3432000 ---p 00002000 08:03 1314911                    /lib/x86_64-linux-gnu/libkeyutils.so.1.4
7f0ef3432000-7f0ef3433000 r--p 00002000 08:03 1314911                    /lib/x86_64-linux-gnu/libkeyutils.so.1.4
7f0ef3433000-7f0ef3434000 rw-p 00003000 08:03 1314911                    /lib/x86_64-linux-gnu/libkeyutils.so.1.4
7f0ef3434000-7f0ef3471000 r-xp 00000000 08:03 1314971                    /lib/x86_64-linux-gnu/libpcre.so.3.13.1
7f0ef3471000-7f0ef3670000 ---p 0003d000 08:03 1314971                    /lib/x86_64-linux-gnu/libpcre.so.3.13.1
7f0ef3670000-7f0ef3671000 r--p 0003c000 08:03 1314971                    /lib/x86_64-linux-gnu/libpcre.so.3.13.1
7f0ef3671000-7f0ef3672000 rw-p 0003d000 08:03 1314971                    /lib/x86_64-linux-gnu/libpcre.so.3.13.1
7f0ef3672000-7f0ef3697000 r-xp 00000000 08:03 1314983                    /lib/x86_64-linux-gnu/libpng12.so.0.50.0
7f0ef3697000-7f0ef3896000 ---p 00025000 08:03 1314983                    /lib/x86_64-linux-gnu/libpng12.so.0.50.0
7f0ef3896000-7f0ef3897000 r--p 00024000 08:03 1314983                    /lib/x86_64-linux-gnu/libpng12.so.0.50.0
7f0ef3897000-7f0ef3898000 rw-p 00025000 08:03 1314983                    /lib/x86_64-linux-gnu/libpng12.so.0.50.0
7f0ef3898000-7f0ef38dc000 r-xp 00000000 08:03 1314882                    /lib/x86_64-linux-gnu/libdbus-1.so.3.7.6
7f0ef38dc000-7f0ef3adb000 ---p 00044000 08:03 1314882                    /lib/x86_64-linux-gnu/libdbus-1.so.3.7.6
7f0ef3adb000-7f0ef3adc000 r--p 00043000 08:03 1314882                    /lib/x86_64-linux-gnu/libdbus-1.so.3.7.6
7f0ef3adc000-7f0ef3add000 rw-p 00044000 08:03 1314882                    /lib/x86_64-linux-gnu/libdbus-1.so.3.7.6
7f0ef3add000-7f0ef3b18000 r-xp 00000000 08:03 2238546                    /usr/lib/x86_64-linux-gnu/libp11-kit.so.0.0.0
7f0ef3b18000-7f0ef3d17000 ---p 0003b000 08:03 2238546                    /usr/lib/x86_64-linux-gnu/libp11-kit.so.0.0.0
7f0ef3d17000-7f0ef3d1d000 r--p 0003a000 08:03 2238546                    /usr/lib/x86_64-linux-gnu/libp11-kit.so.0.0.0
7f0ef3d1d000-7f0ef3d1f000 rw-p 00040000 08:03 2238546                    /usr/lib/x86_64-linux-gnu/libp11-kit.so.0.0.0
7f0ef3d1f000-7f0ef3d31000 r-xp 00000000 08:03 2248544                    /usr/lib/x86_64-linux-gnu/libtasn1.so.6.2.0
7f0ef3d31000-7f0ef3f31000 ---p 00012000 08:03 2248544                    /usr/lib/x86_64-linux-gnu/libtasn1.so.6.2.0
7f0ef3f31000-7f0ef3f32000 r--p 00012000 08:03 2248544                    /usr/lib/x86_64-linux-gnu/libtasn1.so.6.2.0
7f0ef3f32000-7f0ef3f33000 rw-p 00013000 08:03 2248544                    /usr/lib/x86_64-linux-gnu/libtasn1.so.6.2.0
7f0ef3f33000-7f0ef3faf000 r-xp 00000000 08:03 1314892                    /lib/x86_64-linux-gnu/libgcrypt.so.11.8.2
7f0ef3faf000-7f0ef41af000 ---p 0007c000 08:03 1314892                    /lib/x86_64-linux-gnu/libgcrypt.so.11.8.2
7f0ef41af000-7f0ef41b0000 r--p 0007c000 08:03 1314892                    /lib/x86_64-linux-gnu/libgcrypt.so.11.8.2
7f0ef41b0000-7f0ef41b3000 rw-p 0007d000 08:03 1314892                    /lib/x86_64-linux-gnu/libgcrypt.so.11.8.2
7f0ef41b3000-7f0ef41bd000 r-xp 00000000 08:03 2238429                    /usr/lib/x86_64-linux-gnu/libkrb5support.so.0.1
7f0ef41bd000-7f0ef43bc000 ---p 0000a000 08:03 2238429                    /usr/lib/x86_64-linux-gnu/libkrb5support.so.0.1
7f0ef43bc000-7f0ef43bd000 r--p 00009000 08:03 2238429                    /usr/lib/x86_64-linux-gnu/libkrb5support.so.0.1
7f0ef43bd000-7f0ef43be000 rw-p 0000a000 08:03 2238429                    /usr/lib/x86_64-linux-gnu/libkrb5support.so.0.1
7f0ef43be000-7f0ef43c1000 r-xp 00000000 08:03 1314887                    /lib/x86_64-linux-gnu/libcom_err.so.2.1
7f0ef43c1000-7f0ef45c0000 ---p 00003000 08:03 1314887                    /lib/x86_64-linux-gnu/libcom_err.so.2.1
7f0ef45c0000-7f0ef45c1000 r--p 00002000 08:03 1314887                    /lib/x86_64-linux-gnu/libcom_err.so.2.1
7f0ef45c1000-7f0ef45c2000 rw-p 00003000 08:03 1314887                    /lib/x86_64-linux-gnu/libcom_err.so.2.1
7f0ef45c2000-7f0ef45ee000 r-xp 00000000 08:03 2238423                    /usr/lib/x86_64-linux-gnu/libk5crypto.so.3.1
7f0ef45ee000-7f0ef47ed000 ---p 0002c000 08:03 2238423                    /usr/lib/x86_64-linux-gnu/libk5crypto.so.3.1
7f0ef47ed000-7f0ef47ef000 r--p 0002b000 08:03 2238423                    /usr/lib/x86_64-linux-gnu/libk5crypto.so.3.1
7f0ef47ef000-7f0ef47f0000 rw-p 0002d000 08:03 2238423                    /usr/lib/x86_64-linux-gnu/libk5crypto.so.3.1
7f0ef47f0000-7f0ef47f1000 rw-p 00000000 00:00 0 
7f0ef47f1000-7f0ef48ad000 r-xp 00000000 08:03 2238427                    /usr/lib/x86_64-linux-gnu/libkrb5.so.3.3
7f0ef48ad000-7f0ef4aad000 ---p 000bc000 08:03 2238427                    /usr/lib/x86_64-linux-gnu/libkrb5.so.3.3
7f0ef4aad000-7f0ef4aba000 r--p 000bc000 08:03 2238427                    /usr/lib/x86_64-linux-gnu/libkrb5.so.3.3
7f0ef4aba000-7f0ef4abc000 rw-p 000c9000 08:03 2238427                    /usr/lib/x86_64-linux-gnu/libkrb5.so.3.3
7f0ef4abc000-7f0ef4ac1000 r-xp 00000000 08:03 2237830                    /usr/lib/x86_64-linux-gnu/libXdmcp.so.6.0.0
7f0ef4ac1000-7f0ef4cc0000 ---p 00005000 08:03 2237830                    /usr/lib/x86_64-linux-gnu/libXdmcp.so.6.0.0
7f0ef4cc0000-7f0ef4cc1000 r--p 00004000 08:03 2237830                    /usr/lib/x86_64-linux-gnu/libXdmcp.so.6.0.0
7f0ef4cc1000-7f0ef4cc2000 rw-p 00005000 08:03 2237830                    /usr/lib/x86_64-linux-gnu/libXdmcp.so.6.0.0
7f0ef4cc2000-7f0ef4cc4000 r-xp 00000000 08:03 2237819                    /usr/lib/x86_64-linux-gnu/libXau.so.6.0.0
7f0ef4cc4000-7f0ef4ec4000 ---p 00002000 08:03 2237819                    /usr/lib/x86_64-linux-gnu/libXau.so.6.0.0
7f0ef4ec4000-7f0ef4ec5000 r--p 00002000 08:03 2237819                    /usr/lib/x86_64-linux-gnu/libXau.so.6.0.0
7f0ef4ec5000-7f0ef4ec6000 rw-p 00003000 08:03 2237819                    /usr/lib/x86_64-linux-gnu/libXau.so.6.0.0
7f0ef4ec6000-7f0ef4ecd000 r-xp 00000000 08:03 2238101                    /usr/lib/x86_64-linux-gnu/libffi.so.6.0.1
7f0ef4ecd000-7f0ef50cc000 ---p 00007000 08:03 2238101                    /usr/lib/x86_64-linux-gnu/libffi.so.6.0.1
7f0ef50cc000-7f0ef50cd000 r--p 00006000 08:03 2238101                    /usr/lib/x86_64-linux-gnu/libffi.so.6.0.1
7f0ef50cd000-7f0ef50ce000 rw-p 00007000 08:03 2238101                    /usr/lib/x86_64-linux-gnu/libffi.so.6.0.1
7f0ef50ce000-7f0ef50e5000 r-xp 00000000 08:03 1310725                    /lib/x86_64-linux-gnu/libresolv-2.19.so
7f0ef50e5000-7f0ef52e5000 ---p 00017000 08:03 1310725                    /lib/x86_64-linux-gnu/libresolv-2.19.so
7f0ef52e5000-7f0ef52e6000 r--p 00017000 08:03 1310725                    /lib/x86_64-linux-gnu/libresolv-2.19.so
7f0ef52e6000-7f0ef52e7000 rw-p 00018000 08:03 1310725                    /lib/x86_64-linux-gnu/libresolv-2.19.so
7f0ef52e7000-7f0ef52e9000 rw-p 00000000 00:00 0 
7f0ef52e9000-7f0ef5309000 r-xp 00000000 08:03 1314998                    /lib/x86_64-linux-gnu/libselinux.so.1
7f0ef5309000-7f0ef5508000 ---p 00020000 08:03 1314998                    /lib/x86_64-linux-gnu/libselinux.so.1
7f0ef5508000-7f0ef5509000 r--p 0001f000 08:03 1314998                    /lib/x86_64-linux-gnu/libselinux.so.1
7f0ef5509000-7f0ef550a000 rw-p 00020000 08:03 1314998                    /lib/x86_64-linux-gnu/libselinux.so.1
7f0ef550a000-7f0ef550c000 rw-p 00000000 00:00 0 
7f0ef550c000-7f0ef5612000 r-xp 00000000 08:03 1314899                    /lib/x86_64-linux-gnu/libglib-2.0.so.0.4002.0
7f0ef5612000-7f0ef5811000 ---p 00106000 08:03 1314899                    /lib/x86_64-linux-gnu/libglib-2.0.so.0.4002.0
7f0ef5811000-7f0ef5812000 r--p 00105000 08:03 1314899                    /lib/x86_64-linux-gnu/libglib-2.0.so.0.4002.0
7f0ef5812000-7f0ef5813000 rw-p 00106000 08:03 1314899                    /lib/x86_64-linux-gnu/libglib-2.0.so.0.4002.0
7f0ef5813000-7f0ef5814000 rw-p 00000000 00:00 0 
7f0ef5814000-7f0ef5817000 r-xp 00000000 08:03 2238214                    /usr/lib/x86_64-linux-gnu/libgmodule-2.0.so.0.4002.0
7f0ef5817000-7f0ef5a16000 ---p 00003000 08:03 2238214                    /usr/lib/x86_64-linux-gnu/libgmodule-2.0.so.0.4002.0
7f0ef5a16000-7f0ef5a17000 r--p 00002000 08:03 2238214                    /usr/lib/x86_64-linux-gnu/libgmodule-2.0.so.0.4002.0
7f0ef5a17000-7f0ef5a18000 rw-p 00003000 08:03 2238214                    /usr/lib/x86_64-linux-gnu/libgmodule-2.0.so.0.4002.0
7f0ef5a18000-7f0ef5a3f000 r-xp 00000000 08:03 1314890                    /lib/x86_64-linux-gnu/libexpat.so.1.6.0
7f0ef5a3f000-7f0ef5c3f000 ---p 00027000 08:03 1314890                    /lib/x86_64-linux-gnu/libexpat.so.1.6.0
7f0ef5c3f000-7f0ef5c41000 r--p 00027000 08:03 1314890                    /lib/x86_64-linux-gnu/libexpat.so.1.6.0
7f0ef5c41000-7f0ef5c42000 rw-p 00029000 08:03 1314890                    /lib/x86_64-linux-gnu/libexpat.so.1.6.0
7f0ef5c42000-7f0ef5cdf000 r-xp 00000000 08:03 2248658                    /usr/lib/x86_64-linux-gnu/libfreetype.so.6.11.1
7f0ef5cdf000-7f0ef5ede000 ---p 0009d000 08:03 2248658                    /usr/lib/x86_64-linux-gnu/libfreetype.so.6.11.1
7f0ef5ede000-7f0ef5ee4000 r--p 0009c000 08:03 2248658                    /usr/lib/x86_64-linux-gnu/libfreetype.so.6.11.1
7f0ef5ee4000-7f0ef5ee5000 rw-p 000a2000 08:03 2248658                    /usr/lib/x86_64-linux-gnu/libfreetype.so.6.11.1
7f0ef5ee5000-7f0ef5ef4000 r-xp 00000000 08:03 2237923                    /usr/lib/x86_64-linux-gnu/libavahi-client.so.3.2.9
7f0ef5ef4000-7f0ef60f4000 ---p 0000f000 08:03 2237923                    /usr/lib/x86_64-linux-gnu/libavahi-client.so.3.2.9
7f0ef60f4000-7f0ef60f5000 r--p 0000f000 08:03 2237923                    /usr/lib/x86_64-linux-gnu/libavahi-client.so.3.2.9
7f0ef60f5000-7f0ef60f6000 rw-p 00010000 08:03 2237923                    /usr/lib/x86_64-linux-gnu/libavahi-client.so.3.2.9
7f0ef60f6000-7f0ef6101000 r-xp 00000000 08:03 2237925                    /usr/lib/x86_64-linux-gnu/libavahi-common.so.3.5.3
7f0ef6101000-7f0ef6300000 ---p 0000b000 08:03 2237925                    /usr/lib/x86_64-linux-gnu/libavahi-common.so.3.5.3
7f0ef6300000-7f0ef6301000 r--p 0000a000 08:03 2237925                    /usr/lib/x86_64-linux-gnu/libavahi-common.so.3.5.3
7f0ef6301000-7f0ef6302000 rw-p 0000b000 08:03 2237925                    /usr/lib/x86_64-linux-gnu/libavahi-common.so.3.5.3
7f0ef6302000-7f0ef63b8000 r-xp 00000000 08:03 2228851                    /usr/lib/x86_64-linux-gnu/libgnutls.so.26.22.6
7f0ef63b8000-7f0ef65b8000 ---p 000b6000 08:03 2228851                    /usr/lib/x86_64-linux-gnu/libgnutls.so.26.22.6
7f0ef65b8000-7f0ef65be000 r--p 000b6000 08:03 2228851                    /usr/lib/x86_64-linux-gnu/libgnutls.so.26.22.6
7f0ef65be000-7f0ef65bf000 rw-p 000bc000 08:03 2228851                    /usr/lib/x86_64-linux-gnu/libgnutls.so.26.22.6
7f0ef65bf000-7f0ef65c0000 rw-p 00000000 00:00 0 
7f0ef65c0000-7f0ef6603000 r-xp 00000000 08:03 2238257                    /usr/lib/x86_64-linux-gnu/libgssapi_krb5.so.2.2
7f0ef6603000-7f0ef6803000 ---p 00043000 08:03 2238257                    /usr/lib/x86_64-linux-gnu/libgssapi_krb5.so.2.2
7f0ef6803000-7f0ef6804000 r--p 00043000 08:03 2238257                    /usr/lib/x86_64-linux-gnu/libgssapi_krb5.so.2.2
7f0ef6804000-7f0ef6806000 rw-p 00044000 08:03 2238257                    /usr/lib/x86_64-linux-gnu/libgssapi_krb5.so.2.2
7f0ef6806000-7f0ef6823000 r-xp 00000000 08:03 2238887                    /usr/lib/x86_64-linux-gnu/libxcb.so.1.1.0
7f0ef6823000-7f0ef6a23000 ---p 0001d000 08:03 2238887                    /usr/lib/x86_64-linux-gnu/libxcb.so.1.1.0
7f0ef6a23000-7f0ef6a24000 r--p 0001d000 08:03 2238887                    /usr/lib/x86_64-linux-gnu/libxcb.so.1.1.0
7f0ef6a24000-7f0ef6a25000 rw-p 0001e000 08:03 2238887                    /usr/lib/x86_64-linux-gnu/libxcb.so.1.1.0
7f0ef6a25000-7f0ef6a74000 r-xp 00000000 08:03 2238230                    /usr/lib/x86_64-linux-gnu/libgobject-2.0.so.0.4002.0
7f0ef6a74000-7f0ef6c74000 ---p 0004f000 08:03 2238230                    /usr/lib/x86_64-linux-gnu/libgobject-2.0.so.0.4002.0
7f0ef6c74000-7f0ef6c75000 r--p 0004f000 08:03 2238230                    /usr/lib/x86_64-linux-gnu/libgobject-2.0.so.0.4002.0
7f0ef6c75000-7f0ef6c76000 rw-p 00050000 08:03 2238230                    /usr/lib/x86_64-linux-gnu/libgobject-2.0.so.0.4002.0
7f0ef6c76000-7f0ef6de2000 r-xp 00000000 08:03 2238202                    /usr/lib/x86_64-linux-gnu/libgio-2.0.so.0.4002.0
7f0ef6de2000-7f0ef6fe1000 ---p 0016c000 08:03 2238202                    /usr/lib/x86_64-linux-gnu/libgio-2.0.so.0.4002.0
7f0ef6fe1000-7f0ef6fe5000 r--p 0016b000 08:03 2238202                    /usr/lib/x86_64-linux-gnu/libgio-2.0.so.0.4002.0
7f0ef6fe5000-7f0ef6fe7000 rw-p 0016f000 08:03 2238202                    /usr/lib/x86_64-linux-gnu/libgio-2.0.so.0.4002.0
7f0ef6fe7000-7f0ef6fe9000 rw-p 00000000 00:00 0 
7f0ef6fe9000-7f0ef7023000 r-xp 00000000 08:03 2238115                    /usr/lib/x86_64-linux-gnu/libfontconfig.so.1.8.0
7f0ef7023000-7f0ef7222000 ---p 0003a000 08:03 2238115                    /usr/lib/x86_64-linux-gnu/libfontconfig.so.1.8.0
7f0ef7222000-7f0ef7224000 r--p 00039000 08:03 2238115                    /usr/lib/x86_64-linux-gnu/libfontconfig.so.1.8.0
7f0ef7224000-7f0ef7225000 rw-p 0003b000 08:03 2238115                    /usr/lib/x86_64-linux-gnu/libfontconfig.so.1.8.0
7f0ef7225000-7f0ef7291000 r-xp 00000000 08:03 2228346                    /usr/lib/x86_64-linux-gnu/libcups.so.2
7f0ef7291000-7f0ef7491000 ---p 0006c000 08:03 2228346                    /usr/lib/x86_64-linux-gnu/libcups.so.2
7f0ef7491000-7f0ef7498000 r--p 0006c000 08:03 2228346                    /usr/lib/x86_64-linux-gnu/libcups.so.2
7f0ef7498000-7f0ef7499000 rw-p 00073000 08:03 2228346                    /usr/lib/x86_64-linux-gnu/libcups.so.2
7f0ef7499000-7f0ef74a8000 r-xp 00000000 08:03 2237833                    /usr/lib/x86_64-linux-gnu/libXi.so.6.1.0
7f0ef74a8000-7f0ef76a7000 ---p 0000f000 08:03 2237833                    /usr/lib/x86_64-linux-gnu/libXi.so.6.1.0
7f0ef76a7000-7f0ef76a8000 r--p 0000e000 08:03 2237833                    /usr/lib/x86_64-linux-gnu/libXi.so.6.1.0
7f0ef76a8000-7f0ef76a9000 rw-p 0000f000 08:03 2237833                    /usr/lib/x86_64-linux-gnu/libXi.so.6.1.0
7f0ef76a9000-7f0ef76ae000 r-xp 00000000 08:03 2237860                    /usr/lib/x86_64-linux-gnu/libXtst.so.6.1.0
7f0ef76ae000-7f0ef78ad000 ---p 00005000 08:03 2237860                    /usr/lib/x86_64-linux-gnu/libXtst.so.6.1.0
7f0ef78ad000-7f0ef78ae000 r--p 00004000 08:03 2237860                    /usr/lib/x86_64-linux-gnu/libXtst.so.6.1.0
7f0ef78ae000-7f0ef78af000 rw-p 00005000 08:03 2237860                    /usr/lib/x86_64-linux-gnu/libXtst.so.6.1.0
7f0ef78af000-7f0ef78b8000 r-xp 00000000 08:03 2237839                    /usr/lib/x86_64-linux-gnu/libXrender.so.1.3.0
7f0ef78b8000-7f0ef7ab7000 ---p 00009000 08:03 2237839                    /usr/lib/x86_64-linux-gnu/libXrender.so.1.3.0
7f0ef7ab7000-7f0ef7ab8000 r--p 00008000 08:03 2237839                    /usr/lib/x86_64-linux-gnu/libXrender.so.1.3.0
7f0ef7ab8000-7f0ef7ab9000 rw-p 00009000 08:03 2237839                    /usr/lib/x86_64-linux-gnu/libXrender.so.1.3.0
7f0ef7ab9000-7f0ef7be9000 r-xp 00000000 08:03 2237815                    /usr/lib/x86_64-linux-gnu/libX11.so.6.3.0
7f0ef7be9000-7f0ef7de9000 ---p 00130000 08:03 2237815                    /usr/lib/x86_64-linux-gnu/libX11.so.6.3.0
7f0ef7de9000-7f0ef7dea000 r--p 00130000 08:03 2237815                    /usr/lib/x86_64-linux-gnu/libX11.so.6.3.0
7f0ef7dea000-7f0ef7dee000 rw-p 00131000 08:03 2237815                    /usr/lib/x86_64-linux-gnu/libX11.so.6.3.0
7f0ef7dee000-7f0ef7dff000 r-xp 00000000 08:03 2237620                    /usr/lib/x86_64-linux-gnu/libXext.so.6.4.0
7f0ef7dff000-7f0ef7ffe000 ---p 00011000 08:03 2237620                    /usr/lib/x86_64-linux-gnu/libXext.so.6.4.0
7f0ef7ffe000-7f0ef7fff000 r--p 00010000 08:03 2237620                    /usr/lib/x86_64-linux-gnu/libXext.so.6.4.0
7f0ef7fff000-7f0ef8000000 rw-p 00011000 08:03 2237620                    /usr/lib/x86_64-linux-gnu/libXext.so.6.4.0
7f0ef8000000-7f0ef8021000 rw-p 00000000 00:00 0 
7f0ef8021000-7f0efc000000 ---p 00000000 00:00 0 
7f0efc000000-7f0efc021000 rw-p 00000000 00:00 0 
7f0efc021000-7f0f00000000 ---p 00000000 00:00 0 
7f0f00000000-7f0f00a1a000 rw-p 00000000 00:00 0 
7f0f00a1a000-7f0f04000000 ---p 00000000 00:00 0 
7f0f04000000-7f0f04883000 rw-p 00000000 00:00 0 
7f0f04883000-7f0f08000000 ---p 00000000 00:00 0 
7f0f08000000-7f0f08021000 rw-p 00000000 00:00 0 
7f0f08021000-7f0f0c000000 ---p 00000000 00:00 0 
7f0f0c000000-7f0f0c021000 rw-p 00000000 00:00 0 
7f0f0c021000-7f0f10000000 ---p 00000000 00:00 0 
7f0f10000000-7f0f10021000 rw-p 00000000 00:00 0 
7f0f10021000-7f0f14000000 ---p 00000000 00:00 0 
7f0f14000000-7f0f14021000 rw-p 00000000 00:00 0 
7f0f14021000-7f0f18000000 ---p 00000000 00:00 0 
7f0f18000000-7f0f18579000 rw-p 00000000 00:00 0 
7f0f18579000-7f0f1c000000 ---p 00000000 00:00 0 
7f0f1c031000-7f0f1c034000 ---p 00000000 00:00 0 
7f0f1c034000-7f0f1c132000 rw-p 00000000 00:00 0                          [stack:4880]
7f0f1c132000-7f0f1c17a000 r-xp 00000000 08:03 2375805                    /usr/lib/jvm/java-7-openjdk-amd64/jre/lib/amd64/xawt/libmawt.so
7f0f1c17a000-7f0f1c379000 ---p 00048000 08:03 2375805                    /usr/lib/jvm/java-7-openjdk-amd64/jre/lib/amd64/xawt/libmawt.so
7f0f1c379000-7f0f1c37a000 r--p 00047000 08:03 2375805                    /usr/lib/jvm/java-7-openjdk-amd64/jre/lib/amd64/xawt/libmawt.so
7f0f1c37a000-7f0f1c37d000 rw-p 00048000 08:03 2375805                    /usr/lib/jvm/java-7-openjdk-amd64/jre/lib/amd64/xawt/libmawt.so
7f0f1c37d000-7f0f1c37e000 rw-p 00000000 00:00 0 
7f0f1c37e000-7f0f1c41e000 r-xp 00000000 08:03 2373578                    /usr/lib/jvm/java-7-openjdk-amd64/jre/lib/amd64/libawt.so
7f0f1c41e000-7f0f1c61e000 ---p 000a0000 08:03 2373578                    /usr/lib/jvm/java-7-openjdk-amd64/jre/lib/amd64/libawt.so
7f0f1c61e000-7f0f1c61f000 r--p 000a0000 08:03 2373578                    /usr/lib/jvm/java-7-openjdk-amd64/jre/lib/amd64/libawt.so
7f0f1c61f000-7f0f1c62a000 rw-p 000a1000 08:03 2373578                    /usr/lib/jvm/java-7-openjdk-amd64/jre/lib/amd64/libawt.so
7f0f1c62a000-7f0f1c64f000 rw-p 00000000 00:00 0 
7f0f1c64f000-7f0f1c650000 ---p 00000000 00:00 0 
7f0f1c650000-7f0f1c750000 rw-p 00000000 00:00 0                          [stack:4879]
7f0f1c750000-7f0f1c753000 ---p 00000000 00:00 0 
7f0f1c753000-7f0f1c851000 rw-p 00000000 00:00 0                          [stack:4878]
7f0f1c851000-7f0f1c854000 ---p 00000000 00:00 0 
7f0f1c854000-7f0f1c952000 rw-p 00000000 00:00 0                          [stack:4877]
7f0f1c952000-7f0f1c955000 ---p 00000000 00:00 0 
7f0f1c955000-7f0f1ca53000 rw-p 00000000 00:00 0                          [stack:4876]
7f0f1ca53000-7f0f1ca56000 ---p 00000000 00:00 0 
7f0f1ca56000-7f0f1cb54000 rw-p 00000000 00:00 0                          [stack:4875]
7f0f1cb54000-7f0f1d3a6000 r--p 00000000 08:03 2236391                    /usr/lib/locale/locale-archive
7f0f1d3a6000-7f0f1d3a9000 ---p 00000000 00:00 0 
7f0f1d3a9000-7f0f1d4a7000 rw-p 00000000 00:00 0                          [stack:4874]
7f0f1d4a7000-7f0f1d4aa000 ---p 00000000 00:00 0 
7f0f1d4aa000-7f0f1d5a8000 rw-p 00000000 00:00 0                          [stack:4873]
7f0f1d5a8000-7f0f1d5a9000 ---p 00000000 00:00 0 
7f0f1d5a9000-7f0f20000000 rw-p 00000000 00:00 0                          [stack:4872]
7f0f20000000-7f0f204ba000 rw-p 00000000 00:00 0 
7f0f204ba000-7f0f24000000 ---p 00000000 00:00 0 
7f0f24000000-7f0f24570000 rw-p 00000000 00:00 0 
7f0f24570000-7f0f28000000 ---p 00000000 00:00 0 
7f0f28000000-7f0f28535000 rw-p 00000000 00:00 0 
7f0f28535000-7f0f2c000000 ---p 00000000 00:00 0 
7f0f2c017000-7f0f2c9a4000 rw-p 00000000 00:00 0 
7f0f2c9a4000-7f0f2cb55000 r--s 01d27000 08:03 2373615                    /usr/lib/jvm/java-7-openjdk-amd64/jre/lib/rt.jar
7f0f2cb55000-7f0f2cdfe000 rw-p 00000000 00:00 0 
7f0f2cdfe000-7f0f2cdff000 ---p 00000000 00:00 0 
7f0f2cdff000-7f0f2ceff000 rw-p 00000000 00:00 0                          [stack:4871]
7f0f2ceff000-7f0f2cf00000 ---p 00000000 00:00 0 
7f0f2cf00000-7f0f2d000000 rw-p 00000000 00:00 0                          [stack:4870]
7f0f2d000000-7f0f2d270000 rwxp 00000000 00:00 0 
7f0f2d270000-7f0f301f4000 rw-p 00000000 00:00 0 
7f0f301f4000-7f0f34000000 ---p 00000000 00:00 0 
7f0f34011000-7f0f3401b000 r--s 000ae000 08:03 2373575                    /usr/lib/jvm/java-7-openjdk-amd64/jre/lib/resources.jar
7f0f3401b000-7f0f340e7000 rw-p 00000000 00:00 0 
7f0f340e7000-7f0f340e8000 ---p 00000000 00:00 0 
7f0f340e8000-7f0f341e8000 rw-p 00000000 00:00 0                          [stack:4869]
7f0f341e8000-7f0f341e9000 ---p 00000000 00:00 0 
7f0f341e9000-7f0f342f4000 rw-p 00000000 00:00 0                          [stack:4868]
7f0f342f4000-7f0f3433c000 rw-p 00000000 00:00 0 
7f0f3433c000-7f0f3447c000 rw-p 00000000 00:00 0 
7f0f3447c000-7f0f34487000 rw-p 00000000 00:00 0 
7f0f34487000-7f0f344cf000 rw-p 00000000 00:00 0 
7f0f344cf000-7f0f3460f000 rw-p 00000000 00:00 0 
7f0f3460f000-7f0f34621000 rw-p 00000000 00:00 0 
7f0f34621000-7f0f346af000 rw-p 00000000 00:00 0 
7f0f346af000-7f0f346b0000 rw-p 00000000 00:00 0 
7f0f346b0000-7f0f346b8000 r-xp 00000000 08:03 2373590                    /usr/lib/jvm/java-7-openjdk-amd64/jre/lib/amd64/libzip.so
7f0f346b8000-7f0f348b7000 ---p 00008000 08:03 2373590                    /usr/lib/jvm/java-7-openjdk-amd64/jre/lib/amd64/libzip.so
7f0f348b7000-7f0f348b8000 r--p 00007000 08:03 2373590                    /usr/lib/jvm/java-7-openjdk-amd64/jre/lib/amd64/libzip.so
7f0f348b8000-7f0f348b9000 rw-p 00008000 08:03 2373590                    /usr/lib/jvm/java-7-openjdk-amd64/jre/lib/amd64/libzip.so
7f0f348b9000-7f0f348c4000 r-xp 00000000 08:03 1310739                    /lib/x86_64-linux-gnu/libnss_files-2.19.so
7f0f348c4000-7f0f34ac3000 ---p 0000b000 08:03 1310739                    /lib/x86_64-linux-gnu/libnss_files-2.19.so
7f0f34ac3000-7f0f34ac4000 r--p 0000a000 08:03 1310739                    /lib/x86_64-linux-gnu/libnss_files-2.19.so
7f0f34ac4000-7f0f34ac5000 rw-p 0000b000 08:03 1310739                    /lib/x86_64-linux-gnu/libnss_files-2.19.so
7f0f34ac5000-7f0f34ad0000 r-xp 00000000 08:03 1314776                    /lib/x86_64-linux-gnu/libnss_nis-2.19.so
7f0f34ad0000-7f0f34ccf000 ---p 0000b000 08:03 1314776                    /lib/x86_64-linux-gnu/libnss_nis-2.19.so
7f0f34ccf000-7f0f34cd0000 r--p 0000a000 08:03 1314776                    /lib/x86_64-linux-gnu/libnss_nis-2.19.so
7f0f34cd0000-7f0f34cd1000 rw-p 0000b000 08:03 1314776                    /lib/x86_64-linux-gnu/libnss_nis-2.19.so
7f0f34cd1000-7f0f34ce8000 r-xp 00000000 08:03 1310814                    /lib/x86_64-linux-gnu/libnsl-2.19.so
7f0f34ce8000-7f0f34ee7000 ---p 00017000 08:03 1310814                    /lib/x86_64-linux-gnu/libnsl-2.19.so
7f0f34ee7000-7f0f34ee8000 r--p 00016000 08:03 1310814                    /lib/x86_64-linux-gnu/libnsl-2.19.so
7f0f34ee8000-7f0f34ee9000 rw-p 00017000 08:03 1310814                    /lib/x86_64-linux-gnu/libnsl-2.19.so
7f0f34ee9000-7f0f34eeb000 rw-p 00000000 00:00 0 
7f0f34eeb000-7f0f34ef4000 r-xp 00000000 08:03 1310813                    /lib/x86_64-linux-gnu/libnss_compat-2.19.so
7f0f34ef4000-7f0f350f3000 ---p 00009000 08:03 1310813                    /lib/x86_64-linux-gnu/libnss_compat-2.19.so
7f0f350f3000-7f0f350f4000 r--p 00008000 08:03 1310813                    /lib/x86_64-linux-gnu/libnss_compat-2.19.so
7f0f350f4000-7f0f350f5000 rw-p 00009000 08:03 1310813                    /lib/x86_64-linux-gnu/libnss_compat-2.19.so
7f0f350f5000-7f0f35120000 r-xp 00000000 08:03 2373608                    /usr/lib/jvm/java-7-openjdk-amd64/jre/lib/amd64/libjava.so
7f0f35120000-7f0f35320000 ---p 0002b000 08:03 2373608                    /usr/lib/jvm/java-7-openjdk-amd64/jre/lib/amd64/libjava.so
7f0f35320000-7f0f35321000 r--p 0002b000 08:03 2373608                    /usr/lib/jvm/java-7-openjdk-amd64/jre/lib/amd64/libjava.so
7f0f35321000-7f0f35323000 rw-p 0002c000 08:03 2373608                    /usr/lib/jvm/java-7-openjdk-amd64/jre/lib/amd64/libjava.so
7f0f35323000-7f0f35333000 r-xp 00000000 08:03 2373604                    /usr/lib/jvm/java-7-openjdk-amd64/jre/lib/amd64/libverify.so
7f0f35333000-7f0f35532000 ---p 00010000 08:03 2373604                    /usr/lib/jvm/java-7-openjdk-amd64/jre/lib/amd64/libverify.so
7f0f35532000-7f0f35534000 r--p 0000f000 08:03 2373604                    /usr/lib/jvm/java-7-openjdk-amd64/jre/lib/amd64/libverify.so
7f0f35534000-7f0f35535000 rw-p 00011000 08:03 2373604                    /usr/lib/jvm/java-7-openjdk-amd64/jre/lib/amd64/libverify.so
7f0f35535000-7f0f3553c000 r-xp 00000000 08:03 1310822                    /lib/x86_64-linux-gnu/librt-2.19.so
7f0f3553c000-7f0f3573b000 ---p 00007000 08:03 1310822                    /lib/x86_64-linux-gnu/librt-2.19.so
7f0f3573b000-7f0f3573c000 r--p 00006000 08:03 1310822                    /lib/x86_64-linux-gnu/librt-2.19.so
7f0f3573c000-7f0f3573d000 rw-p 00007000 08:03 1310822                    /lib/x86_64-linux-gnu/librt-2.19.so
7f0f3573d000-7f0f35753000 r-xp 00000000 08:03 1314895                    /lib/x86_64-linux-gnu/libgcc_s.so.1
7f0f35753000-7f0f35952000 ---p 00016000 08:03 1314895                    /lib/x86_64-linux-gnu/libgcc_s.so.1
7f0f35952000-7f0f35953000 rw-p 00015000 08:03 1314895                    /lib/x86_64-linux-gnu/libgcc_s.so.1
7f0f35953000-7f0f35a58000 r-xp 00000000 08:03 1310735                    /lib/x86_64-linux-gnu/libm-2.19.so
7f0f35a58000-7f0f35c57000 ---p 00105000 08:03 1310735                    /lib/x86_64-linux-gnu/libm-2.19.so
7f0f35c57000-7f0f35c58000 r--p 00104000 08:03 1310735                    /lib/x86_64-linux-gnu/libm-2.19.so
7f0f35c58000-7f0f35c59000 rw-p 00105000 08:03 1310735                    /lib/x86_64-linux-gnu/libm-2.19.so
7f0f35c59000-7f0f35d3f000 r-xp 00000000 08:03 2238723                    /usr/lib/x86_64-linux-gnu/libstdc++.so.6.0.19
7f0f35d3f000-7f0f35f3e000 ---p 000e6000 08:03 2238723                    /usr/lib/x86_64-linux-gnu/libstdc++.so.6.0.19
7f0f35f3e000-7f0f35f46000 r--p 000e5000 08:03 2238723                    /usr/lib/x86_64-linux-gnu/libstdc++.so.6.0.19
7f0f35f46000-7f0f35f48000 rw-p 000ed000 08:03 2238723                    /usr/lib/x86_64-linux-gnu/libstdc++.so.6.0.19
7f0f35f48000-7f0f35f5d000 rw-p 00000000 00:00 0 
7f0f35f5d000-7f0f36a75000 r-xp 00000000 08:03 2373613                    /usr/lib/jvm/java-7-openjdk-amd64/jre/lib/amd64/server/libjvm.so
7f0f36a75000-7f0f36c75000 ---p 00b18000 08:03 2373613                    /usr/lib/jvm/java-7-openjdk-amd64/jre/lib/amd64/server/libjvm.so
7f0f36c75000-7f0f36d0f000 r--p 00b18000 08:03 2373613                    /usr/lib/jvm/java-7-openjdk-amd64/jre/lib/amd64/server/libjvm.so
7f0f36d0f000-7f0f36d32000 rw-p 00bb2000 08:03 2373613                    /usr/lib/jvm/java-7-openjdk-amd64/jre/lib/amd64/server/libjvm.so
7f0f36d32000-7f0f36d60000 rw-p 00000000 00:00 0 
7f0f36d60000-7f0f36d78000 r-xp 00000000 08:03 1315031                    /lib/x86_64-linux-gnu/libz.so.1.2.8
7f0f36d78000-7f0f36f77000 ---p 00018000 08:03 1315031                    /lib/x86_64-linux-gnu/libz.so.1.2.8
7f0f36f77000-7f0f36f78000 r--p 00017000 08:03 1315031                    /lib/x86_64-linux-gnu/libz.so.1.2.8
7f0f36f78000-7f0f36f79000 rw-p 00018000 08:03 1315031                    /lib/x86_64-linux-gnu/libz.so.1.2.8
7f0f36f79000-7f0f36f92000 r-xp 00000000 08:03 1310820                    /lib/x86_64-linux-gnu/libpthread-2.19.so
7f0f36f92000-7f0f37191000 ---p 00019000 08:03 1310820                    /lib/x86_64-linux-gnu/libpthread-2.19.so
7f0f37191000-7f0f37192000 r--p 00018000 08:03 1310820                    /lib/x86_64-linux-gnu/libpthread-2.19.so
7f0f37192000-7f0f37193000 rw-p 00019000 08:03 1310820                    /lib/x86_64-linux-gnu/libpthread-2.19.so
7f0f37193000-7f0f37197000 rw-p 00000000 00:00 0 
7f0f37197000-7f0f3719a000 r-xp 00000000 08:03 1310750                    /lib/x86_64-linux-gnu/libdl-2.19.so
7f0f3719a000-7f0f37399000 ---p 00003000 08:03 1310750                    /lib/x86_64-linux-gnu/libdl-2.19.so
7f0f37399000-7f0f3739a000 r--p 00002000 08:03 1310750                    /lib/x86_64-linux-gnu/libdl-2.19.so
7f0f3739a000-7f0f3739b000 rw-p 00003000 08:03 1310750                    /lib/x86_64-linux-gnu/libdl-2.19.so
7f0f3739b000-7f0f37556000 r-xp 00000000 08:03 1310819                    /lib/x86_64-linux-gnu/libc-2.19.so
7f0f37556000-7f0f37755000 ---p 001bb000 08:03 1310819                    /lib/x86_64-linux-gnu/libc-2.19.so
7f0f37755000-7f0f37759000 r--p 001ba000 08:03 1310819                    /lib/x86_64-linux-gnu/libc-2.19.so
7f0f37759000-7f0f3775b000 rw-p 001be000 08:03 1310819                    /lib/x86_64-linux-gnu/libc-2.19.so
7f0f3775b000-7f0f37760000 rw-p 00000000 00:00 0 
7f0f37760000-7f0f3776d000 r-xp 00000000 08:03 2373582                    /usr/lib/jvm/java-7-openjdk-amd64/jre/lib/amd64/jli/libjli.so
7f0f3776d000-7f0f3796c000 ---p 0000d000 08:03 2373582                    /usr/lib/jvm/java-7-openjdk-amd64/jre/lib/amd64/jli/libjli.so
7f0f3796c000-7f0f3796d000 r--p 0000c000 08:03 2373582                    /usr/lib/jvm/java-7-openjdk-amd64/jre/lib/amd64/jli/libjli.so
7f0f3796d000-7f0f3796e000 rw-p 0000d000 08:03 2373582                    /usr/lib/jvm/java-7-openjdk-amd64/jre/lib/amd64/jli/libjli.so
7f0f3796e000-7f0f37991000 r-xp 00000000 08:03 1310816                    /lib/x86_64-linux-gnu/ld-2.19.so
7f0f37994000-7f0f37995000 rw-p 00000000 00:00 0 
7f0f37995000-7f0f37998000 r--s 0000f000 08:03 2373618                    /usr/lib/jvm/java-7-openjdk-amd64/jre/lib/ext/icedtea-sound.jar
7f0f37998000-7f0f379b8000 rw-p 00000000 00:00 0 
7f0f379b8000-7f0f37a6e000 rw-p 00000000 00:00 0 
7f0f37a6e000-7f0f37a71000 ---p 00000000 00:00 0 
7f0f37a71000-7f0f37b74000 rw-p 00000000 00:00 0                          [stack:4867]
7f0f37b74000-7f0f37b78000 r--s 00034000 08:03 2373623                    /usr/lib/jvm/java-7-openjdk-amd64/jre/lib/ext/sunjce_provider.jar
7f0f37b78000-7f0f37b7c000 r--s 0003c000 08:03 2373621                    /usr/lib/jvm/java-7-openjdk-amd64/jre/lib/ext/sunpkcs11.jar
7f0f37b7c000-7f0f37b7d000 r--s 00002000 08:03 2373620                    /usr/lib/jvm/java-7-openjdk-amd64/jre/lib/ext/dnsns.jar
7f0f37b7d000-7f0f37b7f000 r--s 00012000 08:03 2373624                    /usr/lib/jvm/java-7-openjdk-amd64/jre/lib/ext/zipfs.jar
7f0f37b7f000-7f0f37b82000 r--s 00086000 08:03 2373622                    /usr/lib/jvm/java-7-openjdk-amd64/jre/lib/ext/localedata.jar
7f0f37b82000-7f0f37b84000 r--s 00006000 08:03 2642597                    /usr/share/java/java-atk-wrapper.jar
7f0f37b84000-7f0f37b8c000 rw-s 00000000 08:03 2118005                    /tmp/hsperfdata_phuong-hoang/4862
7f0f37b8c000-7f0f37b8d000 rw-p 00000000 00:00 0 
7f0f37b8d000-7f0f37b8e000 ---p 00000000 00:00 0 
7f0f37b8e000-7f0f37b90000 rw-p 00000000 00:00 0 
7f0f37b90000-7f0f37b91000 r--p 00022000 08:03 1310816                    /lib/x86_64-linux-gnu/ld-2.19.so
7f0f37b91000-7f0f37b92000 rw-p 00023000 08:03 1310816                    /lib/x86_64-linux-gnu/ld-2.19.so
7f0f37b92000-7f0f37b93000 rw-p 00000000 00:00 0 
7ffc594da000-7ffc594fb000 rw-p 00000000 00:00 0                          [stack]
7ffc595a9000-7ffc595ab000 r-xp 00000000 00:00 0                          [vdso]
7ffc595ab000-7ffc595ad000 r--p 00000000 00:00 0                          [vvar]
ffffffffff600000-ffffffffff601000 r-xp 00000000 00:00 0                  [vsyscall]

VM Arguments:
jvm_args: -Dfile.encoding=UTF-8 
java_command: Main
Launcher Type: SUN_STANDARD

Environment Variables:
PATH=/home/phuong-hoang/.rvm/gems/ruby-2.1.2/bin:/home/phuong-hoang/.rvm/gems/ruby-2.1.2@global/bin:/home/phuong-hoang/.rvm/rubies/ruby-2.1.2/bin:/usr/local/sbin:/usr/local/bin:/usr/sbin:/usr/bin:/sbin:/bin:/usr/games:/usr/local/games:/home/phuong-hoang/.rvm/bin
SHELL=/bin/bash
DISPLAY=:0

Signal Handlers:
SIGSEGV: [libjvm.so+0x94b9a0], sa_mask[0]=0x7ffbfeff, sa_flags=0x10000004
SIGBUS: [libjvm.so+0x94b9a0], sa_mask[0]=0x7ffbfeff, sa_flags=0x10000004
SIGFPE: [libjvm.so+0x7c3880], sa_mask[0]=0x7ffbfeff, sa_flags=0x10000004
SIGPIPE: [libjvm.so+0x7c3880], sa_mask[0]=0x7ffbfeff, sa_flags=0x10000004
SIGXFSZ: [libjvm.so+0x7c3880], sa_mask[0]=0x7ffbfeff, sa_flags=0x10000004
SIGILL: [libjvm.so+0x7c3880], sa_mask[0]=0x7ffbfeff, sa_flags=0x10000004
SIGUSR1: SIG_DFL, sa_mask[0]=0x00000000, sa_flags=0x00000000
SIGUSR2: [libjvm.so+0x7c3720], sa_mask[0]=0x00000004, sa_flags=0x10000004
SIGHUP: [libjvm.so+0x7c3900], sa_mask[0]=0x7ffbfeff, sa_flags=0x10000004
SIGINT: [libjvm.so+0x7c3900], sa_mask[0]=0x7ffbfeff, sa_flags=0x10000004
SIGTERM: [libjvm.so+0x7c3900], sa_mask[0]=0x7ffbfeff, sa_flags=0x10000004
SIGQUIT: [libjvm.so+0x7c3900], sa_mask[0]=0x7ffbfeff, sa_flags=0x10000004
SIGTRAP: SIG_DFL, sa_mask[0]=0x00000000, sa_flags=0x00000000


---------------  S Y S T E M  ---------------

OS:Ubuntu 14.04 (trusty)
uname:Linux 3.16.0-37-generic #51~14.04.1-Ubuntu SMP Wed May 6 15:23:14 UTC 2015 x86_64
libc:glibc 2.19 NPTL 2.19 
rlimit: STACK 8192k, CORE 0k, NPROC 15272, NOFILE 4096, AS infinity
load average:8,75 3,64 1,60

/proc/meminfo:
MemTotal:        3931248 kB
MemFree:          990752 kB
MemAvailable:    1184520 kB
Buffers:           36620 kB
Cached:           355876 kB
SwapCached:            0 kB
Active:          2503116 kB
Inactive:         194372 kB
Active(anon):    2307332 kB
Inactive(anon):    48600 kB
Active(file):     195784 kB
Inactive(file):   145772 kB
Unevictable:         592 kB
Mlocked:             592 kB
SwapTotal:             0 kB
SwapFree:              0 kB
Dirty:               456 kB
Writeback:             0 kB
AnonPages:       2305588 kB
Mapped:           332420 kB
Shmem:             50940 kB
Slab:              79032 kB
SReclaimable:      42308 kB
SUnreclaim:        36724 kB
KernelStack:       11184 kB
PageTables:        47152 kB
NFS_Unstable:          0 kB
Bounce:                0 kB
WritebackTmp:          0 kB
CommitLimit:     1965624 kB
Committed_AS:    6991504 kB
VmallocTotal:   34359738367 kB
VmallocUsed:      383568 kB
VmallocChunk:   34359335932 kB
HardwareCorrupted:     0 kB
AnonHugePages:   1404928 kB
HugePages_Total:       0
HugePages_Free:        0
HugePages_Rsvd:        0
HugePages_Surp:        0
Hugepagesize:       2048 kB
DirectMap4k:      176332 kB
DirectMap2M:     3901440 kB


CPU:total 4 (2 cores per cpu, 2 threads per core) family 6 model 58 stepping 9, cmov, cx8, fxsr, mmx, sse, sse2, sse3, ssse3, sse4.1, sse4.2, popcnt, avx, aes, erms, ht, tsc, tscinvbit, tscinv

/proc/cpuinfo:
processor	: 0
vendor_id	: GenuineIntel
cpu family	: 6
model		: 58
model name	: Intel(R) Core(TM) i5-3210M CPU @ 2.50GHz
stepping	: 9
microcode	: 0x12
cpu MHz		: 2900.000
cache size	: 3072 KB
physical id	: 0
siblings	: 4
core id		: 0
cpu cores	: 2
apicid		: 0
initial apicid	: 0
fpu		: yes
fpu_exception	: yes
cpuid level	: 13
wp		: yes
flags		: fpu vme de pse tsc msr pae mce cx8 apic sep mtrr pge mca cmov pat pse36 clflush dts acpi mmx fxsr sse sse2 ss ht tm pbe syscall nx rdtscp lm constant_tsc arch_perfmon pebs bts rep_good nopl xtopology nonstop_tsc aperfmperf eagerfpu pni pclmulqdq dtes64 monitor ds_cpl vmx est tm2 ssse3 cx16 xtpr pdcm pcid sse4_1 sse4_2 x2apic popcnt tsc_deadline_timer aes xsave avx f16c rdrand lahf_lm ida arat epb xsaveopt pln pts dtherm tpr_shadow vnmi flexpriority ept vpid fsgsbase smep erms
bogomips	: 4988.70
clflush size	: 64
cache_alignment	: 64
address sizes	: 36 bits physical, 48 bits virtual
power management:

processor	: 1
vendor_id	: GenuineIntel
cpu family	: 6
model		: 58
model name	: Intel(R) Core(TM) i5-3210M CPU @ 2.50GHz
stepping	: 9
microcode	: 0x12
cpu MHz		: 2900.000
cache size	: 3072 KB
physical id	: 0
siblings	: 4
core id		: 1
cpu cores	: 2
apicid		: 2
initial apicid	: 2
fpu		: yes
fpu_exception	: yes
cpuid level	: 13
wp		: yes
flags		: fpu vme de pse tsc msr pae mce cx8 apic sep mtrr pge mca cmov pat pse36 clflush dts acpi mmx fxsr sse sse2 ss ht tm pbe syscall nx rdtscp lm constant_tsc arch_perfmon pebs bts rep_good nopl xtopology nonstop_tsc aperfmperf eagerfpu pni pclmulqdq dtes64 monitor ds_cpl vmx est tm2 ssse3 cx16 xtpr pdcm pcid sse4_1 sse4_2 x2apic popcnt tsc_deadline_timer aes xsave avx f16c rdrand lahf_lm ida arat epb xsaveopt pln pts dtherm tpr_shadow vnmi flexpriority ept vpid fsgsbase smep erms
bogomips	: 4988.70
clflush size	: 64
cache_alignment	: 64
address sizes	: 36 bits physical, 48 bits virtual
power management:

processor	: 2
vendor_id	: GenuineIntel
cpu family	: 6
model		: 58
model name	: Intel(R) Core(TM) i5-3210M CPU @ 2.50GHz
stepping	: 9
microcode	: 0x12
cpu MHz		: 2900.000
cache size	: 3072 KB
physical id	: 0
siblings	: 4
core id		: 0
cpu cores	: 2
apicid		: 1
initial apicid	: 1
fpu		: yes
fpu_exception	: yes
cpuid level	: 13
wp		: yes
flags		: fpu vme de pse tsc msr pae mce cx8 apic sep mtrr pge mca cmov pat pse36 clflush dts acpi mmx fxsr sse sse2 ss ht tm pbe syscall nx rdtscp lm constant_tsc arch_perfmon pebs bts rep_good nopl xtopology nonstop_tsc aperfmperf eagerfpu pni pclmulqdq dtes64 monitor ds_cpl vmx est tm2 ssse3 cx16 xtpr pdcm pcid sse4_1 sse4_2 x2apic popcnt tsc_deadline_timer aes xsave avx f16c rdrand lahf_lm ida arat epb xsaveopt pln pts dtherm tpr_shadow vnmi flexpriority ept vpid fsgsbase smep erms
bogomips	: 4988.70
clflush size	: 64
cache_alignment	: 64
address sizes	: 36 bits physical, 48 bits virtual
power management:

processor	: 3
vendor_id	: GenuineIntel
cpu family	: 6
model		: 58
model name	: Intel(R) Core(TM) i5-3210M CPU @ 2.50GHz
stepping	: 9
microcode	: 0x12
cpu MHz		: 2900.000
cache size	: 3072 KB
physical id	: 0
siblings	: 4
core id		: 1
cpu cores	: 2
apicid		: 3
initial apicid	: 3
fpu		: yes
fpu_exception	: yes
cpuid level	: 13
wp		: yes
flags		: fpu vme de pse tsc msr pae mce cx8 apic sep mtrr pge mca cmov pat pse36 clflush dts acpi mmx fxsr sse sse2 ss ht tm pbe syscall nx rdtscp lm constant_tsc arch_perfmon pebs bts rep_good nopl xtopology nonstop_tsc aperfmperf eagerfpu pni pclmulqdq dtes64 monitor ds_cpl vmx est tm2 ssse3 cx16 xtpr pdcm pcid sse4_1 sse4_2 x2apic popcnt tsc_deadline_timer aes xsave avx f16c rdrand lahf_lm ida arat epb xsaveopt pln pts dtherm tpr_shadow vnmi flexpriority ept vpid fsgsbase smep erms
bogomips	: 4988.70
clflush size	: 64
cache_alignment	: 64
address sizes	: 36 bits physical, 48 bits virtual
power management:



Memory: 4k page, physical 3931248k(990752k free), swap 0k(0k free)

vm_info: OpenJDK 64-Bit Server VM (24.79-b02) for linux-amd64 JRE (1.7.0_79-b14), built on Apr 16 2015 08:21:58 by "buildd" with gcc 4.8.2

time: Sun May 24 23:32:35 2015
elapsed time: 1 seconds

