#
# A fatal error has been detected by the Java Runtime Environment:
#
#  SIGSEGV (0xb) at pc=0x00007f826dd8da93, pid=4886, tid=140198008018688
#
# JRE version: OpenJDK Runtime Environment (7.0_79-b14) (build 1.7.0_79-b14)
# Java VM: OpenJDK 64-Bit Server VM (24.79-b02 mixed mode linux-amd64 compressed oops)
# Derivative: IcedTea 2.5.5
# Distribution: Ubuntu 14.04 LTS, package 7u79-2.5.5-0ubuntu0.14.04.2
# Problematic frame:
# V  [libjvm.so+0x830a93]  oopDesc* PSPromotionManager::copy_to_survivor_space<false>(oopDesc*)+0x253
#
# Failed to write core dump. Core dumps have been disabled. To enable core dumping, try "ulimit -c unlimited" before starting Java again
#
# If you would like to submit a bug report, please include
# instructions on how to reproduce the bug and visit:
#   http://icedtea.classpath.org/bugzilla
#

---------------  T H R E A D  ---------------

Current thread (0x00007f8268021800):  GCTaskThread [stack: 0x00007f8264675000,0x00007f8264776000] [id=4893]

siginfo:si_signo=SIGSEGV: si_errno=0, si_code=1 (SEGV_MAPERR), si_addr=0x0000000000000018

Registers:
RAX=0x0000000000000001, RBX=0x00000000fe080000, RCX=0x0000000000000000, RDX=0x0000000000000000
RSP=0x00007f8264774ce0, RBP=0x00007f8264774d40, RSI=0x00007f826e31f420, RDI=0x00007f8268073190
R8 =0x00007f826e31f420, R9 =0x0000000000000000, R10=0x00000000000b40d8, R11=0x0000000000000246
R12=0x00007f8264774d70, R13=0x0000000000000000, R14=0x00007f8268073190, R15=0x00007f8268072f90
RIP=0x00007f826dd8da93, EFLAGS=0x0000000000010246, CSGSFS=0x0000000000000033, ERR=0x0000000000000004
  TRAPNO=0x000000000000000e

Top of Stack: (sp=0x00007f8264774ce0)
0x00007f8264774ce0:   00007f8264774d40 00007f826dd90f40
0x00007f8264774cf0:   0000003b0000160c 00007f825cccd8f8
0x00007f8264774d00:   0000003b0000160d 0000000000000000
0x00007f8264774d10:   0000000000000200 0000000000000001
0x00007f8264774d20:   00007f8264774d70 00007f8264774d80
0x00007f8264774d30:   0000000000000000 00007f8268072f90
0x00007f8264774d40:   00007f8264774dc0 00007f826dd90e32
0x00007f8264774d50:   00007f826e31f420 00000000e2a509c4
0x00007f8264774d60:   00007f8230282470 00007f8268073190
0x00007f8264774d70:   00007f827a8afdbe 00007f826dcecfab
0x00007f8264774d80:   00000000e2a509c5 00007f826801f460
0x00007f8264774d90:   00007f8264774dc0 0000000000000001
0x00007f8264774da0:   00007f8230282470 00007f826df0ae51
0x00007f8264774db0:   00007f8268021800 00007f826e33b3ea
0x00007f8264774dc0:   00007f8264774ed0 00007f826daa20b2
0x00007f8264774dd0:   00000000000003d8 00007f8268022388
0x00007f8264774de0:   00007f8268021fb0 00007f8264774e60
0x00007f8264774df0:   00007f8268021f70 00007f8268021fa0
0x00007f8264774e00:   00007f8264774e10 0000000000000000
0x00007f8264774e10:   0000000000000000 00007f8268022d00
0x00007f8264774e20:   00007f8268021800 00007f8268022390
0x00007f8264774e30:   00007f82680223d0 00007f82680223e0
0x00007f8264774e40:   00007f82680227b8 00000000000003d8
0x00007f8264774e50:   00007f82680227c0 00007f8268023130
0x00007f8264774e60:   00007f8268021800 00007f8268022390
0x00007f8264774e70:   00007f82680223d0 00007f82680223e0
0x00007f8264774e80:   00007f82680227b8 00000000000003d8
0x00007f8264774e90:   00007f8264774e20 00007f82647759c0
0x00007f8264774ea0:   00007f8264774ed0 00007f8268023130
0x00007f8264774eb0:   00007f8268023040 00007f8268021800
0x00007f8264774ec0:   00007f82647759c0 00007f8264775700
0x00007f8264774ed0:   00007f8264774f10 00007f826dd21f32 

Instructions: (pc=0x00007f826dd8da93)
0x00007f826dd8da73:   48 c1 ea 03 83 e2 0f e9 3d fe ff ff 90 8b 56 08
0x00007f826dd8da83:   48 8d 35 96 19 59 00 8b 4e 08 48 d3 e2 48 03 16
0x00007f826dd8da93:   8b 4a 18 48 8d 7a 10 83 f9 00 0f 8f ed fd ff ff
0x00007f826dd8daa3:   0f 85 cf 02 00 00 0f 1f 80 00 00 00 00 48 8b 42 

Register to memory mapping:

RAX=0x0000000000000001 is an unknown value
RBX=0x00000000fe080000 is an unallocated location in the heap
RCX=0x0000000000000000 is an unknown value
RDX=0x0000000000000000 is an unknown value
RSP=0x00007f8264774ce0 is an unknown value
RBP=0x00007f8264774d40 is an unknown value
RSI=0x00007f826e31f420: <offset 0xdc2420> in /usr/lib/jvm/java-7-openjdk-amd64/jre/lib/amd64/server/libjvm.so at 0x00007f826d55d000
RDI=0x00007f8268073190 is an unknown value
R8 =0x00007f826e31f420: <offset 0xdc2420> in /usr/lib/jvm/java-7-openjdk-amd64/jre/lib/amd64/server/libjvm.so at 0x00007f826d55d000
R9 =0x0000000000000000 is an unknown value
R10=0x00000000000b40d8 is an unknown value
R11=0x0000000000000246 is an unknown value
R12=0x00007f8264774d70 is an unknown value
R13=0x0000000000000000 is an unknown value
R14=0x00007f8268073190 is an unknown value
R15=0x00007f8268072f90 is an unknown value


Stack: [0x00007f8264675000,0x00007f8264776000],  sp=0x00007f8264774ce0,  free space=1023k
Native frames: (J=compiled Java code, j=interpreted, Vv=VM code, C=native code)
V  [libjvm.so+0x830a93]  oopDesc* PSPromotionManager::copy_to_survivor_space<false>(oopDesc*)+0x253
V  [libjvm.so+0x833e32]  StealTask::do_it(GCTaskManager*, unsigned int)+0x2d2
V  [libjvm.so+0x5450b2]  GCTaskThread::run()+0x162
V  [libjvm.so+0x7c4f32]  java_start(Thread*)+0xf2


---------------  P R O C E S S  ---------------

Java Threads: ( => current thread )
  0x00007f82681d0000 JavaThread "AWT-XAWT" daemon [_thread_blocked, id=4905, stack(0x00007f822e05e000,0x00007f822e15f000)]
  0x00007f82681af800 JavaThread "Java2D Disposer" daemon [_thread_blocked, id=4904, stack(0x00007f823c09a000,0x00007f823c19b000)]
  0x00007f82680af000 JavaThread "Service Thread" daemon [_thread_blocked, id=4902, stack(0x00007f823fcfd000,0x00007f823fdfe000)]
  0x00007f82680ac800 JavaThread "C2 CompilerThread1" daemon [_thread_blocked, id=4901, stack(0x00007f823fdfe000,0x00007f823feff000)]
  0x00007f82680a9800 JavaThread "C2 CompilerThread0" daemon [_thread_blocked, id=4900, stack(0x00007f823feff000,0x00007f8240000000)]
  0x00007f82680a7800 JavaThread "Signal Dispatcher" daemon [_thread_blocked, id=4899, stack(0x00007f825c079000,0x00007f825c17a000)]
  0x00007f826807c000 JavaThread "Finalizer" daemon [_thread_blocked, id=4898, stack(0x00007f825c9cc000,0x00007f825cacd000)]
  0x00007f826807a000 JavaThread "Reference Handler" daemon [_thread_blocked, id=4897, stack(0x00007f825cacd000,0x00007f825cbce000)]
  0x00007f826800a000 JavaThread "main" [_thread_blocked, id=4891, stack(0x00007f826f06e000,0x00007f826f16f000)]

Other Threads:
  0x00007f8268075800 VMThread [stack: 0x00007f825cbce000,0x00007f825cccf000] [id=4896]
  0x00007f82680b9800 WatcherThread [stack: 0x00007f823fbfc000,0x00007f823fcfd000] [id=4903]

=>0x00007f8268021800 (exited) GCTaskThread [stack: 0x00007f8264675000,0x00007f8264776000] [id=4893]

VM state:at safepoint (normal execution)

VM Mutex/Monitor currently owned by a thread:  ([mutex/lock_event])
[0x00007f8268006380] Threads_lock - owner thread: 0x00007f8268075800
[0x00007f8268006880] Heap_lock - owner thread: 0x00007f826800a000

Heap
 PSYoungGen      total 33280K, used 784K [0x00000000ec000000, 0x00000000ee300000, 0x0000000100000000)
  eden space 30720K, 0% used [0x00000000ec000000,0x00000000ec000000,0x00000000ede00000)
  from space 2560K, 30% used [0x00000000ee080000,0x00000000ee144010,0x00000000ee300000)
  to   space 2560K, 30% used [0x00000000ede00000,0x00000000edec4010,0x00000000ee080000)
 ParOldGen       total 655360K, used 529394K [0x00000000c4000000, 0x00000000ec000000, 0x00000000ec000000)
  object space 655360K, 80% used [0x00000000c4000000,0x00000000e44fc810,0x00000000ec000000)
 PSPermGen       total 21504K, used 6540K [0x00000000b9a00000, 0x00000000baf00000, 0x00000000c4000000)
  object space 21504K, 30% used [0x00000000b9a00000,0x00000000ba063310,0x00000000baf00000)

Card table byte_map: [0x00007f82649b7000,0x00007f8264beb000] byte_map_base: 0x00007f82643ea000

Polling page: 0x00007f826f18d000

Code Cache  [0x00007f8264beb000, 0x00007f8264e5b000, 0x00007f8267beb000)
 total_blobs=382 nmethods=42 adapters=293 free_code_cache=48567Kb largest_free_block=49701824

Compilation events (10 events):
Event: 0,564 Thread 0x00007f82680a9800 nmethod 38 0x00007f8264c6dcd0 code [0x00007f8264c6de20, 0x00007f8264c6e038]
Event: 0,564 Thread 0x00007f82680a9800   39             java.util.ArrayList::add (29 bytes)
Event: 0,569 Thread 0x00007f82680a9800 nmethod 39 0x00007f8264c70010 code [0x00007f8264c70180, 0x00007f8264c704a8]
Event: 0,569 Thread 0x00007f82680a9800   40             java.util.ArrayList::ensureCapacityInternal (23 bytes)
Event: 0,573 Thread 0x00007f82680a9800 nmethod 40 0x00007f8264c6fa10 code [0x00007f8264c6fb60, 0x00007f8264c6fe08]
Event: 0,573 Thread 0x00007f82680a9800   41             java.util.ArrayList::ensureExplicitCapacity (26 bytes)
Event: 0,576 Thread 0x00007f82680a9800 nmethod 41 0x00007f8264c6f490 code [0x00007f8264c6f5e0, 0x00007f8264c6f848]
Event: 0,605 Thread 0x00007f82680ac800 nmethod 34 0x00007f8264c7ab10 code [0x00007f8264c7b0c0, 0x00007f8264c7ea28]
Event: 0,605 Thread 0x00007f82680a9800   42 %           Graph::dijkstra @ 701 (1274 bytes)
Event: 0,661 Thread 0x00007f82680a9800 nmethod 42% 0x00007f8264c82090 code [0x00007f8264c82380, 0x00007f8264c83848]

GC Heap History (5 events):
Event: 0,644 GC heap before
{Heap before GC invocations=1 (full 0):
 PSYoungGen      total 17920K, used 13694K [0x00000000ec000000, 0x00000000ed400000, 0x0000000100000000)
  eden space 15360K, 89% used [0x00000000ec000000,0x00000000ecd5f8c0,0x00000000ecf00000)
  from space 2560K, 0% used [0x00000000ed180000,0x00000000ed180000,0x00000000ed400000)
  to   space 2560K, 0% used [0x00000000ecf00000,0x00000000ecf00000,0x00000000ed180000)
 ParOldGen       total 40960K, used 0K [0x00000000c4000000, 0x00000000c6800000, 0x00000000ec000000)
  object space 40960K, 0% used [0x00000000c4000000,0x00000000c4000000,0x00000000c6800000)
 PSPermGen       total 21504K, used 6540K [0x00000000b9a00000, 0x00000000baf00000, 0x00000000c4000000)
  object space 21504K, 30% used [0x00000000b9a00000,0x00000000ba063310,0x00000000baf00000)
Event: 0,652 GC heap after
Heap after GC invocations=1 (full 0):
 PSYoungGen      total 17920K, used 864K [0x00000000ec000000, 0x00000000ee300000, 0x0000000100000000)
  eden space 15360K, 0% used [0x00000000ec000000,0x00000000ec000000,0x00000000ecf00000)
  from space 2560K, 33% used [0x00000000ecf00000,0x00000000ecfd8020,0x00000000ed180000)
  to   space 2560K, 0% used [0x00000000ee080000,0x00000000ee080000,0x00000000ee300000)
 ParOldGen       total 40960K, used 3173K [0x00000000c4000000, 0x00000000c6800000, 0x00000000ec000000)
  object space 40960K, 7% used [0x00000000c4000000,0x00000000c4319568,0x00000000c6800000)
 PSPermGen       total 21504K, used 6540K [0x00000000b9a00000, 0x00000000baf00000, 0x00000000c4000000)
  object space 21504K, 30% used [0x00000000b9a00000,0x00000000ba063310,0x00000000baf00000)
}
Event: 1,180 GC heap before
{Heap before GC invocations=2 (full 0):
 PSYoungGen      total 17920K, used 13086K [0x00000000ec000000, 0x00000000ee300000, 0x0000000100000000)
  eden space 15360K, 79% used [0x00000000ec000000,0x00000000ecbef870,0x00000000ecf00000)
  from space 2560K, 33% used [0x00000000ecf00000,0x00000000ecfd8020,0x00000000ed180000)
  to   space 2560K, 0% used [0x00000000ee080000,0x00000000ee080000,0x00000000ee300000)
 ParOldGen       total 655360K, used 529394K [0x00000000c4000000, 0x00000000ec000000, 0x00000000ec000000)
  object space 655360K, 80% used [0x00000000c4000000,0x00000000e44fc810,0x00000000ec000000)
 PSPermGen       total 21504K, used 6540K [0x00000000b9a00000, 0x00000000baf00000, 0x00000000c4000000)
  object space 21504K, 30% used [0x00000000b9a00000,0x00000000ba063310,0x00000000baf00000)
Event: 1,715 GC heap after
Heap after GC invocations=2 (full 0):
 PSYoungGen      total 33280K, used 784K [0x00000000ec000000, 0x00000000ee300000, 0x0000000100000000)
  eden space 30720K, 0% used [0x00000000ec000000,0x00000000ec000000,0x00000000ede00000)
  from space 2560K, 30% used [0x00000000ee080000,0x00000000ee144010,0x00000000ee300000)
  to   space 2560K, 0% used [0x00000000ede00000,0x00000000ede00000,0x00000000ee080000)
 ParOldGen       total 655360K, used 529394K [0x00000000c4000000, 0x00000000ec000000, 0x00000000ec000000)
  object space 655360K, 80% used [0x00000000c4000000,0x00000000e44fc810,0x00000000ec000000)
 PSPermGen       total 21504K, used 6540K [0x00000000b9a00000, 0x00000000baf00000, 0x00000000c4000000)
  object space 21504K, 30% used [0x00000000b9a00000,0x00000000ba063310,0x00000000baf00000)
}
Event: 1,715 GC heap before
{Heap before GC invocations=3 (full 0):
 PSYoungGen      total 33280K, used 784K [0x00000000ec000000, 0x00000000ee300000, 0x0000000100000000)
  eden space 30720K, 0% used [0x00000000ec000000,0x00000000ec000000,0x00000000ede00000)
  from space 2560K, 30% used [0x00000000ee080000,0x00000000ee144010,0x00000000ee300000)
  to   space 2560K, 0% used [0x00000000ede00000,0x00000000ede00000,0x00000000ee080000)
 ParOldGen       total 655360K, used 529394K [0x00000000c4000000, 0x00000000ec000000, 0x00000000ec000000)
  object space 655360K, 80% used [0x00000000c4000000,0x00000000e44fc810,0x00000000ec000000)
 PSPermGen       total 21504K, used 6540K [0x00000000b9a00000, 0x00000000baf00000, 0x00000000c4000000)
  object space 21504K, 30% used [0x00000000b9a00000,0x00000000ba063310,0x00000000baf00000)

Deoptimization events (0 events):
No events

Internal exceptions (10 events):
Event: 0,298 Thread 0x00007f826800a000 Threw 0x00000000ec2bd590 at /build/buildd/openjdk-7-7u79-2.5.5/build/openjdk/hotspot/src/share/vm/prims/jvm.cpp:1284
Event: 0,299 Thread 0x00007f826800a000 Threw 0x00000000ec2c6748 at /build/buildd/openjdk-7-7u79-2.5.5/build/openjdk/hotspot/src/share/vm/prims/jvm.cpp:1284
Event: 0,318 Thread 0x00007f826800a000 Threw 0x00000000ec2d9538 at /build/buildd/openjdk-7-7u79-2.5.5/build/openjdk/hotspot/src/share/vm/prims/jni.cpp:721
Event: 0,354 Thread 0x00007f826800a000 Threw 0x00000000ec309fe8 at /build/buildd/openjdk-7-7u79-2.5.5/build/openjdk/hotspot/src/share/vm/classfile/systemDictionary.cpp:185
Event: 0,361 Thread 0x00007f826800a000 Threw 0x00000000ec327b50 at /build/buildd/openjdk-7-7u79-2.5.5/build/openjdk/hotspot/src/share/vm/prims/jvm.cpp:1284
Event: 0,361 Thread 0x00007f826800a000 Threw 0x00000000ec327d78 at /build/buildd/openjdk-7-7u79-2.5.5/build/openjdk/hotspot/src/share/vm/prims/jvm.cpp:1284
Event: 0,361 Thread 0x00007f826800a000 Threw 0x00000000ec32a528 at /build/buildd/openjdk-7-7u79-2.5.5/build/openjdk/hotspot/src/share/vm/prims/jvm.cpp:1284
Event: 0,361 Thread 0x00007f826800a000 Threw 0x00000000ec32a750 at /build/buildd/openjdk-7-7u79-2.5.5/build/openjdk/hotspot/src/share/vm/prims/jvm.cpp:1284
Event: 0,361 Thread 0x00007f826800a000 Threw 0x00000000ec32b250 at /build/buildd/openjdk-7-7u79-2.5.5/build/openjdk/hotspot/src/share/vm/prims/jvm.cpp:1284
Event: 0,361 Thread 0x00007f826800a000 Threw 0x00000000ec32b478 at /build/buildd/openjdk-7-7u79-2.5.5/build/openjdk/hotspot/src/share/vm/prims/jvm.cpp:1284

Events (10 events):
Event: 0,401 loading class 0x00007f823005ff70 done
Event: 0,401 loading class 0x00007f8230052b20 done
Event: 0,401 loading class 0x00007f82300665f0 done
Event: 0,401 loading class 0x00007f82300114f0
Event: 0,401 loading class 0x00007f82300114f0 done
Event: 0,401 loading class 0x00007f82300119f0
Event: 0,401 loading class 0x00007f82300119f0 done
Event: 0,644 Executing VM operation: ParallelGCFailedAllocation
Event: 0,652 Executing VM operation: ParallelGCFailedAllocation done
Event: 1,180 Executing VM operation: ParallelGCFailedAllocation


Dynamic libraries:
00400000-00401000 r-xp 00000000 08:03 2373541                            /usr/lib/jvm/java-7-openjdk-amd64/jre/bin/java
00600000-00601000 r--p 00000000 08:03 2373541                            /usr/lib/jvm/java-7-openjdk-amd64/jre/bin/java
00601000-00602000 rw-p 00001000 08:03 2373541                            /usr/lib/jvm/java-7-openjdk-amd64/jre/bin/java
01460000-01481000 rw-p 00000000 00:00 0                                  [heap]
b9a00000-baf00000 rw-p 00000000 00:00 0 
baf00000-c4000000 rw-p 00000000 00:00 0 
c4000000-ec000000 rw-p 00000000 00:00 0 
ec000000-ee300000 rw-p 00000000 00:00 0 
ee300000-100000000 rw-p 00000000 00:00 0 
7f821c000000-7f821c021000 rw-p 00000000 00:00 0 
7f821c021000-7f8220000000 ---p 00000000 00:00 0 
7f8224000000-7f8224021000 rw-p 00000000 00:00 0 
7f8224021000-7f8228000000 ---p 00000000 00:00 0 
7f8228000000-7f8228021000 rw-p 00000000 00:00 0 
7f8228021000-7f822c000000 ---p 00000000 00:00 0 
7f822e05e000-7f822e061000 ---p 00000000 00:00 0 
7f822e061000-7f822e15f000 rw-p 00000000 00:00 0                          [stack:4905]
7f822e15f000-7f822e164000 r-xp 00000000 08:03 2245803                    /usr/lib/x86_64-linux-gnu/libXfixes.so.3.1.0
7f822e164000-7f822e363000 ---p 00005000 08:03 2245803                    /usr/lib/x86_64-linux-gnu/libXfixes.so.3.1.0
7f822e363000-7f822e364000 r--p 00004000 08:03 2245803                    /usr/lib/x86_64-linux-gnu/libXfixes.so.3.1.0
7f822e364000-7f822e365000 rw-p 00005000 08:03 2245803                    /usr/lib/x86_64-linux-gnu/libXfixes.so.3.1.0
7f822e365000-7f822e36e000 r-xp 00000000 08:03 2237826                    /usr/lib/x86_64-linux-gnu/libXcursor.so.1.0.2
7f822e36e000-7f822e56d000 ---p 00009000 08:03 2237826                    /usr/lib/x86_64-linux-gnu/libXcursor.so.1.0.2
7f822e56d000-7f822e56e000 r--p 00008000 08:03 2237826                    /usr/lib/x86_64-linux-gnu/libXcursor.so.1.0.2
7f822e56e000-7f822e56f000 rw-p 00009000 08:03 2237826                    /usr/lib/x86_64-linux-gnu/libXcursor.so.1.0.2
7f822e56f000-7f822e573000 r-xp 00000000 08:03 1314901                    /lib/x86_64-linux-gnu/libgpg-error.so.0.10.0
7f822e573000-7f822e772000 ---p 00004000 08:03 1314901                    /lib/x86_64-linux-gnu/libgpg-error.so.0.10.0
7f822e772000-7f822e773000 r--p 00003000 08:03 1314901                    /lib/x86_64-linux-gnu/libgpg-error.so.0.10.0
7f822e773000-7f822e774000 rw-p 00004000 08:03 1314901                    /lib/x86_64-linux-gnu/libgpg-error.so.0.10.0
7f822e774000-7f822e776000 r-xp 00000000 08:03 1314911                    /lib/x86_64-linux-gnu/libkeyutils.so.1.4
7f822e776000-7f822e976000 ---p 00002000 08:03 1314911                    /lib/x86_64-linux-gnu/libkeyutils.so.1.4
7f822e976000-7f822e977000 r--p 00002000 08:03 1314911                    /lib/x86_64-linux-gnu/libkeyutils.so.1.4
7f822e977000-7f822e978000 rw-p 00003000 08:03 1314911                    /lib/x86_64-linux-gnu/libkeyutils.so.1.4
7f822e978000-7f822e9b5000 r-xp 00000000 08:03 1314971                    /lib/x86_64-linux-gnu/libpcre.so.3.13.1
7f822e9b5000-7f822ebb4000 ---p 0003d000 08:03 1314971                    /lib/x86_64-linux-gnu/libpcre.so.3.13.1
7f822ebb4000-7f822ebb5000 r--p 0003c000 08:03 1314971                    /lib/x86_64-linux-gnu/libpcre.so.3.13.1
7f822ebb5000-7f822ebb6000 rw-p 0003d000 08:03 1314971                    /lib/x86_64-linux-gnu/libpcre.so.3.13.1
7f822ebb6000-7f822ebdb000 r-xp 00000000 08:03 1314983                    /lib/x86_64-linux-gnu/libpng12.so.0.50.0
7f822ebdb000-7f822edda000 ---p 00025000 08:03 1314983                    /lib/x86_64-linux-gnu/libpng12.so.0.50.0
7f822edda000-7f822eddb000 r--p 00024000 08:03 1314983                    /lib/x86_64-linux-gnu/libpng12.so.0.50.0
7f822eddb000-7f822eddc000 rw-p 00025000 08:03 1314983                    /lib/x86_64-linux-gnu/libpng12.so.0.50.0
7f822eddc000-7f822ee20000 r-xp 00000000 08:03 1314882                    /lib/x86_64-linux-gnu/libdbus-1.so.3.7.6
7f822ee20000-7f822f01f000 ---p 00044000 08:03 1314882                    /lib/x86_64-linux-gnu/libdbus-1.so.3.7.6
7f822f01f000-7f822f020000 r--p 00043000 08:03 1314882                    /lib/x86_64-linux-gnu/libdbus-1.so.3.7.6
7f822f020000-7f822f021000 rw-p 00044000 08:03 1314882                    /lib/x86_64-linux-gnu/libdbus-1.so.3.7.6
7f822f021000-7f822f05c000 r-xp 00000000 08:03 2238546                    /usr/lib/x86_64-linux-gnu/libp11-kit.so.0.0.0
7f822f05c000-7f822f25b000 ---p 0003b000 08:03 2238546                    /usr/lib/x86_64-linux-gnu/libp11-kit.so.0.0.0
7f822f25b000-7f822f261000 r--p 0003a000 08:03 2238546                    /usr/lib/x86_64-linux-gnu/libp11-kit.so.0.0.0
7f822f261000-7f822f263000 rw-p 00040000 08:03 2238546                    /usr/lib/x86_64-linux-gnu/libp11-kit.so.0.0.0
7f822f263000-7f822f275000 r-xp 00000000 08:03 2248544                    /usr/lib/x86_64-linux-gnu/libtasn1.so.6.2.0
7f822f275000-7f822f475000 ---p 00012000 08:03 2248544                    /usr/lib/x86_64-linux-gnu/libtasn1.so.6.2.0
7f822f475000-7f822f476000 r--p 00012000 08:03 2248544                    /usr/lib/x86_64-linux-gnu/libtasn1.so.6.2.0
7f822f476000-7f822f477000 rw-p 00013000 08:03 2248544                    /usr/lib/x86_64-linux-gnu/libtasn1.so.6.2.0
7f822f477000-7f822f4f3000 r-xp 00000000 08:03 1314892                    /lib/x86_64-linux-gnu/libgcrypt.so.11.8.2
7f822f4f3000-7f822f6f3000 ---p 0007c000 08:03 1314892                    /lib/x86_64-linux-gnu/libgcrypt.so.11.8.2
7f822f6f3000-7f822f6f4000 r--p 0007c000 08:03 1314892                    /lib/x86_64-linux-gnu/libgcrypt.so.11.8.2
7f822f6f4000-7f822f6f7000 rw-p 0007d000 08:03 1314892                    /lib/x86_64-linux-gnu/libgcrypt.so.11.8.2
7f822f6f7000-7f822f701000 r-xp 00000000 08:03 2238429                    /usr/lib/x86_64-linux-gnu/libkrb5support.so.0.1
7f822f701000-7f822f900000 ---p 0000a000 08:03 2238429                    /usr/lib/x86_64-linux-gnu/libkrb5support.so.0.1
7f822f900000-7f822f901000 r--p 00009000 08:03 2238429                    /usr/lib/x86_64-linux-gnu/libkrb5support.so.0.1
7f822f901000-7f822f902000 rw-p 0000a000 08:03 2238429                    /usr/lib/x86_64-linux-gnu/libkrb5support.so.0.1
7f822f902000-7f822f905000 r-xp 00000000 08:03 1314887                    /lib/x86_64-linux-gnu/libcom_err.so.2.1
7f822f905000-7f822fb04000 ---p 00003000 08:03 1314887                    /lib/x86_64-linux-gnu/libcom_err.so.2.1
7f822fb04000-7f822fb05000 r--p 00002000 08:03 1314887                    /lib/x86_64-linux-gnu/libcom_err.so.2.1
7f822fb05000-7f822fb06000 rw-p 00003000 08:03 1314887                    /lib/x86_64-linux-gnu/libcom_err.so.2.1
7f822fb06000-7f822fb32000 r-xp 00000000 08:03 2238423                    /usr/lib/x86_64-linux-gnu/libk5crypto.so.3.1
7f822fb32000-7f822fd31000 ---p 0002c000 08:03 2238423                    /usr/lib/x86_64-linux-gnu/libk5crypto.so.3.1
7f822fd31000-7f822fd33000 r--p 0002b000 08:03 2238423                    /usr/lib/x86_64-linux-gnu/libk5crypto.so.3.1
7f822fd33000-7f822fd34000 rw-p 0002d000 08:03 2238423                    /usr/lib/x86_64-linux-gnu/libk5crypto.so.3.1
7f822fd34000-7f822fd35000 rw-p 00000000 00:00 0 
7f822fd35000-7f822fdf1000 r-xp 00000000 08:03 2238427                    /usr/lib/x86_64-linux-gnu/libkrb5.so.3.3
7f822fdf1000-7f822fff1000 ---p 000bc000 08:03 2238427                    /usr/lib/x86_64-linux-gnu/libkrb5.so.3.3
7f822fff1000-7f822fffe000 r--p 000bc000 08:03 2238427                    /usr/lib/x86_64-linux-gnu/libkrb5.so.3.3
7f822fffe000-7f8230000000 rw-p 000c9000 08:03 2238427                    /usr/lib/x86_64-linux-gnu/libkrb5.so.3.3
7f8230000000-7f8230a2c000 rw-p 00000000 00:00 0 
7f8230a2c000-7f8234000000 ---p 00000000 00:00 0 
7f8234000000-7f8234021000 rw-p 00000000 00:00 0 
7f8234021000-7f8238000000 ---p 00000000 00:00 0 
7f8238000000-7f8238965000 rw-p 00000000 00:00 0 
7f8238965000-7f823c000000 ---p 00000000 00:00 0 
7f823c09a000-7f823c09d000 ---p 00000000 00:00 0 
7f823c09d000-7f823c19b000 rw-p 00000000 00:00 0                          [stack:4904]
7f823c19b000-7f823c1a0000 r-xp 00000000 08:03 2237830                    /usr/lib/x86_64-linux-gnu/libXdmcp.so.6.0.0
7f823c1a0000-7f823c39f000 ---p 00005000 08:03 2237830                    /usr/lib/x86_64-linux-gnu/libXdmcp.so.6.0.0
7f823c39f000-7f823c3a0000 r--p 00004000 08:03 2237830                    /usr/lib/x86_64-linux-gnu/libXdmcp.so.6.0.0
7f823c3a0000-7f823c3a1000 rw-p 00005000 08:03 2237830                    /usr/lib/x86_64-linux-gnu/libXdmcp.so.6.0.0
7f823c3a1000-7f823c3a3000 r-xp 00000000 08:03 2237819                    /usr/lib/x86_64-linux-gnu/libXau.so.6.0.0
7f823c3a3000-7f823c5a3000 ---p 00002000 08:03 2237819                    /usr/lib/x86_64-linux-gnu/libXau.so.6.0.0
7f823c5a3000-7f823c5a4000 r--p 00002000 08:03 2237819                    /usr/lib/x86_64-linux-gnu/libXau.so.6.0.0
7f823c5a4000-7f823c5a5000 rw-p 00003000 08:03 2237819                    /usr/lib/x86_64-linux-gnu/libXau.so.6.0.0
7f823c5a5000-7f823c5ac000 r-xp 00000000 08:03 2238101                    /usr/lib/x86_64-linux-gnu/libffi.so.6.0.1
7f823c5ac000-7f823c7ab000 ---p 00007000 08:03 2238101                    /usr/lib/x86_64-linux-gnu/libffi.so.6.0.1
7f823c7ab000-7f823c7ac000 r--p 00006000 08:03 2238101                    /usr/lib/x86_64-linux-gnu/libffi.so.6.0.1
7f823c7ac000-7f823c7ad000 rw-p 00007000 08:03 2238101                    /usr/lib/x86_64-linux-gnu/libffi.so.6.0.1
7f823c7ad000-7f823c7c4000 r-xp 00000000 08:03 1310725                    /lib/x86_64-linux-gnu/libresolv-2.19.so
7f823c7c4000-7f823c9c4000 ---p 00017000 08:03 1310725                    /lib/x86_64-linux-gnu/libresolv-2.19.so
7f823c9c4000-7f823c9c5000 r--p 00017000 08:03 1310725                    /lib/x86_64-linux-gnu/libresolv-2.19.so
7f823c9c5000-7f823c9c6000 rw-p 00018000 08:03 1310725                    /lib/x86_64-linux-gnu/libresolv-2.19.so
7f823c9c6000-7f823c9c8000 rw-p 00000000 00:00 0 
7f823c9c8000-7f823c9e8000 r-xp 00000000 08:03 1314998                    /lib/x86_64-linux-gnu/libselinux.so.1
7f823c9e8000-7f823cbe7000 ---p 00020000 08:03 1314998                    /lib/x86_64-linux-gnu/libselinux.so.1
7f823cbe7000-7f823cbe8000 r--p 0001f000 08:03 1314998                    /lib/x86_64-linux-gnu/libselinux.so.1
7f823cbe8000-7f823cbe9000 rw-p 00020000 08:03 1314998                    /lib/x86_64-linux-gnu/libselinux.so.1
7f823cbe9000-7f823cbeb000 rw-p 00000000 00:00 0 
7f823cbeb000-7f823ccf1000 r-xp 00000000 08:03 1314899                    /lib/x86_64-linux-gnu/libglib-2.0.so.0.4002.0
7f823ccf1000-7f823cef0000 ---p 00106000 08:03 1314899                    /lib/x86_64-linux-gnu/libglib-2.0.so.0.4002.0
7f823cef0000-7f823cef1000 r--p 00105000 08:03 1314899                    /lib/x86_64-linux-gnu/libglib-2.0.so.0.4002.0
7f823cef1000-7f823cef2000 rw-p 00106000 08:03 1314899                    /lib/x86_64-linux-gnu/libglib-2.0.so.0.4002.0
7f823cef2000-7f823cef3000 rw-p 00000000 00:00 0 
7f823cef3000-7f823cef6000 r-xp 00000000 08:03 2238214                    /usr/lib/x86_64-linux-gnu/libgmodule-2.0.so.0.4002.0
7f823cef6000-7f823d0f5000 ---p 00003000 08:03 2238214                    /usr/lib/x86_64-linux-gnu/libgmodule-2.0.so.0.4002.0
7f823d0f5000-7f823d0f6000 r--p 00002000 08:03 2238214                    /usr/lib/x86_64-linux-gnu/libgmodule-2.0.so.0.4002.0
7f823d0f6000-7f823d0f7000 rw-p 00003000 08:03 2238214                    /usr/lib/x86_64-linux-gnu/libgmodule-2.0.so.0.4002.0
7f823d0f7000-7f823d11e000 r-xp 00000000 08:03 1314890                    /lib/x86_64-linux-gnu/libexpat.so.1.6.0
7f823d11e000-7f823d31e000 ---p 00027000 08:03 1314890                    /lib/x86_64-linux-gnu/libexpat.so.1.6.0
7f823d31e000-7f823d320000 r--p 00027000 08:03 1314890                    /lib/x86_64-linux-gnu/libexpat.so.1.6.0
7f823d320000-7f823d321000 rw-p 00029000 08:03 1314890                    /lib/x86_64-linux-gnu/libexpat.so.1.6.0
7f823d321000-7f823d3be000 r-xp 00000000 08:03 2248658                    /usr/lib/x86_64-linux-gnu/libfreetype.so.6.11.1
7f823d3be000-7f823d5bd000 ---p 0009d000 08:03 2248658                    /usr/lib/x86_64-linux-gnu/libfreetype.so.6.11.1
7f823d5bd000-7f823d5c3000 r--p 0009c000 08:03 2248658                    /usr/lib/x86_64-linux-gnu/libfreetype.so.6.11.1
7f823d5c3000-7f823d5c4000 rw-p 000a2000 08:03 2248658                    /usr/lib/x86_64-linux-gnu/libfreetype.so.6.11.1
7f823d5c4000-7f823d5d3000 r-xp 00000000 08:03 2237923                    /usr/lib/x86_64-linux-gnu/libavahi-client.so.3.2.9
7f823d5d3000-7f823d7d3000 ---p 0000f000 08:03 2237923                    /usr/lib/x86_64-linux-gnu/libavahi-client.so.3.2.9
7f823d7d3000-7f823d7d4000 r--p 0000f000 08:03 2237923                    /usr/lib/x86_64-linux-gnu/libavahi-client.so.3.2.9
7f823d7d4000-7f823d7d5000 rw-p 00010000 08:03 2237923                    /usr/lib/x86_64-linux-gnu/libavahi-client.so.3.2.9
7f823d7d5000-7f823d7e0000 r-xp 00000000 08:03 2237925                    /usr/lib/x86_64-linux-gnu/libavahi-common.so.3.5.3
7f823d7e0000-7f823d9df000 ---p 0000b000 08:03 2237925                    /usr/lib/x86_64-linux-gnu/libavahi-common.so.3.5.3
7f823d9df000-7f823d9e0000 r--p 0000a000 08:03 2237925                    /usr/lib/x86_64-linux-gnu/libavahi-common.so.3.5.3
7f823d9e0000-7f823d9e1000 rw-p 0000b000 08:03 2237925                    /usr/lib/x86_64-linux-gnu/libavahi-common.so.3.5.3
7f823d9e1000-7f823da97000 r-xp 00000000 08:03 2228851                    /usr/lib/x86_64-linux-gnu/libgnutls.so.26.22.6
7f823da97000-7f823dc97000 ---p 000b6000 08:03 2228851                    /usr/lib/x86_64-linux-gnu/libgnutls.so.26.22.6
7f823dc97000-7f823dc9d000 r--p 000b6000 08:03 2228851                    /usr/lib/x86_64-linux-gnu/libgnutls.so.26.22.6
7f823dc9d000-7f823dc9e000 rw-p 000bc000 08:03 2228851                    /usr/lib/x86_64-linux-gnu/libgnutls.so.26.22.6
7f823dc9e000-7f823dc9f000 rw-p 00000000 00:00 0 
7f823dc9f000-7f823dce2000 r-xp 00000000 08:03 2238257                    /usr/lib/x86_64-linux-gnu/libgssapi_krb5.so.2.2
7f823dce2000-7f823dee2000 ---p 00043000 08:03 2238257                    /usr/lib/x86_64-linux-gnu/libgssapi_krb5.so.2.2
7f823dee2000-7f823dee3000 r--p 00043000 08:03 2238257                    /usr/lib/x86_64-linux-gnu/libgssapi_krb5.so.2.2
7f823dee3000-7f823dee5000 rw-p 00044000 08:03 2238257                    /usr/lib/x86_64-linux-gnu/libgssapi_krb5.so.2.2
7f823dee5000-7f823df02000 r-xp 00000000 08:03 2238887                    /usr/lib/x86_64-linux-gnu/libxcb.so.1.1.0
7f823df02000-7f823e102000 ---p 0001d000 08:03 2238887                    /usr/lib/x86_64-linux-gnu/libxcb.so.1.1.0
7f823e102000-7f823e103000 r--p 0001d000 08:03 2238887                    /usr/lib/x86_64-linux-gnu/libxcb.so.1.1.0
7f823e103000-7f823e104000 rw-p 0001e000 08:03 2238887                    /usr/lib/x86_64-linux-gnu/libxcb.so.1.1.0
7f823e104000-7f823e153000 r-xp 00000000 08:03 2238230                    /usr/lib/x86_64-linux-gnu/libgobject-2.0.so.0.4002.0
7f823e153000-7f823e353000 ---p 0004f000 08:03 2238230                    /usr/lib/x86_64-linux-gnu/libgobject-2.0.so.0.4002.0
7f823e353000-7f823e354000 r--p 0004f000 08:03 2238230                    /usr/lib/x86_64-linux-gnu/libgobject-2.0.so.0.4002.0
7f823e354000-7f823e355000 rw-p 00050000 08:03 2238230                    /usr/lib/x86_64-linux-gnu/libgobject-2.0.so.0.4002.0
7f823e355000-7f823e4c1000 r-xp 00000000 08:03 2238202                    /usr/lib/x86_64-linux-gnu/libgio-2.0.so.0.4002.0
7f823e4c1000-7f823e6c0000 ---p 0016c000 08:03 2238202                    /usr/lib/x86_64-linux-gnu/libgio-2.0.so.0.4002.0
7f823e6c0000-7f823e6c4000 r--p 0016b000 08:03 2238202                    /usr/lib/x86_64-linux-gnu/libgio-2.0.so.0.4002.0
7f823e6c4000-7f823e6c6000 rw-p 0016f000 08:03 2238202                    /usr/lib/x86_64-linux-gnu/libgio-2.0.so.0.4002.0
7f823e6c6000-7f823e6c8000 rw-p 00000000 00:00 0 
7f823e6c8000-7f823e702000 r-xp 00000000 08:03 2238115                    /usr/lib/x86_64-linux-gnu/libfontconfig.so.1.8.0
7f823e702000-7f823e901000 ---p 0003a000 08:03 2238115                    /usr/lib/x86_64-linux-gnu/libfontconfig.so.1.8.0
7f823e901000-7f823e903000 r--p 00039000 08:03 2238115                    /usr/lib/x86_64-linux-gnu/libfontconfig.so.1.8.0
7f823e903000-7f823e904000 rw-p 0003b000 08:03 2238115                    /usr/lib/x86_64-linux-gnu/libfontconfig.so.1.8.0
7f823e904000-7f823e970000 r-xp 00000000 08:03 2228346                    /usr/lib/x86_64-linux-gnu/libcups.so.2
7f823e970000-7f823eb70000 ---p 0006c000 08:03 2228346                    /usr/lib/x86_64-linux-gnu/libcups.so.2
7f823eb70000-7f823eb77000 r--p 0006c000 08:03 2228346                    /usr/lib/x86_64-linux-gnu/libcups.so.2
7f823eb77000-7f823eb78000 rw-p 00073000 08:03 2228346                    /usr/lib/x86_64-linux-gnu/libcups.so.2
7f823eb78000-7f823eb87000 r-xp 00000000 08:03 2237833                    /usr/lib/x86_64-linux-gnu/libXi.so.6.1.0
7f823eb87000-7f823ed86000 ---p 0000f000 08:03 2237833                    /usr/lib/x86_64-linux-gnu/libXi.so.6.1.0
7f823ed86000-7f823ed87000 r--p 0000e000 08:03 2237833                    /usr/lib/x86_64-linux-gnu/libXi.so.6.1.0
7f823ed87000-7f823ed88000 rw-p 0000f000 08:03 2237833                    /usr/lib/x86_64-linux-gnu/libXi.so.6.1.0
7f823ed88000-7f823ed8d000 r-xp 00000000 08:03 2237860                    /usr/lib/x86_64-linux-gnu/libXtst.so.6.1.0
7f823ed8d000-7f823ef8c000 ---p 00005000 08:03 2237860                    /usr/lib/x86_64-linux-gnu/libXtst.so.6.1.0
7f823ef8c000-7f823ef8d000 r--p 00004000 08:03 2237860                    /usr/lib/x86_64-linux-gnu/libXtst.so.6.1.0
7f823ef8d000-7f823ef8e000 rw-p 00005000 08:03 2237860                    /usr/lib/x86_64-linux-gnu/libXtst.so.6.1.0
7f823ef8e000-7f823ef97000 r-xp 00000000 08:03 2237839                    /usr/lib/x86_64-linux-gnu/libXrender.so.1.3.0
7f823ef97000-7f823f196000 ---p 00009000 08:03 2237839                    /usr/lib/x86_64-linux-gnu/libXrender.so.1.3.0
7f823f196000-7f823f197000 r--p 00008000 08:03 2237839                    /usr/lib/x86_64-linux-gnu/libXrender.so.1.3.0
7f823f197000-7f823f198000 rw-p 00009000 08:03 2237839                    /usr/lib/x86_64-linux-gnu/libXrender.so.1.3.0
7f823f198000-7f823f2c8000 r-xp 00000000 08:03 2237815                    /usr/lib/x86_64-linux-gnu/libX11.so.6.3.0
7f823f2c8000-7f823f4c8000 ---p 00130000 08:03 2237815                    /usr/lib/x86_64-linux-gnu/libX11.so.6.3.0
7f823f4c8000-7f823f4c9000 r--p 00130000 08:03 2237815                    /usr/lib/x86_64-linux-gnu/libX11.so.6.3.0
7f823f4c9000-7f823f4cd000 rw-p 00131000 08:03 2237815                    /usr/lib/x86_64-linux-gnu/libX11.so.6.3.0
7f823f4cd000-7f823f4de000 r-xp 00000000 08:03 2237620                    /usr/lib/x86_64-linux-gnu/libXext.so.6.4.0
7f823f4de000-7f823f6dd000 ---p 00011000 08:03 2237620                    /usr/lib/x86_64-linux-gnu/libXext.so.6.4.0
7f823f6dd000-7f823f6de000 r--p 00010000 08:03 2237620                    /usr/lib/x86_64-linux-gnu/libXext.so.6.4.0
7f823f6de000-7f823f6df000 rw-p 00011000 08:03 2237620                    /usr/lib/x86_64-linux-gnu/libXext.so.6.4.0
7f823f6df000-7f823f727000 r-xp 00000000 08:03 2375805                    /usr/lib/jvm/java-7-openjdk-amd64/jre/lib/amd64/xawt/libmawt.so
7f823f727000-7f823f926000 ---p 00048000 08:03 2375805                    /usr/lib/jvm/java-7-openjdk-amd64/jre/lib/amd64/xawt/libmawt.so
7f823f926000-7f823f927000 r--p 00047000 08:03 2375805                    /usr/lib/jvm/java-7-openjdk-amd64/jre/lib/amd64/xawt/libmawt.so
7f823f927000-7f823f92a000 rw-p 00048000 08:03 2375805                    /usr/lib/jvm/java-7-openjdk-amd64/jre/lib/amd64/xawt/libmawt.so
7f823f92a000-7f823f92b000 rw-p 00000000 00:00 0 
7f823f92b000-7f823f9cb000 r-xp 00000000 08:03 2373578                    /usr/lib/jvm/java-7-openjdk-amd64/jre/lib/amd64/libawt.so
7f823f9cb000-7f823fbcb000 ---p 000a0000 08:03 2373578                    /usr/lib/jvm/java-7-openjdk-amd64/jre/lib/amd64/libawt.so
7f823fbcb000-7f823fbcc000 r--p 000a0000 08:03 2373578                    /usr/lib/jvm/java-7-openjdk-amd64/jre/lib/amd64/libawt.so
7f823fbcc000-7f823fbd7000 rw-p 000a1000 08:03 2373578                    /usr/lib/jvm/java-7-openjdk-amd64/jre/lib/amd64/libawt.so
7f823fbd7000-7f823fbfc000 rw-p 00000000 00:00 0 
7f823fbfc000-7f823fbfd000 ---p 00000000 00:00 0 
7f823fbfd000-7f823fcfd000 rw-p 00000000 00:00 0                          [stack:4903]
7f823fcfd000-7f823fd00000 ---p 00000000 00:00 0 
7f823fd00000-7f823fdfe000 rw-p 00000000 00:00 0                          [stack:4902]
7f823fdfe000-7f823fe01000 ---p 00000000 00:00 0 
7f823fe01000-7f823feff000 rw-p 00000000 00:00 0                          [stack:4901]
7f823feff000-7f823ff02000 ---p 00000000 00:00 0 
7f823ff02000-7f8240000000 rw-p 00000000 00:00 0                          [stack:4900]
7f8240000000-7f8240021000 rw-p 00000000 00:00 0 
7f8240021000-7f8244000000 ---p 00000000 00:00 0 
7f8244000000-7f8244021000 rw-p 00000000 00:00 0 
7f8244021000-7f8248000000 ---p 00000000 00:00 0 
7f8248000000-7f8248021000 rw-p 00000000 00:00 0 
7f8248021000-7f824c000000 ---p 00000000 00:00 0 
7f824c000000-7f824c021000 rw-p 00000000 00:00 0 
7f824c021000-7f8250000000 ---p 00000000 00:00 0 
7f8250000000-7f825050e000 rw-p 00000000 00:00 0 
7f825050e000-7f8254000000 ---p 00000000 00:00 0 
7f8254000000-7f8254535000 rw-p 00000000 00:00 0 
7f8254535000-7f8258000000 ---p 00000000 00:00 0 
7f8258000000-7f825853d000 rw-p 00000000 00:00 0 
7f825853d000-7f825c000000 ---p 00000000 00:00 0 
7f825c079000-7f825c07c000 ---p 00000000 00:00 0 
7f825c07c000-7f825c17a000 rw-p 00000000 00:00 0                          [stack:4899]
7f825c17a000-7f825c9cc000 r--p 00000000 08:03 2236391                    /usr/lib/locale/locale-archive
7f825c9cc000-7f825c9cf000 ---p 00000000 00:00 0 
7f825c9cf000-7f825cacd000 rw-p 00000000 00:00 0                          [stack:4898]
7f825cacd000-7f825cad0000 ---p 00000000 00:00 0 
7f825cad0000-7f825cbce000 rw-p 00000000 00:00 0                          [stack:4897]
7f825cbce000-7f825cbcf000 ---p 00000000 00:00 0 
7f825cbcf000-7f825db1f000 rw-p 00000000 00:00 0                          [stack:4896]
7f825db1f000-7f825dcd0000 r--s 01d27000 08:03 2373615                    /usr/lib/jvm/java-7-openjdk-amd64/jre/lib/rt.jar
7f825dcd0000-7f8260000000 rw-p 00000000 00:00 0 
7f8260000000-7f8260535000 rw-p 00000000 00:00 0 
7f8260535000-7f8264000000 ---p 00000000 00:00 0 
7f8264001000-7f826400b000 r--s 000ae000 08:03 2373575                    /usr/lib/jvm/java-7-openjdk-amd64/jre/lib/resources.jar
7f826400b000-7f8264473000 rw-p 00000000 00:00 0 
7f8264473000-7f8264474000 ---p 00000000 00:00 0 
7f8264474000-7f8264574000 rw-p 00000000 00:00 0                          [stack:4895]
7f8264574000-7f8264575000 ---p 00000000 00:00 0 
7f8264575000-7f8264675000 rw-p 00000000 00:00 0                          [stack:4894]
7f8264675000-7f8264676000 ---p 00000000 00:00 0 
7f8264676000-7f8264776000 rw-p 00000000 00:00 0                          [stack:4893]
7f8264776000-7f8264777000 ---p 00000000 00:00 0 
7f8264777000-7f82649b7000 rw-p 00000000 00:00 0                          [stack:4892]
7f82649b7000-7f82649c2000 rw-p 00000000 00:00 0 
7f82649c2000-7f8264a0a000 rw-p 00000000 00:00 0 
7f8264a0a000-7f8264b4a000 rw-p 00000000 00:00 0 
7f8264b4a000-7f8264b5c000 rw-p 00000000 00:00 0 
7f8264b5c000-7f8264bea000 rw-p 00000000 00:00 0 
7f8264bea000-7f8264beb000 rw-p 00000000 00:00 0 
7f8264beb000-7f8264e5b000 rwxp 00000000 00:00 0 
7f8264e5b000-7f8267beb000 rw-p 00000000 00:00 0 
7f8267beb000-7f8267bf3000 r-xp 00000000 08:03 2373590                    /usr/lib/jvm/java-7-openjdk-amd64/jre/lib/amd64/libzip.so
7f8267bf3000-7f8267df2000 ---p 00008000 08:03 2373590                    /usr/lib/jvm/java-7-openjdk-amd64/jre/lib/amd64/libzip.so
7f8267df2000-7f8267df3000 r--p 00007000 08:03 2373590                    /usr/lib/jvm/java-7-openjdk-amd64/jre/lib/amd64/libzip.so
7f8267df3000-7f8267df4000 rw-p 00008000 08:03 2373590                    /usr/lib/jvm/java-7-openjdk-amd64/jre/lib/amd64/libzip.so
7f8267df4000-7f8267dff000 r-xp 00000000 08:03 1310739                    /lib/x86_64-linux-gnu/libnss_files-2.19.so
7f8267dff000-7f8267ffe000 ---p 0000b000 08:03 1310739                    /lib/x86_64-linux-gnu/libnss_files-2.19.so
7f8267ffe000-7f8267fff000 r--p 0000a000 08:03 1310739                    /lib/x86_64-linux-gnu/libnss_files-2.19.so
7f8267fff000-7f8268000000 rw-p 0000b000 08:03 1310739                    /lib/x86_64-linux-gnu/libnss_files-2.19.so
7f8268000000-7f82681f4000 rw-p 00000000 00:00 0 
7f82681f4000-7f826c000000 ---p 00000000 00:00 0 
7f826c001000-7f826c07d000 rw-p 00000000 00:00 0 
7f826c07d000-7f826c0c5000 rw-p 00000000 00:00 0 
7f826c0c5000-7f826c0d0000 r-xp 00000000 08:03 1314776                    /lib/x86_64-linux-gnu/libnss_nis-2.19.so
7f826c0d0000-7f826c2cf000 ---p 0000b000 08:03 1314776                    /lib/x86_64-linux-gnu/libnss_nis-2.19.so
7f826c2cf000-7f826c2d0000 r--p 0000a000 08:03 1314776                    /lib/x86_64-linux-gnu/libnss_nis-2.19.so
7f826c2d0000-7f826c2d1000 rw-p 0000b000 08:03 1314776                    /lib/x86_64-linux-gnu/libnss_nis-2.19.so
7f826c2d1000-7f826c2e8000 r-xp 00000000 08:03 1310814                    /lib/x86_64-linux-gnu/libnsl-2.19.so
7f826c2e8000-7f826c4e7000 ---p 00017000 08:03 1310814                    /lib/x86_64-linux-gnu/libnsl-2.19.so
7f826c4e7000-7f826c4e8000 r--p 00016000 08:03 1310814                    /lib/x86_64-linux-gnu/libnsl-2.19.so
7f826c4e8000-7f826c4e9000 rw-p 00017000 08:03 1310814                    /lib/x86_64-linux-gnu/libnsl-2.19.so
7f826c4e9000-7f826c4eb000 rw-p 00000000 00:00 0 
7f826c4eb000-7f826c4f4000 r-xp 00000000 08:03 1310813                    /lib/x86_64-linux-gnu/libnss_compat-2.19.so
7f826c4f4000-7f826c6f3000 ---p 00009000 08:03 1310813                    /lib/x86_64-linux-gnu/libnss_compat-2.19.so
7f826c6f3000-7f826c6f4000 r--p 00008000 08:03 1310813                    /lib/x86_64-linux-gnu/libnss_compat-2.19.so
7f826c6f4000-7f826c6f5000 rw-p 00009000 08:03 1310813                    /lib/x86_64-linux-gnu/libnss_compat-2.19.so
7f826c6f5000-7f826c720000 r-xp 00000000 08:03 2373608                    /usr/lib/jvm/java-7-openjdk-amd64/jre/lib/amd64/libjava.so
7f826c720000-7f826c920000 ---p 0002b000 08:03 2373608                    /usr/lib/jvm/java-7-openjdk-amd64/jre/lib/amd64/libjava.so
7f826c920000-7f826c921000 r--p 0002b000 08:03 2373608                    /usr/lib/jvm/java-7-openjdk-amd64/jre/lib/amd64/libjava.so
7f826c921000-7f826c923000 rw-p 0002c000 08:03 2373608                    /usr/lib/jvm/java-7-openjdk-amd64/jre/lib/amd64/libjava.so
7f826c923000-7f826c933000 r-xp 00000000 08:03 2373604                    /usr/lib/jvm/java-7-openjdk-amd64/jre/lib/amd64/libverify.so
7f826c933000-7f826cb32000 ---p 00010000 08:03 2373604                    /usr/lib/jvm/java-7-openjdk-amd64/jre/lib/amd64/libverify.so
7f826cb32000-7f826cb34000 r--p 0000f000 08:03 2373604                    /usr/lib/jvm/java-7-openjdk-amd64/jre/lib/amd64/libverify.so
7f826cb34000-7f826cb35000 rw-p 00011000 08:03 2373604                    /usr/lib/jvm/java-7-openjdk-amd64/jre/lib/amd64/libverify.so
7f826cb35000-7f826cb3c000 r-xp 00000000 08:03 1310822                    /lib/x86_64-linux-gnu/librt-2.19.so
7f826cb3c000-7f826cd3b000 ---p 00007000 08:03 1310822                    /lib/x86_64-linux-gnu/librt-2.19.so
7f826cd3b000-7f826cd3c000 r--p 00006000 08:03 1310822                    /lib/x86_64-linux-gnu/librt-2.19.so
7f826cd3c000-7f826cd3d000 rw-p 00007000 08:03 1310822                    /lib/x86_64-linux-gnu/librt-2.19.so
7f826cd3d000-7f826cd53000 r-xp 00000000 08:03 1314895                    /lib/x86_64-linux-gnu/libgcc_s.so.1
7f826cd53000-7f826cf52000 ---p 00016000 08:03 1314895                    /lib/x86_64-linux-gnu/libgcc_s.so.1
7f826cf52000-7f826cf53000 rw-p 00015000 08:03 1314895                    /lib/x86_64-linux-gnu/libgcc_s.so.1
7f826cf53000-7f826d058000 r-xp 00000000 08:03 1310735                    /lib/x86_64-linux-gnu/libm-2.19.so
7f826d058000-7f826d257000 ---p 00105000 08:03 1310735                    /lib/x86_64-linux-gnu/libm-2.19.so
7f826d257000-7f826d258000 r--p 00104000 08:03 1310735                    /lib/x86_64-linux-gnu/libm-2.19.so
7f826d258000-7f826d259000 rw-p 00105000 08:03 1310735                    /lib/x86_64-linux-gnu/libm-2.19.so
7f826d259000-7f826d33f000 r-xp 00000000 08:03 2238723                    /usr/lib/x86_64-linux-gnu/libstdc++.so.6.0.19
7f826d33f000-7f826d53e000 ---p 000e6000 08:03 2238723                    /usr/lib/x86_64-linux-gnu/libstdc++.so.6.0.19
7f826d53e000-7f826d546000 r--p 000e5000 08:03 2238723                    /usr/lib/x86_64-linux-gnu/libstdc++.so.6.0.19
7f826d546000-7f826d548000 rw-p 000ed000 08:03 2238723                    /usr/lib/x86_64-linux-gnu/libstdc++.so.6.0.19
7f826d548000-7f826d55d000 rw-p 00000000 00:00 0 
7f826d55d000-7f826e075000 r-xp 00000000 08:03 2373613                    /usr/lib/jvm/java-7-openjdk-amd64/jre/lib/amd64/server/libjvm.so
7f826e075000-7f826e275000 ---p 00b18000 08:03 2373613                    /usr/lib/jvm/java-7-openjdk-amd64/jre/lib/amd64/server/libjvm.so
7f826e275000-7f826e30f000 r--p 00b18000 08:03 2373613                    /usr/lib/jvm/java-7-openjdk-amd64/jre/lib/amd64/server/libjvm.so
7f826e30f000-7f826e332000 rw-p 00bb2000 08:03 2373613                    /usr/lib/jvm/java-7-openjdk-amd64/jre/lib/amd64/server/libjvm.so
7f826e332000-7f826e360000 rw-p 00000000 00:00 0 
7f826e360000-7f826e378000 r-xp 00000000 08:03 1315031                    /lib/x86_64-linux-gnu/libz.so.1.2.8
7f826e378000-7f826e577000 ---p 00018000 08:03 1315031                    /lib/x86_64-linux-gnu/libz.so.1.2.8
7f826e577000-7f826e578000 r--p 00017000 08:03 1315031                    /lib/x86_64-linux-gnu/libz.so.1.2.8
7f826e578000-7f826e579000 rw-p 00018000 08:03 1315031                    /lib/x86_64-linux-gnu/libz.so.1.2.8
7f826e579000-7f826e592000 r-xp 00000000 08:03 1310820                    /lib/x86_64-linux-gnu/libpthread-2.19.so
7f826e592000-7f826e791000 ---p 00019000 08:03 1310820                    /lib/x86_64-linux-gnu/libpthread-2.19.so
7f826e791000-7f826e792000 r--p 00018000 08:03 1310820                    /lib/x86_64-linux-gnu/libpthread-2.19.so
7f826e792000-7f826e793000 rw-p 00019000 08:03 1310820                    /lib/x86_64-linux-gnu/libpthread-2.19.so
7f826e793000-7f826e797000 rw-p 00000000 00:00 0 
7f826e797000-7f826e79a000 r-xp 00000000 08:03 1310750                    /lib/x86_64-linux-gnu/libdl-2.19.so
7f826e79a000-7f826e999000 ---p 00003000 08:03 1310750                    /lib/x86_64-linux-gnu/libdl-2.19.so
7f826e999000-7f826e99a000 r--p 00002000 08:03 1310750                    /lib/x86_64-linux-gnu/libdl-2.19.so
7f826e99a000-7f826e99b000 rw-p 00003000 08:03 1310750                    /lib/x86_64-linux-gnu/libdl-2.19.so
7f826e99b000-7f826eb56000 r-xp 00000000 08:03 1310819                    /lib/x86_64-linux-gnu/libc-2.19.so
7f826eb56000-7f826ed55000 ---p 001bb000 08:03 1310819                    /lib/x86_64-linux-gnu/libc-2.19.so
7f826ed55000-7f826ed59000 r--p 001ba000 08:03 1310819                    /lib/x86_64-linux-gnu/libc-2.19.so
7f826ed59000-7f826ed5b000 rw-p 001be000 08:03 1310819                    /lib/x86_64-linux-gnu/libc-2.19.so
7f826ed5b000-7f826ed60000 rw-p 00000000 00:00 0 
7f826ed60000-7f826ed6d000 r-xp 00000000 08:03 2373582                    /usr/lib/jvm/java-7-openjdk-amd64/jre/lib/amd64/jli/libjli.so
7f826ed6d000-7f826ef6c000 ---p 0000d000 08:03 2373582                    /usr/lib/jvm/java-7-openjdk-amd64/jre/lib/amd64/jli/libjli.so
7f826ef6c000-7f826ef6d000 r--p 0000c000 08:03 2373582                    /usr/lib/jvm/java-7-openjdk-amd64/jre/lib/amd64/jli/libjli.so
7f826ef6d000-7f826ef6e000 rw-p 0000d000 08:03 2373582                    /usr/lib/jvm/java-7-openjdk-amd64/jre/lib/amd64/jli/libjli.so
7f826ef6e000-7f826ef91000 r-xp 00000000 08:03 1310816                    /lib/x86_64-linux-gnu/ld-2.19.so
7f826ef94000-7f826ef95000 rw-p 00000000 00:00 0 
7f826ef95000-7f826ef98000 r--s 0000f000 08:03 2373618                    /usr/lib/jvm/java-7-openjdk-amd64/jre/lib/ext/icedtea-sound.jar
7f826ef98000-7f826efb8000 rw-p 00000000 00:00 0 
7f826efb8000-7f826f06e000 rw-p 00000000 00:00 0 
7f826f06e000-7f826f071000 ---p 00000000 00:00 0 
7f826f071000-7f826f174000 rw-p 00000000 00:00 0                          [stack:4891]
7f826f174000-7f826f178000 r--s 00034000 08:03 2373623                    /usr/lib/jvm/java-7-openjdk-amd64/jre/lib/ext/sunjce_provider.jar
7f826f178000-7f826f17c000 r--s 0003c000 08:03 2373621                    /usr/lib/jvm/java-7-openjdk-amd64/jre/lib/ext/sunpkcs11.jar
7f826f17c000-7f826f17d000 r--s 00002000 08:03 2373620                    /usr/lib/jvm/java-7-openjdk-amd64/jre/lib/ext/dnsns.jar
7f826f17d000-7f826f17f000 r--s 00012000 08:03 2373624                    /usr/lib/jvm/java-7-openjdk-amd64/jre/lib/ext/zipfs.jar
7f826f17f000-7f826f182000 r--s 00086000 08:03 2373622                    /usr/lib/jvm/java-7-openjdk-amd64/jre/lib/ext/localedata.jar
7f826f182000-7f826f184000 r--s 00006000 08:03 2642597                    /usr/share/java/java-atk-wrapper.jar
7f826f184000-7f826f18c000 rw-s 00000000 08:03 2118005                    /tmp/hsperfdata_phuong-hoang/4886
7f826f18c000-7f826f18d000 rw-p 00000000 00:00 0 
7f826f18d000-7f826f18e000 ---p 00000000 00:00 0 
7f826f18e000-7f826f190000 rw-p 00000000 00:00 0 
7f826f190000-7f826f191000 r--p 00022000 08:03 1310816                    /lib/x86_64-linux-gnu/ld-2.19.so
7f826f191000-7f826f192000 rw-p 00023000 08:03 1310816                    /lib/x86_64-linux-gnu/ld-2.19.so
7f826f192000-7f826f193000 rw-p 00000000 00:00 0 
7ffd94bfc000-7ffd94c1d000 rw-p 00000000 00:00 0                          [stack]
7ffd94c2a000-7ffd94c2c000 r-xp 00000000 00:00 0                          [vdso]
7ffd94c2c000-7ffd94c2e000 r--p 00000000 00:00 0                          [vvar]
ffffffffff600000-ffffffffff601000 r-xp 00000000 00:00 0                  [vsyscall]

VM Arguments:
jvm_args: -Dfile.encoding=UTF-8 
java_command: Main
Launcher Type: SUN_STANDARD

Environment Variables:
PATH=/home/phuong-hoang/.rvm/gems/ruby-2.1.2/bin:/home/phuong-hoang/.rvm/gems/ruby-2.1.2@global/bin:/home/phuong-hoang/.rvm/rubies/ruby-2.1.2/bin:/usr/local/sbin:/usr/local/bin:/usr/sbin:/usr/bin:/sbin:/bin:/usr/games:/usr/local/games:/home/phuong-hoang/.rvm/bin
SHELL=/bin/bash
DISPLAY=:0

Signal Handlers:
SIGSEGV: [libjvm.so+0x94b9a0], sa_mask[0]=0x7ffbfeff, sa_flags=0x10000004
SIGBUS: [libjvm.so+0x94b9a0], sa_mask[0]=0x7ffbfeff, sa_flags=0x10000004
SIGFPE: [libjvm.so+0x7c3880], sa_mask[0]=0x7ffbfeff, sa_flags=0x10000004
SIGPIPE: [libjvm.so+0x7c3880], sa_mask[0]=0x7ffbfeff, sa_flags=0x10000004
SIGXFSZ: [libjvm.so+0x7c3880], sa_mask[0]=0x7ffbfeff, sa_flags=0x10000004
SIGILL: [libjvm.so+0x7c3880], sa_mask[0]=0x7ffbfeff, sa_flags=0x10000004
SIGUSR1: SIG_DFL, sa_mask[0]=0x00000000, sa_flags=0x00000000
SIGUSR2: [libjvm.so+0x7c3720], sa_mask[0]=0x00000004, sa_flags=0x10000004
SIGHUP: [libjvm.so+0x7c3900], sa_mask[0]=0x7ffbfeff, sa_flags=0x10000004
SIGINT: [libjvm.so+0x7c3900], sa_mask[0]=0x7ffbfeff, sa_flags=0x10000004
SIGTERM: [libjvm.so+0x7c3900], sa_mask[0]=0x7ffbfeff, sa_flags=0x10000004
SIGQUIT: [libjvm.so+0x7c3900], sa_mask[0]=0x7ffbfeff, sa_flags=0x10000004
SIGTRAP: SIG_DFL, sa_mask[0]=0x00000000, sa_flags=0x00000000


---------------  S Y S T E M  ---------------

OS:Ubuntu 14.04 (trusty)
uname:Linux 3.16.0-37-generic #51~14.04.1-Ubuntu SMP Wed May 6 15:23:14 UTC 2015 x86_64
libc:glibc 2.19 NPTL 2.19 
rlimit: STACK 8192k, CORE 0k, NPROC 15272, NOFILE 4096, AS infinity
load average:7,49 3,53 1,59

/proc/meminfo:
MemTotal:        3931248 kB
MemFree:         1006068 kB
MemAvailable:    1200092 kB
Buffers:           36696 kB
Cached:           356088 kB
SwapCached:            0 kB
Active:          2485656 kB
Inactive:         194472 kB
Active(anon):    2289684 kB
Inactive(anon):    48600 kB
Active(file):     195972 kB
Inactive(file):   145872 kB
Unevictable:         592 kB
Mlocked:             592 kB
SwapTotal:             0 kB
SwapFree:              0 kB
Dirty:               364 kB
Writeback:             0 kB
AnonPages:       2290168 kB
Mapped:           332484 kB
Shmem:             50940 kB
Slab:              79008 kB
SReclaimable:      42244 kB
SUnreclaim:        36764 kB
KernelStack:       11200 kB
PageTables:        47188 kB
NFS_Unstable:          0 kB
Bounce:                0 kB
WritebackTmp:          0 kB
CommitLimit:     1965624 kB
Committed_AS:    6959060 kB
VmallocTotal:   34359738367 kB
VmallocUsed:      383568 kB
VmallocChunk:   34359335932 kB
HardwareCorrupted:     0 kB
AnonHugePages:   1415168 kB
HugePages_Total:       0
HugePages_Free:        0
HugePages_Rsvd:        0
HugePages_Surp:        0
Hugepagesize:       2048 kB
DirectMap4k:      176332 kB
DirectMap2M:     3901440 kB


CPU:total 4 (2 cores per cpu, 2 threads per core) family 6 model 58 stepping 9, cmov, cx8, fxsr, mmx, sse, sse2, sse3, ssse3, sse4.1, sse4.2, popcnt, avx, aes, erms, ht, tsc, tscinvbit, tscinv

/proc/cpuinfo:
processor	: 0
vendor_id	: GenuineIntel
cpu family	: 6
model		: 58
model name	: Intel(R) Core(TM) i5-3210M CPU @ 2.50GHz
stepping	: 9
microcode	: 0x12
cpu MHz		: 2900.000
cache size	: 3072 KB
physical id	: 0
siblings	: 4
core id		: 0
cpu cores	: 2
apicid		: 0
initial apicid	: 0
fpu		: yes
fpu_exception	: yes
cpuid level	: 13
wp		: yes
flags		: fpu vme de pse tsc msr pae mce cx8 apic sep mtrr pge mca cmov pat pse36 clflush dts acpi mmx fxsr sse sse2 ss ht tm pbe syscall nx rdtscp lm constant_tsc arch_perfmon pebs bts rep_good nopl xtopology nonstop_tsc aperfmperf eagerfpu pni pclmulqdq dtes64 monitor ds_cpl vmx est tm2 ssse3 cx16 xtpr pdcm pcid sse4_1 sse4_2 x2apic popcnt tsc_deadline_timer aes xsave avx f16c rdrand lahf_lm ida arat epb xsaveopt pln pts dtherm tpr_shadow vnmi flexpriority ept vpid fsgsbase smep erms
bogomips	: 4988.70
clflush size	: 64
cache_alignment	: 64
address sizes	: 36 bits physical, 48 bits virtual
power management:

processor	: 1
vendor_id	: GenuineIntel
cpu family	: 6
model		: 58
model name	: Intel(R) Core(TM) i5-3210M CPU @ 2.50GHz
stepping	: 9
microcode	: 0x12
cpu MHz		: 2900.000
cache size	: 3072 KB
physical id	: 0
siblings	: 4
core id		: 1
cpu cores	: 2
apicid		: 2
initial apicid	: 2
fpu		: yes
fpu_exception	: yes
cpuid level	: 13
wp		: yes
flags		: fpu vme de pse tsc msr pae mce cx8 apic sep mtrr pge mca cmov pat pse36 clflush dts acpi mmx fxsr sse sse2 ss ht tm pbe syscall nx rdtscp lm constant_tsc arch_perfmon pebs bts rep_good nopl xtopology nonstop_tsc aperfmperf eagerfpu pni pclmulqdq dtes64 monitor ds_cpl vmx est tm2 ssse3 cx16 xtpr pdcm pcid sse4_1 sse4_2 x2apic popcnt tsc_deadline_timer aes xsave avx f16c rdrand lahf_lm ida arat epb xsaveopt pln pts dtherm tpr_shadow vnmi flexpriority ept vpid fsgsbase smep erms
bogomips	: 4988.70
clflush size	: 64
cache_alignment	: 64
address sizes	: 36 bits physical, 48 bits virtual
power management:

processor	: 2
vendor_id	: GenuineIntel
cpu family	: 6
model		: 58
model name	: Intel(R) Core(TM) i5-3210M CPU @ 2.50GHz
stepping	: 9
microcode	: 0x12
cpu MHz		: 2900.000
cache size	: 3072 KB
physical id	: 0
siblings	: 4
core id		: 0
cpu cores	: 2
apicid		: 1
initial apicid	: 1
fpu		: yes
fpu_exception	: yes
cpuid level	: 13
wp		: yes
flags		: fpu vme de pse tsc msr pae mce cx8 apic sep mtrr pge mca cmov pat pse36 clflush dts acpi mmx fxsr sse sse2 ss ht tm pbe syscall nx rdtscp lm constant_tsc arch_perfmon pebs bts rep_good nopl xtopology nonstop_tsc aperfmperf eagerfpu pni pclmulqdq dtes64 monitor ds_cpl vmx est tm2 ssse3 cx16 xtpr pdcm pcid sse4_1 sse4_2 x2apic popcnt tsc_deadline_timer aes xsave avx f16c rdrand lahf_lm ida arat epb xsaveopt pln pts dtherm tpr_shadow vnmi flexpriority ept vpid fsgsbase smep erms
bogomips	: 4988.70
clflush size	: 64
cache_alignment	: 64
address sizes	: 36 bits physical, 48 bits virtual
power management:

processor	: 3
vendor_id	: GenuineIntel
cpu family	: 6
model		: 58
model name	: Intel(R) Core(TM) i5-3210M CPU @ 2.50GHz
stepping	: 9
microcode	: 0x12
cpu MHz		: 2900.000
cache size	: 3072 KB
physical id	: 0
siblings	: 4
core id		: 1
cpu cores	: 2
apicid		: 3
initial apicid	: 3
fpu		: yes
fpu_exception	: yes
cpuid level	: 13
wp		: yes
flags		: fpu vme de pse tsc msr pae mce cx8 apic sep mtrr pge mca cmov pat pse36 clflush dts acpi mmx fxsr sse sse2 ss ht tm pbe syscall nx rdtscp lm constant_tsc arch_perfmon pebs bts rep_good nopl xtopology nonstop_tsc aperfmperf eagerfpu pni pclmulqdq dtes64 monitor ds_cpl vmx est tm2 ssse3 cx16 xtpr pdcm pcid sse4_1 sse4_2 x2apic popcnt tsc_deadline_timer aes xsave avx f16c rdrand lahf_lm ida arat epb xsaveopt pln pts dtherm tpr_shadow vnmi flexpriority ept vpid fsgsbase smep erms
bogomips	: 4988.70
clflush size	: 64
cache_alignment	: 64
address sizes	: 36 bits physical, 48 bits virtual
power management:



Memory: 4k page, physical 3931248k(1006068k free), swap 0k(0k free)

vm_info: OpenJDK 64-Bit Server VM (24.79-b02) for linux-amd64 JRE (1.7.0_79-b14), built on Apr 16 2015 08:21:58 by "buildd" with gcc 4.8.2

time: Sun May 24 23:32:44 2015
elapsed time: 2 seconds

