#
# A fatal error has been detected by the Java Runtime Environment:
#
#  SIGSEGV (0xb) at pc=0x00007fe6ea793a93, pid=5166, tid=140629714593536
#
# JRE version: OpenJDK Runtime Environment (7.0_79-b14) (build 1.7.0_79-b14)
# Java VM: OpenJDK 64-Bit Server VM (24.79-b02 mixed mode linux-amd64 compressed oops)
# Derivative: IcedTea 2.5.5
# Distribution: Ubuntu 14.04 LTS, package 7u79-2.5.5-0ubuntu0.14.04.2
# Problematic frame:
# V  [libjvm.so+0x830a93]  oopDesc* PSPromotionManager::copy_to_survivor_space<false>(oopDesc*)+0x253
#
# Failed to write core dump. Core dumps have been disabled. To enable core dumping, try "ulimit -c unlimited" before starting Java again
#
# If you would like to submit a bug report, please include
# instructions on how to reproduce the bug and visit:
#   http://icedtea.classpath.org/bugzilla
#

---------------  T H R E A D  ---------------

Current thread (0x00007fe6e401f800):  GCTaskThread [stack: 0x00007fe6e81ee000,0x00007fe6e82ef000] [id=5173]

siginfo:si_signo=SIGSEGV: si_errno=0, si_code=1 (SEGV_MAPERR), si_addr=0x0000000000000018

Registers:
RAX=0x0000000000000001, RBX=0x00000000fcf01ef0, RCX=0x0000000000000000, RDX=0x0000000000000000
RSP=0x00007fe6e82edce0, RBP=0x00007fe6e82edd40, RSI=0x00007fe6ead25420, RDI=0x00007fe6e4072fe0
R8 =0x00007fe6ead25420, R9 =0x0000000000000000, R10=0x0000000000000001, R11=0x0000000000000246
R12=0x00007fe6e82edd70, R13=0x0000000000000000, R14=0x00007fe6e4072fe0, R15=0x00007fe6e4072f90
RIP=0x00007fe6ea793a93, EFLAGS=0x0000000000010246, CSGSFS=0x0000000000000033, ERR=0x0000000000000004
  TRAPNO=0x000000000000000e

Top of Stack: (sp=0x00007fe6e82edce0)
0x00007fe6e82edce0:   00007fe6e82edd40 00007fe6ea796f40
0x00007fe6e82edcf0:   0000000100000040 00007fe6d96c88f8
0x00007fe6e82edd00:   0000000100000041 0000000000000000
0x00007fe6e82edd10:   00007fe6e82eddc0 0000000000000000
0x00007fe6e82edd20:   00007fe6e82edd70 00007fe6e82edd80
0x00007fe6e82edd30:   0000000000000001 00007fe6e4072f90
0x00007fe6e82edd40:   00007fe6e82eddc0 00007fe6ea796e32
0x00007fe6e82edd50:   00007fe6ead25420 00000000da4509c4
0x00007fe6e82edd60:   00007fe6b41c9ff0 00007fe6e4072fe0
0x00007fe6e82edd70:   00007fe61100434b 00007fe6ea6f2fab
0x00007fe6e82edd80:   00000000da4509c5 00007fe6e401f460
0x00007fe6e82edd90:   00007fe6e82eddc0 0000000000000001
0x00007fe6e82edda0:   00007fe6b41c9ff0 00007fe6ea910e51
0x00007fe6e82eddb0:   00007fe6e401f800 00007fe6ead413ea
0x00007fe6e82eddc0:   00007fe6e82eded0 00007fe6ea4a80b2
0x00007fe6e82eddd0:   00000000000003d8 00007fe6e40205e8
0x00007fe6e82edde0:   00007fe6e4020210 00007fe6e82ede60
0x00007fe6e82eddf0:   00007fe6e40201d0 00007fe6e4020200
0x00007fe6e82ede00:   00007fe6e82ede10 0000000000000000
0x00007fe6e82ede10:   0000000000000000 00007fe6e4020f00
0x00007fe6e82ede20:   00007fe6e401f800 00007fe6e40205f0
0x00007fe6e82ede30:   00007fe6e4020630 00007fe6e4020640
0x00007fe6e82ede40:   00007fe6e4020a18 00000000000003d8
0x00007fe6e82ede50:   00007fe6e4020a20 00007fe6e4021390
0x00007fe6e82ede60:   00007fe6e401f800 00007fe6e40205f0
0x00007fe6e82ede70:   00007fe6e4020630 00007fe6e4020640
0x00007fe6e82ede80:   00007fe6e4020a18 00000000000003d8
0x00007fe6e82ede90:   00007fe6e82ede20 00007fe6e82ee9c0
0x00007fe6e82edea0:   00007fe6e82eded0 00007fe6e4021390
0x00007fe6e82edeb0:   00007fe6e40212a0 00007fe6e401f800
0x00007fe6e82edec0:   00007fe6e82ee9c0 00007fe6e82ee700
0x00007fe6e82eded0:   00007fe6e82edf10 00007fe6ea727f32 

Instructions: (pc=0x00007fe6ea793a93)
0x00007fe6ea793a73:   48 c1 ea 03 83 e2 0f e9 3d fe ff ff 90 8b 56 08
0x00007fe6ea793a83:   48 8d 35 96 19 59 00 8b 4e 08 48 d3 e2 48 03 16
0x00007fe6ea793a93:   8b 4a 18 48 8d 7a 10 83 f9 00 0f 8f ed fd ff ff
0x00007fe6ea793aa3:   0f 85 cf 02 00 00 0f 1f 80 00 00 00 00 48 8b 42 

Register to memory mapping:

RAX=0x0000000000000001 is an unknown value
RBX=0x00000000fcf01ef0 is an unallocated location in the heap
RCX=0x0000000000000000 is an unknown value
RDX=0x0000000000000000 is an unknown value
RSP=0x00007fe6e82edce0 is an unknown value
RBP=0x00007fe6e82edd40 is an unknown value
RSI=0x00007fe6ead25420: <offset 0xdc2420> in /usr/lib/jvm/java-7-openjdk-amd64/jre/lib/amd64/server/libjvm.so at 0x00007fe6e9f63000
RDI=0x00007fe6e4072fe0 is an unknown value
R8 =0x00007fe6ead25420: <offset 0xdc2420> in /usr/lib/jvm/java-7-openjdk-amd64/jre/lib/amd64/server/libjvm.so at 0x00007fe6e9f63000
R9 =0x0000000000000000 is an unknown value
R10=0x0000000000000001 is an unknown value
R11=0x0000000000000246 is an unknown value
R12=0x00007fe6e82edd70 is an unknown value
R13=0x0000000000000000 is an unknown value
R14=0x00007fe6e4072fe0 is an unknown value
R15=0x00007fe6e4072f90 is an unknown value


Stack: [0x00007fe6e81ee000,0x00007fe6e82ef000],  sp=0x00007fe6e82edce0,  free space=1023k
Native frames: (J=compiled Java code, j=interpreted, Vv=VM code, C=native code)
V  [libjvm.so+0x830a93]  oopDesc* PSPromotionManager::copy_to_survivor_space<false>(oopDesc*)+0x253
V  [libjvm.so+0x833e32]  StealTask::do_it(GCTaskManager*, unsigned int)+0x2d2
V  [libjvm.so+0x5450b2]  GCTaskThread::run()+0x162
V  [libjvm.so+0x7c4f32]  java_start(Thread*)+0xf2


---------------  P R O C E S S  ---------------

Java Threads: ( => current thread )
  0x00007fe6e41da000 JavaThread "AWT-XAWT" daemon [_thread_blocked, id=5186, stack(0x00007fe6a6b1a000,0x00007fe6a6c1b000)]
  0x00007fe6e41b9000 JavaThread "Java2D Disposer" daemon [_thread_blocked, id=5185, stack(0x00007fe6d8052000,0x00007fe6d8153000)]
  0x00007fe6e40af000 JavaThread "Service Thread" daemon [_thread_blocked, id=5183, stack(0x00007fe6d8771000,0x00007fe6d8872000)]
  0x00007fe6e40ac800 JavaThread "C2 CompilerThread1" daemon [_thread_blocked, id=5182, stack(0x00007fe6d8872000,0x00007fe6d8973000)]
  0x00007fe6e40a9800 JavaThread "C2 CompilerThread0" daemon [_thread_blocked, id=5181, stack(0x00007fe6d8973000,0x00007fe6d8a74000)]
  0x00007fe6e40a7800 JavaThread "Signal Dispatcher" daemon [_thread_blocked, id=5180, stack(0x00007fe6d8a74000,0x00007fe6d8b75000)]
  0x00007fe6e407c000 JavaThread "Finalizer" daemon [_thread_blocked, id=5179, stack(0x00007fe6d93c7000,0x00007fe6d94c8000)]
  0x00007fe6e407a000 JavaThread "Reference Handler" daemon [_thread_blocked, id=5178, stack(0x00007fe6d94c8000,0x00007fe6d95c9000)]
  0x00007fe6e400a000 JavaThread "main" [_thread_blocked, id=5172, stack(0x00007fe6eba74000,0x00007fe6ebb75000)]

Other Threads:
  0x00007fe6e4075800 VMThread [stack: 0x00007fe6d95c9000,0x00007fe6d96ca000] [id=5177]
  0x00007fe6e40b9800 WatcherThread [stack: 0x00007fe6d8670000,0x00007fe6d8771000] [id=5184]

=>0x00007fe6e401f800 (exited) GCTaskThread [stack: 0x00007fe6e81ee000,0x00007fe6e82ef000] [id=5173]

VM state:at safepoint (normal execution)

VM Mutex/Monitor currently owned by a thread:  ([mutex/lock_event])
[0x00007fe6e4006380] Threads_lock - owner thread: 0x00007fe6e4075800
[0x00007fe6e4006880] Heap_lock - owner thread: 0x00007fe6e400a000

Heap
 PSYoungGen      total 17920K, used 480K [0x00000000ec000000, 0x00000000ee300000, 0x0000000100000000)
  eden space 15360K, 0% used [0x00000000ec000000,0x00000000ec000000,0x00000000ecf00000)
  from space 2560K, 18% used [0x00000000ecf00000,0x00000000ecf78000,0x00000000ed180000)
  to   space 2560K, 20% used [0x00000000ee080000,0x00000000ee100000,0x00000000ee300000)
 ParOldGen       total 655360K, used 531336K [0x00000000c4000000, 0x00000000ec000000, 0x00000000ec000000)
  object space 655360K, 81% used [0x00000000c4000000,0x00000000e46e22d8,0x00000000ec000000)
 PSPermGen       total 21504K, used 6580K [0x00000000b9a00000, 0x00000000baf00000, 0x00000000c4000000)
  object space 21504K, 30% used [0x00000000b9a00000,0x00000000ba06d238,0x00000000baf00000)

Card table byte_map: [0x00007fe6e8482000,0x00007fe6e86b6000] byte_map_base: 0x00007fe6e7eb5000

Polling page: 0x00007fe6ebb93000

Code Cache  [0x00007fe6e1000000, 0x00007fe6e1270000, 0x00007fe6e4000000)
 total_blobs=430 nmethods=90 adapters=293 free_code_cache=48434Kb largest_free_block=49573248

Compilation events (10 events):
Event: 0,699 Thread 0x00007fe6e40ac800   87             java.util.ArrayList::size (5 bytes)
Event: 0,700 Thread 0x00007fe6e40ac800 nmethod 87 0x00007fe6e10a9e10 code [0x00007fe6e10a9f40, 0x00007fe6e10a9f98]
Event: 0,701 Thread 0x00007fe6e40a9800   88             Node::getId (5 bytes)
Event: 0,701 Thread 0x00007fe6e40a9800 nmethod 88 0x00007fe6e1098b10 code [0x00007fe6e1098c40, 0x00007fe6e1098c98]
Event: 0,702 Thread 0x00007fe6e40ac800   89             java.lang.AbstractStringBuilder::ensureCapacityInternal (16 bytes)
Event: 0,703 Thread 0x00007fe6e40a9800   90             Graph::dijkstra (1274 bytes)
Event: 0,706 Thread 0x00007fe6e40ac800 nmethod 89 0x00007fe6e10a4650 code [0x00007fe6e10a47a0, 0x00007fe6e10a4a38]
Event: 0,832 Thread 0x00007fe6e40a9800 nmethod 90 0x00007fe6e10b1cd0 code [0x00007fe6e10b22a0, 0x00007fe6e10b5c18]
Event: 0,832 Thread 0x00007fe6e40ac800   91 %           Graph::dijkstra @ 701 (1274 bytes)
Event: 0,867 Thread 0x00007fe6e40ac800 nmethod 91% 0x00007fe6e10af150 code [0x00007fe6e10af440, 0x00007fe6e10b08e8]

GC Heap History (7 events):
Event: 0,800 GC heap before
{Heap before GC invocations=1 (full 0):
 PSYoungGen      total 17920K, used 13020K [0x00000000ec000000, 0x00000000ed400000, 0x0000000100000000)
  eden space 15360K, 84% used [0x00000000ec000000,0x00000000eccb7360,0x00000000ecf00000)
  from space 2560K, 0% used [0x00000000ed180000,0x00000000ed180000,0x00000000ed400000)
  to   space 2560K, 0% used [0x00000000ecf00000,0x00000000ecf00000,0x00000000ed180000)
 ParOldGen       total 40960K, used 0K [0x00000000c4000000, 0x00000000c6800000, 0x00000000ec000000)
  object space 40960K, 0% used [0x00000000c4000000,0x00000000c4000000,0x00000000c6800000)
 PSPermGen       total 21504K, used 6580K [0x00000000b9a00000, 0x00000000baf00000, 0x00000000c4000000)
  object space 21504K, 30% used [0x00000000b9a00000,0x00000000ba06d238,0x00000000baf00000)
Event: 0,808 GC heap after
Heap after GC invocations=1 (full 0):
 PSYoungGen      total 17920K, used 2542K [0x00000000ec000000, 0x00000000ed400000, 0x0000000100000000)
  eden space 15360K, 0% used [0x00000000ec000000,0x00000000ec000000,0x00000000ecf00000)
  from space 2560K, 99% used [0x00000000ecf00000,0x00000000ed17b908,0x00000000ed180000)
  to   space 2560K, 0% used [0x00000000ed180000,0x00000000ed180000,0x00000000ed400000)
 ParOldGen       total 40960K, used 368K [0x00000000c4000000, 0x00000000c6800000, 0x00000000ec000000)
  object space 40960K, 0% used [0x00000000c4000000,0x00000000c405c020,0x00000000c6800000)
 PSPermGen       total 21504K, used 6580K [0x00000000b9a00000, 0x00000000baf00000, 0x00000000c4000000)
  object space 21504K, 30% used [0x00000000b9a00000,0x00000000ba06d238,0x00000000baf00000)
}
Event: 0,871 GC heap before
{Heap before GC invocations=2 (full 0):
 PSYoungGen      total 17920K, used 10835K [0x00000000ec000000, 0x00000000ed400000, 0x0000000100000000)
  eden space 15360K, 53% used [0x00000000ec000000,0x00000000ec819488,0x00000000ecf00000)
  from space 2560K, 99% used [0x00000000ecf00000,0x00000000ed17b908,0x00000000ed180000)
  to   space 2560K, 0% used [0x00000000ed180000,0x00000000ed180000,0x00000000ed400000)
 ParOldGen       total 40960K, used 368K [0x00000000c4000000, 0x00000000c6800000, 0x00000000ec000000)
  object space 40960K, 0% used [0x00000000c4000000,0x00000000c405c020,0x00000000c6800000)
 PSPermGen       total 21504K, used 6580K [0x00000000b9a00000, 0x00000000baf00000, 0x00000000c4000000)
  object space 21504K, 30% used [0x00000000b9a00000,0x00000000ba06d238,0x00000000baf00000)
Event: 0,886 GC heap after
Heap after GC invocations=2 (full 0):
 PSYoungGen      total 17920K, used 464K [0x00000000ec000000, 0x00000000ee300000, 0x0000000100000000)
  eden space 15360K, 0% used [0x00000000ec000000,0x00000000ec000000,0x00000000ecf00000)
  from space 2560K, 18% used [0x00000000ed180000,0x00000000ed1f4010,0x00000000ed400000)
  to   space 2560K, 0% used [0x00000000ecf00000,0x00000000ecf00000,0x00000000ed180000)
 ParOldGen       total 40960K, used 5116K [0x00000000c4000000, 0x00000000c6800000, 0x00000000ec000000)
  object space 40960K, 12% used [0x00000000c4000000,0x00000000c44ff030,0x00000000c6800000)
 PSPermGen       total 21504K, used 6580K [0x00000000b9a00000, 0x00000000baf00000, 0x00000000c4000000)
  object space 21504K, 30% used [0x00000000b9a00000,0x00000000ba06d238,0x00000000baf00000)
}
Event: 1,369 GC heap before
{Heap before GC invocations=3 (full 0):
 PSYoungGen      total 17920K, used 7586K [0x00000000ec000000, 0x00000000ee300000, 0x0000000100000000)
  eden space 15360K, 46% used [0x00000000ec000000,0x00000000ec6f4808,0x00000000ecf00000)
  from space 2560K, 18% used [0x00000000ed180000,0x00000000ed1f4010,0x00000000ed400000)
  to   space 2560K, 0% used [0x00000000ecf00000,0x00000000ecf00000,0x00000000ed180000)
 ParOldGen       total 655360K, used 531336K [0x00000000c4000000, 0x00000000ec000000, 0x00000000ec000000)
  object space 655360K, 81% used [0x00000000c4000000,0x00000000e46e22d8,0x00000000ec000000)
 PSPermGen       total 21504K, used 6580K [0x00000000b9a00000, 0x00000000baf00000, 0x00000000c4000000)
  object space 21504K, 30% used [0x00000000b9a00000,0x00000000ba06d238,0x00000000baf00000)
Event: 1,873 GC heap after
Heap after GC invocations=3 (full 0):
 PSYoungGen      total 17920K, used 480K [0x00000000ec000000, 0x00000000ee300000, 0x0000000100000000)
  eden space 15360K, 0% used [0x00000000ec000000,0x00000000ec000000,0x00000000ecf00000)
  from space 2560K, 18% used [0x00000000ecf00000,0x00000000ecf78000,0x00000000ed180000)
  to   space 2560K, 0% used [0x00000000ee080000,0x00000000ee080000,0x00000000ee300000)
 ParOldGen       total 655360K, used 531336K [0x00000000c4000000, 0x00000000ec000000, 0x00000000ec000000)
  object space 655360K, 81% used [0x00000000c4000000,0x00000000e46e22d8,0x00000000ec000000)
 PSPermGen       total 21504K, used 6580K [0x00000000b9a00000, 0x00000000baf00000, 0x00000000c4000000)
  object space 21504K, 30% used [0x00000000b9a00000,0x00000000ba06d238,0x00000000baf00000)
}
Event: 1,874 GC heap before
{Heap before GC invocations=4 (full 0):
 PSYoungGen      total 17920K, used 480K [0x00000000ec000000, 0x00000000ee300000, 0x0000000100000000)
  eden space 15360K, 0% used [0x00000000ec000000,0x00000000ec000000,0x00000000ecf00000)
  from space 2560K, 18% used [0x00000000ecf00000,0x00000000ecf78000,0x00000000ed180000)
  to   space 2560K, 0% used [0x00000000ee080000,0x00000000ee080000,0x00000000ee300000)
 ParOldGen       total 655360K, used 531336K [0x00000000c4000000, 0x00000000ec000000, 0x00000000ec000000)
  object space 655360K, 81% used [0x00000000c4000000,0x00000000e46e22d8,0x00000000ec000000)
 PSPermGen       total 21504K, used 6580K [0x00000000b9a00000, 0x00000000baf00000, 0x00000000c4000000)
  object space 21504K, 30% used [0x00000000b9a00000,0x00000000ba06d238,0x00000000baf00000)

Deoptimization events (8 events):
Event: 0,697 Thread 0x00007fe6e400a000 Uncommon trap: reason=class_check action=maybe_recompile pc=0x00007fe6e1095508 method=java.io.PrintStream.write([BII)V @ 16
Event: 0,697 Thread 0x00007fe6e400a000 Uncommon trap: reason=class_check action=maybe_recompile pc=0x00007fe6e1095508 method=java.io.PrintStream.write([BII)V @ 16
Event: 0,697 Thread 0x00007fe6e400a000 Uncommon trap: reason=class_check action=maybe_recompile pc=0x00007fe6e1095508 method=java.io.PrintStream.write([BII)V @ 16
Event: 0,697 Thread 0x00007fe6e400a000 Uncommon trap: reason=class_check action=maybe_recompile pc=0x00007fe6e1095508 method=java.io.PrintStream.write([BII)V @ 16
Event: 0,697 Thread 0x00007fe6e400a000 Uncommon trap: reason=class_check action=maybe_recompile pc=0x00007fe6e109a758 method=java.io.PrintStream.write([BII)V @ 16
Event: 0,697 Thread 0x00007fe6e400a000 Uncommon trap: reason=class_check action=maybe_recompile pc=0x00007fe6e109eeec method=java.io.PrintStream.write([BII)V @ 16
Event: 0,697 Thread 0x00007fe6e400a000 Uncommon trap: reason=class_check action=maybe_recompile pc=0x00007fe6e10a0aa8 method=java.io.PrintStream.write([BII)V @ 16
Event: 0,697 Thread 0x00007fe6e400a000 Uncommon trap: reason=class_check action=maybe_recompile pc=0x00007fe6e10a23fc method=java.io.PrintStream.write([BII)V @ 16

Internal exceptions (10 events):
Event: 0,538 Thread 0x00007fe6e400a000 Threw 0x00000000ec565788 at /build/buildd/openjdk-7-7u79-2.5.5/build/openjdk/hotspot/src/share/vm/prims/jvm.cpp:1284
Event: 0,539 Thread 0x00007fe6e400a000 Threw 0x00000000ec572210 at /build/buildd/openjdk-7-7u79-2.5.5/build/openjdk/hotspot/src/share/vm/prims/jvm.cpp:1284
Event: 0,566 Thread 0x00007fe6e400a000 Threw 0x00000000ec585040 at /build/buildd/openjdk-7-7u79-2.5.5/build/openjdk/hotspot/src/share/vm/prims/jni.cpp:721
Event: 0,622 Thread 0x00007fe6e400a000 Threw 0x00000000ec5b5ac0 at /build/buildd/openjdk-7-7u79-2.5.5/build/openjdk/hotspot/src/share/vm/classfile/systemDictionary.cpp:185
Event: 0,630 Thread 0x00007fe6e400a000 Threw 0x00000000ec5d3628 at /build/buildd/openjdk-7-7u79-2.5.5/build/openjdk/hotspot/src/share/vm/prims/jvm.cpp:1284
Event: 0,630 Thread 0x00007fe6e400a000 Threw 0x00000000ec5d3850 at /build/buildd/openjdk-7-7u79-2.5.5/build/openjdk/hotspot/src/share/vm/prims/jvm.cpp:1284
Event: 0,630 Thread 0x00007fe6e400a000 Threw 0x00000000ec5d6000 at /build/buildd/openjdk-7-7u79-2.5.5/build/openjdk/hotspot/src/share/vm/prims/jvm.cpp:1284
Event: 0,630 Thread 0x00007fe6e400a000 Threw 0x00000000ec5d6228 at /build/buildd/openjdk-7-7u79-2.5.5/build/openjdk/hotspot/src/share/vm/prims/jvm.cpp:1284
Event: 0,630 Thread 0x00007fe6e400a000 Threw 0x00000000ec5d6d28 at /build/buildd/openjdk-7-7u79-2.5.5/build/openjdk/hotspot/src/share/vm/prims/jvm.cpp:1284
Event: 0,630 Thread 0x00007fe6e400a000 Threw 0x00000000ec5d6f50 at /build/buildd/openjdk-7-7u79-2.5.5/build/openjdk/hotspot/src/share/vm/prims/jvm.cpp:1284

Events (10 events):
Event: 0,697 Thread 0x00007fe6e400a000 DEOPT PACKING pc=0x00007fe6e10a0aa8 sp=0x00007fe6ebb73660
Event: 0,697 Thread 0x00007fe6e400a000 DEOPT UNPACKING pc=0x00007fe6e1039445 sp=0x00007fe6ebb735b8 mode 2
Event: 0,697 Thread 0x00007fe6e400a000 Uncommon trap: trap_request=0xffffffde fr.pc=0x00007fe6e10a23fc
Event: 0,697 Thread 0x00007fe6e400a000 DEOPT PACKING pc=0x00007fe6e10a23fc sp=0x00007fe6ebb73620
Event: 0,697 Thread 0x00007fe6e400a000 DEOPT UNPACKING pc=0x00007fe6e1039445 sp=0x00007fe6ebb735f0 mode 2
Event: 0,800 Executing VM operation: ParallelGCFailedAllocation
Event: 0,808 Executing VM operation: ParallelGCFailedAllocation done
Event: 0,871 Executing VM operation: ParallelGCFailedAllocation
Event: 0,886 Executing VM operation: ParallelGCFailedAllocation done
Event: 1,369 Executing VM operation: ParallelGCFailedAllocation


Dynamic libraries:
00400000-00401000 r-xp 00000000 08:03 2373541                            /usr/lib/jvm/java-7-openjdk-amd64/jre/bin/java
00600000-00601000 r--p 00000000 08:03 2373541                            /usr/lib/jvm/java-7-openjdk-amd64/jre/bin/java
00601000-00602000 rw-p 00001000 08:03 2373541                            /usr/lib/jvm/java-7-openjdk-amd64/jre/bin/java
01e34000-01e55000 rw-p 00000000 00:00 0                                  [heap]
b9a00000-baf00000 rw-p 00000000 00:00 0 
baf00000-c4000000 rw-p 00000000 00:00 0 
c4000000-ec000000 rw-p 00000000 00:00 0 
ec000000-ee300000 rw-p 00000000 00:00 0 
ee300000-100000000 rw-p 00000000 00:00 0 
7fe698000000-7fe698021000 rw-p 00000000 00:00 0 
7fe698021000-7fe69c000000 ---p 00000000 00:00 0 
7fe6a0000000-7fe6a0021000 rw-p 00000000 00:00 0 
7fe6a0021000-7fe6a4000000 ---p 00000000 00:00 0 
7fe6a69b9000-7fe6a6b1a000 rw-p 00000000 00:00 0 
7fe6a6b1a000-7fe6a6b1d000 ---p 00000000 00:00 0 
7fe6a6b1d000-7fe6a6c1b000 rw-p 00000000 00:00 0                          [stack:5186]
7fe6a6c1b000-7fe6a6c20000 r-xp 00000000 08:03 2245803                    /usr/lib/x86_64-linux-gnu/libXfixes.so.3.1.0
7fe6a6c20000-7fe6a6e1f000 ---p 00005000 08:03 2245803                    /usr/lib/x86_64-linux-gnu/libXfixes.so.3.1.0
7fe6a6e1f000-7fe6a6e20000 r--p 00004000 08:03 2245803                    /usr/lib/x86_64-linux-gnu/libXfixes.so.3.1.0
7fe6a6e20000-7fe6a6e21000 rw-p 00005000 08:03 2245803                    /usr/lib/x86_64-linux-gnu/libXfixes.so.3.1.0
7fe6a6e21000-7fe6a6e2a000 r-xp 00000000 08:03 2237826                    /usr/lib/x86_64-linux-gnu/libXcursor.so.1.0.2
7fe6a6e2a000-7fe6a7029000 ---p 00009000 08:03 2237826                    /usr/lib/x86_64-linux-gnu/libXcursor.so.1.0.2
7fe6a7029000-7fe6a702a000 r--p 00008000 08:03 2237826                    /usr/lib/x86_64-linux-gnu/libXcursor.so.1.0.2
7fe6a702a000-7fe6a702b000 rw-p 00009000 08:03 2237826                    /usr/lib/x86_64-linux-gnu/libXcursor.so.1.0.2
7fe6a702b000-7fe6a702f000 r-xp 00000000 08:03 1314901                    /lib/x86_64-linux-gnu/libgpg-error.so.0.10.0
7fe6a702f000-7fe6a722e000 ---p 00004000 08:03 1314901                    /lib/x86_64-linux-gnu/libgpg-error.so.0.10.0
7fe6a722e000-7fe6a722f000 r--p 00003000 08:03 1314901                    /lib/x86_64-linux-gnu/libgpg-error.so.0.10.0
7fe6a722f000-7fe6a7230000 rw-p 00004000 08:03 1314901                    /lib/x86_64-linux-gnu/libgpg-error.so.0.10.0
7fe6a7230000-7fe6a7232000 r-xp 00000000 08:03 1314911                    /lib/x86_64-linux-gnu/libkeyutils.so.1.4
7fe6a7232000-7fe6a7432000 ---p 00002000 08:03 1314911                    /lib/x86_64-linux-gnu/libkeyutils.so.1.4
7fe6a7432000-7fe6a7433000 r--p 00002000 08:03 1314911                    /lib/x86_64-linux-gnu/libkeyutils.so.1.4
7fe6a7433000-7fe6a7434000 rw-p 00003000 08:03 1314911                    /lib/x86_64-linux-gnu/libkeyutils.so.1.4
7fe6a7434000-7fe6a7471000 r-xp 00000000 08:03 1314971                    /lib/x86_64-linux-gnu/libpcre.so.3.13.1
7fe6a7471000-7fe6a7670000 ---p 0003d000 08:03 1314971                    /lib/x86_64-linux-gnu/libpcre.so.3.13.1
7fe6a7670000-7fe6a7671000 r--p 0003c000 08:03 1314971                    /lib/x86_64-linux-gnu/libpcre.so.3.13.1
7fe6a7671000-7fe6a7672000 rw-p 0003d000 08:03 1314971                    /lib/x86_64-linux-gnu/libpcre.so.3.13.1
7fe6a7672000-7fe6a7697000 r-xp 00000000 08:03 1314983                    /lib/x86_64-linux-gnu/libpng12.so.0.50.0
7fe6a7697000-7fe6a7896000 ---p 00025000 08:03 1314983                    /lib/x86_64-linux-gnu/libpng12.so.0.50.0
7fe6a7896000-7fe6a7897000 r--p 00024000 08:03 1314983                    /lib/x86_64-linux-gnu/libpng12.so.0.50.0
7fe6a7897000-7fe6a7898000 rw-p 00025000 08:03 1314983                    /lib/x86_64-linux-gnu/libpng12.so.0.50.0
7fe6a7898000-7fe6a78dc000 r-xp 00000000 08:03 1314882                    /lib/x86_64-linux-gnu/libdbus-1.so.3.7.6
7fe6a78dc000-7fe6a7adb000 ---p 00044000 08:03 1314882                    /lib/x86_64-linux-gnu/libdbus-1.so.3.7.6
7fe6a7adb000-7fe6a7adc000 r--p 00043000 08:03 1314882                    /lib/x86_64-linux-gnu/libdbus-1.so.3.7.6
7fe6a7adc000-7fe6a7add000 rw-p 00044000 08:03 1314882                    /lib/x86_64-linux-gnu/libdbus-1.so.3.7.6
7fe6a7add000-7fe6a7b18000 r-xp 00000000 08:03 2238546                    /usr/lib/x86_64-linux-gnu/libp11-kit.so.0.0.0
7fe6a7b18000-7fe6a7d17000 ---p 0003b000 08:03 2238546                    /usr/lib/x86_64-linux-gnu/libp11-kit.so.0.0.0
7fe6a7d17000-7fe6a7d1d000 r--p 0003a000 08:03 2238546                    /usr/lib/x86_64-linux-gnu/libp11-kit.so.0.0.0
7fe6a7d1d000-7fe6a7d1f000 rw-p 00040000 08:03 2238546                    /usr/lib/x86_64-linux-gnu/libp11-kit.so.0.0.0
7fe6a7d1f000-7fe6a7d31000 r-xp 00000000 08:03 2248544                    /usr/lib/x86_64-linux-gnu/libtasn1.so.6.2.0
7fe6a7d31000-7fe6a7f31000 ---p 00012000 08:03 2248544                    /usr/lib/x86_64-linux-gnu/libtasn1.so.6.2.0
7fe6a7f31000-7fe6a7f32000 r--p 00012000 08:03 2248544                    /usr/lib/x86_64-linux-gnu/libtasn1.so.6.2.0
7fe6a7f32000-7fe6a7f33000 rw-p 00013000 08:03 2248544                    /usr/lib/x86_64-linux-gnu/libtasn1.so.6.2.0
7fe6a7f33000-7fe6a7faf000 r-xp 00000000 08:03 1314892                    /lib/x86_64-linux-gnu/libgcrypt.so.11.8.2
7fe6a7faf000-7fe6a81af000 ---p 0007c000 08:03 1314892                    /lib/x86_64-linux-gnu/libgcrypt.so.11.8.2
7fe6a81af000-7fe6a81b0000 r--p 0007c000 08:03 1314892                    /lib/x86_64-linux-gnu/libgcrypt.so.11.8.2
7fe6a81b0000-7fe6a81b3000 rw-p 0007d000 08:03 1314892                    /lib/x86_64-linux-gnu/libgcrypt.so.11.8.2
7fe6a81b3000-7fe6a81bd000 r-xp 00000000 08:03 2238429                    /usr/lib/x86_64-linux-gnu/libkrb5support.so.0.1
7fe6a81bd000-7fe6a83bc000 ---p 0000a000 08:03 2238429                    /usr/lib/x86_64-linux-gnu/libkrb5support.so.0.1
7fe6a83bc000-7fe6a83bd000 r--p 00009000 08:03 2238429                    /usr/lib/x86_64-linux-gnu/libkrb5support.so.0.1
7fe6a83bd000-7fe6a83be000 rw-p 0000a000 08:03 2238429                    /usr/lib/x86_64-linux-gnu/libkrb5support.so.0.1
7fe6a83be000-7fe6a83c1000 r-xp 00000000 08:03 1314887                    /lib/x86_64-linux-gnu/libcom_err.so.2.1
7fe6a83c1000-7fe6a85c0000 ---p 00003000 08:03 1314887                    /lib/x86_64-linux-gnu/libcom_err.so.2.1
7fe6a85c0000-7fe6a85c1000 r--p 00002000 08:03 1314887                    /lib/x86_64-linux-gnu/libcom_err.so.2.1
7fe6a85c1000-7fe6a85c2000 rw-p 00003000 08:03 1314887                    /lib/x86_64-linux-gnu/libcom_err.so.2.1
7fe6a85c2000-7fe6a85ee000 r-xp 00000000 08:03 2238423                    /usr/lib/x86_64-linux-gnu/libk5crypto.so.3.1
7fe6a85ee000-7fe6a87ed000 ---p 0002c000 08:03 2238423                    /usr/lib/x86_64-linux-gnu/libk5crypto.so.3.1
7fe6a87ed000-7fe6a87ef000 r--p 0002b000 08:03 2238423                    /usr/lib/x86_64-linux-gnu/libk5crypto.so.3.1
7fe6a87ef000-7fe6a87f0000 rw-p 0002d000 08:03 2238423                    /usr/lib/x86_64-linux-gnu/libk5crypto.so.3.1
7fe6a87f0000-7fe6a87f1000 rw-p 00000000 00:00 0 
7fe6a87f1000-7fe6a88ad000 r-xp 00000000 08:03 2238427                    /usr/lib/x86_64-linux-gnu/libkrb5.so.3.3
7fe6a88ad000-7fe6a8aad000 ---p 000bc000 08:03 2238427                    /usr/lib/x86_64-linux-gnu/libkrb5.so.3.3
7fe6a8aad000-7fe6a8aba000 r--p 000bc000 08:03 2238427                    /usr/lib/x86_64-linux-gnu/libkrb5.so.3.3
7fe6a8aba000-7fe6a8abc000 rw-p 000c9000 08:03 2238427                    /usr/lib/x86_64-linux-gnu/libkrb5.so.3.3
7fe6a8abc000-7fe6a8ac1000 r-xp 00000000 08:03 2237830                    /usr/lib/x86_64-linux-gnu/libXdmcp.so.6.0.0
7fe6a8ac1000-7fe6a8cc0000 ---p 00005000 08:03 2237830                    /usr/lib/x86_64-linux-gnu/libXdmcp.so.6.0.0
7fe6a8cc0000-7fe6a8cc1000 r--p 00004000 08:03 2237830                    /usr/lib/x86_64-linux-gnu/libXdmcp.so.6.0.0
7fe6a8cc1000-7fe6a8cc2000 rw-p 00005000 08:03 2237830                    /usr/lib/x86_64-linux-gnu/libXdmcp.so.6.0.0
7fe6a8cc2000-7fe6a8cc4000 r-xp 00000000 08:03 2237819                    /usr/lib/x86_64-linux-gnu/libXau.so.6.0.0
7fe6a8cc4000-7fe6a8ec4000 ---p 00002000 08:03 2237819                    /usr/lib/x86_64-linux-gnu/libXau.so.6.0.0
7fe6a8ec4000-7fe6a8ec5000 r--p 00002000 08:03 2237819                    /usr/lib/x86_64-linux-gnu/libXau.so.6.0.0
7fe6a8ec5000-7fe6a8ec6000 rw-p 00003000 08:03 2237819                    /usr/lib/x86_64-linux-gnu/libXau.so.6.0.0
7fe6a8ec6000-7fe6a8ecd000 r-xp 00000000 08:03 2238101                    /usr/lib/x86_64-linux-gnu/libffi.so.6.0.1
7fe6a8ecd000-7fe6a90cc000 ---p 00007000 08:03 2238101                    /usr/lib/x86_64-linux-gnu/libffi.so.6.0.1
7fe6a90cc000-7fe6a90cd000 r--p 00006000 08:03 2238101                    /usr/lib/x86_64-linux-gnu/libffi.so.6.0.1
7fe6a90cd000-7fe6a90ce000 rw-p 00007000 08:03 2238101                    /usr/lib/x86_64-linux-gnu/libffi.so.6.0.1
7fe6a90ce000-7fe6a90e5000 r-xp 00000000 08:03 1310725                    /lib/x86_64-linux-gnu/libresolv-2.19.so
7fe6a90e5000-7fe6a92e5000 ---p 00017000 08:03 1310725                    /lib/x86_64-linux-gnu/libresolv-2.19.so
7fe6a92e5000-7fe6a92e6000 r--p 00017000 08:03 1310725                    /lib/x86_64-linux-gnu/libresolv-2.19.so
7fe6a92e6000-7fe6a92e7000 rw-p 00018000 08:03 1310725                    /lib/x86_64-linux-gnu/libresolv-2.19.so
7fe6a92e7000-7fe6a92e9000 rw-p 00000000 00:00 0 
7fe6a92e9000-7fe6a9309000 r-xp 00000000 08:03 1314998                    /lib/x86_64-linux-gnu/libselinux.so.1
7fe6a9309000-7fe6a9508000 ---p 00020000 08:03 1314998                    /lib/x86_64-linux-gnu/libselinux.so.1
7fe6a9508000-7fe6a9509000 r--p 0001f000 08:03 1314998                    /lib/x86_64-linux-gnu/libselinux.so.1
7fe6a9509000-7fe6a950a000 rw-p 00020000 08:03 1314998                    /lib/x86_64-linux-gnu/libselinux.so.1
7fe6a950a000-7fe6a950c000 rw-p 00000000 00:00 0 
7fe6a950c000-7fe6a9612000 r-xp 00000000 08:03 1314899                    /lib/x86_64-linux-gnu/libglib-2.0.so.0.4002.0
7fe6a9612000-7fe6a9811000 ---p 00106000 08:03 1314899                    /lib/x86_64-linux-gnu/libglib-2.0.so.0.4002.0
7fe6a9811000-7fe6a9812000 r--p 00105000 08:03 1314899                    /lib/x86_64-linux-gnu/libglib-2.0.so.0.4002.0
7fe6a9812000-7fe6a9813000 rw-p 00106000 08:03 1314899                    /lib/x86_64-linux-gnu/libglib-2.0.so.0.4002.0
7fe6a9813000-7fe6a9814000 rw-p 00000000 00:00 0 
7fe6a9814000-7fe6a9817000 r-xp 00000000 08:03 2238214                    /usr/lib/x86_64-linux-gnu/libgmodule-2.0.so.0.4002.0
7fe6a9817000-7fe6a9a16000 ---p 00003000 08:03 2238214                    /usr/lib/x86_64-linux-gnu/libgmodule-2.0.so.0.4002.0
7fe6a9a16000-7fe6a9a17000 r--p 00002000 08:03 2238214                    /usr/lib/x86_64-linux-gnu/libgmodule-2.0.so.0.4002.0
7fe6a9a17000-7fe6a9a18000 rw-p 00003000 08:03 2238214                    /usr/lib/x86_64-linux-gnu/libgmodule-2.0.so.0.4002.0
7fe6a9a18000-7fe6a9a3f000 r-xp 00000000 08:03 1314890                    /lib/x86_64-linux-gnu/libexpat.so.1.6.0
7fe6a9a3f000-7fe6a9c3f000 ---p 00027000 08:03 1314890                    /lib/x86_64-linux-gnu/libexpat.so.1.6.0
7fe6a9c3f000-7fe6a9c41000 r--p 00027000 08:03 1314890                    /lib/x86_64-linux-gnu/libexpat.so.1.6.0
7fe6a9c41000-7fe6a9c42000 rw-p 00029000 08:03 1314890                    /lib/x86_64-linux-gnu/libexpat.so.1.6.0
7fe6a9c42000-7fe6a9cdf000 r-xp 00000000 08:03 2248658                    /usr/lib/x86_64-linux-gnu/libfreetype.so.6.11.1
7fe6a9cdf000-7fe6a9ede000 ---p 0009d000 08:03 2248658                    /usr/lib/x86_64-linux-gnu/libfreetype.so.6.11.1
7fe6a9ede000-7fe6a9ee4000 r--p 0009c000 08:03 2248658                    /usr/lib/x86_64-linux-gnu/libfreetype.so.6.11.1
7fe6a9ee4000-7fe6a9ee5000 rw-p 000a2000 08:03 2248658                    /usr/lib/x86_64-linux-gnu/libfreetype.so.6.11.1
7fe6a9ee5000-7fe6a9ef4000 r-xp 00000000 08:03 2237923                    /usr/lib/x86_64-linux-gnu/libavahi-client.so.3.2.9
7fe6a9ef4000-7fe6aa0f4000 ---p 0000f000 08:03 2237923                    /usr/lib/x86_64-linux-gnu/libavahi-client.so.3.2.9
7fe6aa0f4000-7fe6aa0f5000 r--p 0000f000 08:03 2237923                    /usr/lib/x86_64-linux-gnu/libavahi-client.so.3.2.9
7fe6aa0f5000-7fe6aa0f6000 rw-p 00010000 08:03 2237923                    /usr/lib/x86_64-linux-gnu/libavahi-client.so.3.2.9
7fe6aa0f6000-7fe6aa101000 r-xp 00000000 08:03 2237925                    /usr/lib/x86_64-linux-gnu/libavahi-common.so.3.5.3
7fe6aa101000-7fe6aa300000 ---p 0000b000 08:03 2237925                    /usr/lib/x86_64-linux-gnu/libavahi-common.so.3.5.3
7fe6aa300000-7fe6aa301000 r--p 0000a000 08:03 2237925                    /usr/lib/x86_64-linux-gnu/libavahi-common.so.3.5.3
7fe6aa301000-7fe6aa302000 rw-p 0000b000 08:03 2237925                    /usr/lib/x86_64-linux-gnu/libavahi-common.so.3.5.3
7fe6aa302000-7fe6aa3b8000 r-xp 00000000 08:03 2228851                    /usr/lib/x86_64-linux-gnu/libgnutls.so.26.22.6
7fe6aa3b8000-7fe6aa5b8000 ---p 000b6000 08:03 2228851                    /usr/lib/x86_64-linux-gnu/libgnutls.so.26.22.6
7fe6aa5b8000-7fe6aa5be000 r--p 000b6000 08:03 2228851                    /usr/lib/x86_64-linux-gnu/libgnutls.so.26.22.6
7fe6aa5be000-7fe6aa5bf000 rw-p 000bc000 08:03 2228851                    /usr/lib/x86_64-linux-gnu/libgnutls.so.26.22.6
7fe6aa5bf000-7fe6aa5c0000 rw-p 00000000 00:00 0 
7fe6aa5c0000-7fe6aa603000 r-xp 00000000 08:03 2238257                    /usr/lib/x86_64-linux-gnu/libgssapi_krb5.so.2.2
7fe6aa603000-7fe6aa803000 ---p 00043000 08:03 2238257                    /usr/lib/x86_64-linux-gnu/libgssapi_krb5.so.2.2
7fe6aa803000-7fe6aa804000 r--p 00043000 08:03 2238257                    /usr/lib/x86_64-linux-gnu/libgssapi_krb5.so.2.2
7fe6aa804000-7fe6aa806000 rw-p 00044000 08:03 2238257                    /usr/lib/x86_64-linux-gnu/libgssapi_krb5.so.2.2
7fe6aa806000-7fe6aa823000 r-xp 00000000 08:03 2238887                    /usr/lib/x86_64-linux-gnu/libxcb.so.1.1.0
7fe6aa823000-7fe6aaa23000 ---p 0001d000 08:03 2238887                    /usr/lib/x86_64-linux-gnu/libxcb.so.1.1.0
7fe6aaa23000-7fe6aaa24000 r--p 0001d000 08:03 2238887                    /usr/lib/x86_64-linux-gnu/libxcb.so.1.1.0
7fe6aaa24000-7fe6aaa25000 rw-p 0001e000 08:03 2238887                    /usr/lib/x86_64-linux-gnu/libxcb.so.1.1.0
7fe6aaa25000-7fe6aaa74000 r-xp 00000000 08:03 2238230                    /usr/lib/x86_64-linux-gnu/libgobject-2.0.so.0.4002.0
7fe6aaa74000-7fe6aac74000 ---p 0004f000 08:03 2238230                    /usr/lib/x86_64-linux-gnu/libgobject-2.0.so.0.4002.0
7fe6aac74000-7fe6aac75000 r--p 0004f000 08:03 2238230                    /usr/lib/x86_64-linux-gnu/libgobject-2.0.so.0.4002.0
7fe6aac75000-7fe6aac76000 rw-p 00050000 08:03 2238230                    /usr/lib/x86_64-linux-gnu/libgobject-2.0.so.0.4002.0
7fe6aac76000-7fe6aade2000 r-xp 00000000 08:03 2238202                    /usr/lib/x86_64-linux-gnu/libgio-2.0.so.0.4002.0
7fe6aade2000-7fe6aafe1000 ---p 0016c000 08:03 2238202                    /usr/lib/x86_64-linux-gnu/libgio-2.0.so.0.4002.0
7fe6aafe1000-7fe6aafe5000 r--p 0016b000 08:03 2238202                    /usr/lib/x86_64-linux-gnu/libgio-2.0.so.0.4002.0
7fe6aafe5000-7fe6aafe7000 rw-p 0016f000 08:03 2238202                    /usr/lib/x86_64-linux-gnu/libgio-2.0.so.0.4002.0
7fe6aafe7000-7fe6aafe9000 rw-p 00000000 00:00 0 
7fe6aafe9000-7fe6ab023000 r-xp 00000000 08:03 2238115                    /usr/lib/x86_64-linux-gnu/libfontconfig.so.1.8.0
7fe6ab023000-7fe6ab222000 ---p 0003a000 08:03 2238115                    /usr/lib/x86_64-linux-gnu/libfontconfig.so.1.8.0
7fe6ab222000-7fe6ab224000 r--p 00039000 08:03 2238115                    /usr/lib/x86_64-linux-gnu/libfontconfig.so.1.8.0
7fe6ab224000-7fe6ab225000 rw-p 0003b000 08:03 2238115                    /usr/lib/x86_64-linux-gnu/libfontconfig.so.1.8.0
7fe6ab225000-7fe6ab291000 r-xp 00000000 08:03 2228346                    /usr/lib/x86_64-linux-gnu/libcups.so.2
7fe6ab291000-7fe6ab491000 ---p 0006c000 08:03 2228346                    /usr/lib/x86_64-linux-gnu/libcups.so.2
7fe6ab491000-7fe6ab498000 r--p 0006c000 08:03 2228346                    /usr/lib/x86_64-linux-gnu/libcups.so.2
7fe6ab498000-7fe6ab499000 rw-p 00073000 08:03 2228346                    /usr/lib/x86_64-linux-gnu/libcups.so.2
7fe6ab499000-7fe6ab4a8000 r-xp 00000000 08:03 2237833                    /usr/lib/x86_64-linux-gnu/libXi.so.6.1.0
7fe6ab4a8000-7fe6ab6a7000 ---p 0000f000 08:03 2237833                    /usr/lib/x86_64-linux-gnu/libXi.so.6.1.0
7fe6ab6a7000-7fe6ab6a8000 r--p 0000e000 08:03 2237833                    /usr/lib/x86_64-linux-gnu/libXi.so.6.1.0
7fe6ab6a8000-7fe6ab6a9000 rw-p 0000f000 08:03 2237833                    /usr/lib/x86_64-linux-gnu/libXi.so.6.1.0
7fe6ab6a9000-7fe6ab6ae000 r-xp 00000000 08:03 2237860                    /usr/lib/x86_64-linux-gnu/libXtst.so.6.1.0
7fe6ab6ae000-7fe6ab8ad000 ---p 00005000 08:03 2237860                    /usr/lib/x86_64-linux-gnu/libXtst.so.6.1.0
7fe6ab8ad000-7fe6ab8ae000 r--p 00004000 08:03 2237860                    /usr/lib/x86_64-linux-gnu/libXtst.so.6.1.0
7fe6ab8ae000-7fe6ab8af000 rw-p 00005000 08:03 2237860                    /usr/lib/x86_64-linux-gnu/libXtst.so.6.1.0
7fe6ab8af000-7fe6ab8b8000 r-xp 00000000 08:03 2237839                    /usr/lib/x86_64-linux-gnu/libXrender.so.1.3.0
7fe6ab8b8000-7fe6abab7000 ---p 00009000 08:03 2237839                    /usr/lib/x86_64-linux-gnu/libXrender.so.1.3.0
7fe6abab7000-7fe6abab8000 r--p 00008000 08:03 2237839                    /usr/lib/x86_64-linux-gnu/libXrender.so.1.3.0
7fe6abab8000-7fe6abab9000 rw-p 00009000 08:03 2237839                    /usr/lib/x86_64-linux-gnu/libXrender.so.1.3.0
7fe6abab9000-7fe6abbe9000 r-xp 00000000 08:03 2237815                    /usr/lib/x86_64-linux-gnu/libX11.so.6.3.0
7fe6abbe9000-7fe6abde9000 ---p 00130000 08:03 2237815                    /usr/lib/x86_64-linux-gnu/libX11.so.6.3.0
7fe6abde9000-7fe6abdea000 r--p 00130000 08:03 2237815                    /usr/lib/x86_64-linux-gnu/libX11.so.6.3.0
7fe6abdea000-7fe6abdee000 rw-p 00131000 08:03 2237815                    /usr/lib/x86_64-linux-gnu/libX11.so.6.3.0
7fe6abdee000-7fe6abdff000 r-xp 00000000 08:03 2237620                    /usr/lib/x86_64-linux-gnu/libXext.so.6.4.0
7fe6abdff000-7fe6abffe000 ---p 00011000 08:03 2237620                    /usr/lib/x86_64-linux-gnu/libXext.so.6.4.0
7fe6abffe000-7fe6abfff000 r--p 00010000 08:03 2237620                    /usr/lib/x86_64-linux-gnu/libXext.so.6.4.0
7fe6abfff000-7fe6ac000000 rw-p 00011000 08:03 2237620                    /usr/lib/x86_64-linux-gnu/libXext.so.6.4.0
7fe6ac000000-7fe6ac021000 rw-p 00000000 00:00 0 
7fe6ac021000-7fe6b0000000 ---p 00000000 00:00 0 
7fe6b0000000-7fe6b0021000 rw-p 00000000 00:00 0 
7fe6b0021000-7fe6b4000000 ---p 00000000 00:00 0 
7fe6b4000000-7fe6b47b5000 rw-p 00000000 00:00 0 
7fe6b47b5000-7fe6b8000000 ---p 00000000 00:00 0 
7fe6b8000000-7fe6b8460000 rw-p 00000000 00:00 0 
7fe6b8460000-7fe6bc000000 ---p 00000000 00:00 0 
7fe6bc000000-7fe6bc021000 rw-p 00000000 00:00 0 
7fe6bc021000-7fe6c0000000 ---p 00000000 00:00 0 
7fe6c0000000-7fe6c0021000 rw-p 00000000 00:00 0 
7fe6c0021000-7fe6c4000000 ---p 00000000 00:00 0 
7fe6c4000000-7fe6c4021000 rw-p 00000000 00:00 0 
7fe6c4021000-7fe6c8000000 ---p 00000000 00:00 0 
7fe6c8000000-7fe6c8021000 rw-p 00000000 00:00 0 
7fe6c8021000-7fe6cc000000 ---p 00000000 00:00 0 
7fe6cc000000-7fe6cc021000 rw-p 00000000 00:00 0 
7fe6cc021000-7fe6d0000000 ---p 00000000 00:00 0 
7fe6d0000000-7fe6d0021000 rw-p 00000000 00:00 0 
7fe6d0021000-7fe6d4000000 ---p 00000000 00:00 0 
7fe6d4000000-7fe6d4021000 rw-p 00000000 00:00 0 
7fe6d4021000-7fe6d8000000 ---p 00000000 00:00 0 
7fe6d8052000-7fe6d8055000 ---p 00000000 00:00 0 
7fe6d8055000-7fe6d8153000 rw-p 00000000 00:00 0                          [stack:5185]
7fe6d8153000-7fe6d819b000 r-xp 00000000 08:03 2375805                    /usr/lib/jvm/java-7-openjdk-amd64/jre/lib/amd64/xawt/libmawt.so
7fe6d819b000-7fe6d839a000 ---p 00048000 08:03 2375805                    /usr/lib/jvm/java-7-openjdk-amd64/jre/lib/amd64/xawt/libmawt.so
7fe6d839a000-7fe6d839b000 r--p 00047000 08:03 2375805                    /usr/lib/jvm/java-7-openjdk-amd64/jre/lib/amd64/xawt/libmawt.so
7fe6d839b000-7fe6d839e000 rw-p 00048000 08:03 2375805                    /usr/lib/jvm/java-7-openjdk-amd64/jre/lib/amd64/xawt/libmawt.so
7fe6d839e000-7fe6d839f000 rw-p 00000000 00:00 0 
7fe6d839f000-7fe6d843f000 r-xp 00000000 08:03 2373578                    /usr/lib/jvm/java-7-openjdk-amd64/jre/lib/amd64/libawt.so
7fe6d843f000-7fe6d863f000 ---p 000a0000 08:03 2373578                    /usr/lib/jvm/java-7-openjdk-amd64/jre/lib/amd64/libawt.so
7fe6d863f000-7fe6d8640000 r--p 000a0000 08:03 2373578                    /usr/lib/jvm/java-7-openjdk-amd64/jre/lib/amd64/libawt.so
7fe6d8640000-7fe6d864b000 rw-p 000a1000 08:03 2373578                    /usr/lib/jvm/java-7-openjdk-amd64/jre/lib/amd64/libawt.so
7fe6d864b000-7fe6d8670000 rw-p 00000000 00:00 0 
7fe6d8670000-7fe6d8671000 ---p 00000000 00:00 0 
7fe6d8671000-7fe6d8771000 rw-p 00000000 00:00 0                          [stack:5184]
7fe6d8771000-7fe6d8774000 ---p 00000000 00:00 0 
7fe6d8774000-7fe6d8872000 rw-p 00000000 00:00 0                          [stack:5183]
7fe6d8872000-7fe6d8875000 ---p 00000000 00:00 0 
7fe6d8875000-7fe6d8973000 rw-p 00000000 00:00 0                          [stack:5182]
7fe6d8973000-7fe6d8976000 ---p 00000000 00:00 0 
7fe6d8976000-7fe6d8a74000 rw-p 00000000 00:00 0                          [stack:5181]
7fe6d8a74000-7fe6d8a77000 ---p 00000000 00:00 0 
7fe6d8a77000-7fe6d8b75000 rw-p 00000000 00:00 0                          [stack:5180]
7fe6d8b75000-7fe6d93c7000 r--p 00000000 08:03 2236391                    /usr/lib/locale/locale-archive
7fe6d93c7000-7fe6d93ca000 ---p 00000000 00:00 0 
7fe6d93ca000-7fe6d94c8000 rw-p 00000000 00:00 0                          [stack:5179]
7fe6d94c8000-7fe6d94cb000 ---p 00000000 00:00 0 
7fe6d94cb000-7fe6d95c9000 rw-p 00000000 00:00 0                          [stack:5178]
7fe6d95c9000-7fe6d95ca000 ---p 00000000 00:00 0 
7fe6d95ca000-7fe6dc000000 rw-p 00000000 00:00 0                          [stack:5177]
7fe6dc000000-7fe6dc0e2000 rw-p 00000000 00:00 0 
7fe6dc0e2000-7fe6e0000000 ---p 00000000 00:00 0 
7fe6e000d000-7fe6e0017000 r--s 000ae000 08:03 2373575                    /usr/lib/jvm/java-7-openjdk-amd64/jre/lib/resources.jar
7fe6e0017000-7fe6e09a4000 rw-p 00000000 00:00 0 
7fe6e09a4000-7fe6e0b55000 r--s 01d27000 08:03 2373615                    /usr/lib/jvm/java-7-openjdk-amd64/jre/lib/rt.jar
7fe6e0b55000-7fe6e0dfe000 rw-p 00000000 00:00 0 
7fe6e0dfe000-7fe6e0dff000 ---p 00000000 00:00 0 
7fe6e0dff000-7fe6e0eff000 rw-p 00000000 00:00 0                          [stack:5176]
7fe6e0eff000-7fe6e0f00000 ---p 00000000 00:00 0 
7fe6e0f00000-7fe6e1000000 rw-p 00000000 00:00 0                          [stack:5175]
7fe6e1000000-7fe6e1270000 rwxp 00000000 00:00 0 
7fe6e1270000-7fe6e4200000 rw-p 00000000 00:00 0 
7fe6e4200000-7fe6e8000000 ---p 00000000 00:00 0 
7fe6e8000000-7fe6e80ed000 rw-p 00000000 00:00 0 
7fe6e80ed000-7fe6e80ee000 ---p 00000000 00:00 0 
7fe6e80ee000-7fe6e81ee000 rw-p 00000000 00:00 0                          [stack:5174]
7fe6e81ee000-7fe6e81ef000 ---p 00000000 00:00 0 
7fe6e81ef000-7fe6e82fa000 rw-p 00000000 00:00 0                          [stack:5173]
7fe6e82fa000-7fe6e8342000 rw-p 00000000 00:00 0 
7fe6e8342000-7fe6e8482000 rw-p 00000000 00:00 0 
7fe6e8482000-7fe6e848d000 rw-p 00000000 00:00 0 
7fe6e848d000-7fe6e84d5000 rw-p 00000000 00:00 0 
7fe6e84d5000-7fe6e8615000 rw-p 00000000 00:00 0 
7fe6e8615000-7fe6e8627000 rw-p 00000000 00:00 0 
7fe6e8627000-7fe6e86b5000 rw-p 00000000 00:00 0 
7fe6e86b5000-7fe6e86b6000 rw-p 00000000 00:00 0 
7fe6e86b6000-7fe6e86be000 r-xp 00000000 08:03 2373590                    /usr/lib/jvm/java-7-openjdk-amd64/jre/lib/amd64/libzip.so
7fe6e86be000-7fe6e88bd000 ---p 00008000 08:03 2373590                    /usr/lib/jvm/java-7-openjdk-amd64/jre/lib/amd64/libzip.so
7fe6e88bd000-7fe6e88be000 r--p 00007000 08:03 2373590                    /usr/lib/jvm/java-7-openjdk-amd64/jre/lib/amd64/libzip.so
7fe6e88be000-7fe6e88bf000 rw-p 00008000 08:03 2373590                    /usr/lib/jvm/java-7-openjdk-amd64/jre/lib/amd64/libzip.so
7fe6e88bf000-7fe6e88ca000 r-xp 00000000 08:03 1310739                    /lib/x86_64-linux-gnu/libnss_files-2.19.so
7fe6e88ca000-7fe6e8ac9000 ---p 0000b000 08:03 1310739                    /lib/x86_64-linux-gnu/libnss_files-2.19.so
7fe6e8ac9000-7fe6e8aca000 r--p 0000a000 08:03 1310739                    /lib/x86_64-linux-gnu/libnss_files-2.19.so
7fe6e8aca000-7fe6e8acb000 rw-p 0000b000 08:03 1310739                    /lib/x86_64-linux-gnu/libnss_files-2.19.so
7fe6e8acb000-7fe6e8ad6000 r-xp 00000000 08:03 1314776                    /lib/x86_64-linux-gnu/libnss_nis-2.19.so
7fe6e8ad6000-7fe6e8cd5000 ---p 0000b000 08:03 1314776                    /lib/x86_64-linux-gnu/libnss_nis-2.19.so
7fe6e8cd5000-7fe6e8cd6000 r--p 0000a000 08:03 1314776                    /lib/x86_64-linux-gnu/libnss_nis-2.19.so
7fe6e8cd6000-7fe6e8cd7000 rw-p 0000b000 08:03 1314776                    /lib/x86_64-linux-gnu/libnss_nis-2.19.so
7fe6e8cd7000-7fe6e8cee000 r-xp 00000000 08:03 1310814                    /lib/x86_64-linux-gnu/libnsl-2.19.so
7fe6e8cee000-7fe6e8eed000 ---p 00017000 08:03 1310814                    /lib/x86_64-linux-gnu/libnsl-2.19.so
7fe6e8eed000-7fe6e8eee000 r--p 00016000 08:03 1310814                    /lib/x86_64-linux-gnu/libnsl-2.19.so
7fe6e8eee000-7fe6e8eef000 rw-p 00017000 08:03 1310814                    /lib/x86_64-linux-gnu/libnsl-2.19.so
7fe6e8eef000-7fe6e8ef1000 rw-p 00000000 00:00 0 
7fe6e8ef1000-7fe6e8efa000 r-xp 00000000 08:03 1310813                    /lib/x86_64-linux-gnu/libnss_compat-2.19.so
7fe6e8efa000-7fe6e90f9000 ---p 00009000 08:03 1310813                    /lib/x86_64-linux-gnu/libnss_compat-2.19.so
7fe6e90f9000-7fe6e90fa000 r--p 00008000 08:03 1310813                    /lib/x86_64-linux-gnu/libnss_compat-2.19.so
7fe6e90fa000-7fe6e90fb000 rw-p 00009000 08:03 1310813                    /lib/x86_64-linux-gnu/libnss_compat-2.19.so
7fe6e90fb000-7fe6e9126000 r-xp 00000000 08:03 2373608                    /usr/lib/jvm/java-7-openjdk-amd64/jre/lib/amd64/libjava.so
7fe6e9126000-7fe6e9326000 ---p 0002b000 08:03 2373608                    /usr/lib/jvm/java-7-openjdk-amd64/jre/lib/amd64/libjava.so
7fe6e9326000-7fe6e9327000 r--p 0002b000 08:03 2373608                    /usr/lib/jvm/java-7-openjdk-amd64/jre/lib/amd64/libjava.so
7fe6e9327000-7fe6e9329000 rw-p 0002c000 08:03 2373608                    /usr/lib/jvm/java-7-openjdk-amd64/jre/lib/amd64/libjava.so
7fe6e9329000-7fe6e9339000 r-xp 00000000 08:03 2373604                    /usr/lib/jvm/java-7-openjdk-amd64/jre/lib/amd64/libverify.so
7fe6e9339000-7fe6e9538000 ---p 00010000 08:03 2373604                    /usr/lib/jvm/java-7-openjdk-amd64/jre/lib/amd64/libverify.so
7fe6e9538000-7fe6e953a000 r--p 0000f000 08:03 2373604                    /usr/lib/jvm/java-7-openjdk-amd64/jre/lib/amd64/libverify.so
7fe6e953a000-7fe6e953b000 rw-p 00011000 08:03 2373604                    /usr/lib/jvm/java-7-openjdk-amd64/jre/lib/amd64/libverify.so
7fe6e953b000-7fe6e9542000 r-xp 00000000 08:03 1310822                    /lib/x86_64-linux-gnu/librt-2.19.so
7fe6e9542000-7fe6e9741000 ---p 00007000 08:03 1310822                    /lib/x86_64-linux-gnu/librt-2.19.so
7fe6e9741000-7fe6e9742000 r--p 00006000 08:03 1310822                    /lib/x86_64-linux-gnu/librt-2.19.so
7fe6e9742000-7fe6e9743000 rw-p 00007000 08:03 1310822                    /lib/x86_64-linux-gnu/librt-2.19.so
7fe6e9743000-7fe6e9759000 r-xp 00000000 08:03 1314895                    /lib/x86_64-linux-gnu/libgcc_s.so.1
7fe6e9759000-7fe6e9958000 ---p 00016000 08:03 1314895                    /lib/x86_64-linux-gnu/libgcc_s.so.1
7fe6e9958000-7fe6e9959000 rw-p 00015000 08:03 1314895                    /lib/x86_64-linux-gnu/libgcc_s.so.1
7fe6e9959000-7fe6e9a5e000 r-xp 00000000 08:03 1310735                    /lib/x86_64-linux-gnu/libm-2.19.so
7fe6e9a5e000-7fe6e9c5d000 ---p 00105000 08:03 1310735                    /lib/x86_64-linux-gnu/libm-2.19.so
7fe6e9c5d000-7fe6e9c5e000 r--p 00104000 08:03 1310735                    /lib/x86_64-linux-gnu/libm-2.19.so
7fe6e9c5e000-7fe6e9c5f000 rw-p 00105000 08:03 1310735                    /lib/x86_64-linux-gnu/libm-2.19.so
7fe6e9c5f000-7fe6e9d45000 r-xp 00000000 08:03 2238723                    /usr/lib/x86_64-linux-gnu/libstdc++.so.6.0.19
7fe6e9d45000-7fe6e9f44000 ---p 000e6000 08:03 2238723                    /usr/lib/x86_64-linux-gnu/libstdc++.so.6.0.19
7fe6e9f44000-7fe6e9f4c000 r--p 000e5000 08:03 2238723                    /usr/lib/x86_64-linux-gnu/libstdc++.so.6.0.19
7fe6e9f4c000-7fe6e9f4e000 rw-p 000ed000 08:03 2238723                    /usr/lib/x86_64-linux-gnu/libstdc++.so.6.0.19
7fe6e9f4e000-7fe6e9f63000 rw-p 00000000 00:00 0 
7fe6e9f63000-7fe6eaa7b000 r-xp 00000000 08:03 2373613                    /usr/lib/jvm/java-7-openjdk-amd64/jre/lib/amd64/server/libjvm.so
7fe6eaa7b000-7fe6eac7b000 ---p 00b18000 08:03 2373613                    /usr/lib/jvm/java-7-openjdk-amd64/jre/lib/amd64/server/libjvm.so
7fe6eac7b000-7fe6ead15000 r--p 00b18000 08:03 2373613                    /usr/lib/jvm/java-7-openjdk-amd64/jre/lib/amd64/server/libjvm.so
7fe6ead15000-7fe6ead38000 rw-p 00bb2000 08:03 2373613                    /usr/lib/jvm/java-7-openjdk-amd64/jre/lib/amd64/server/libjvm.so
7fe6ead38000-7fe6ead66000 rw-p 00000000 00:00 0 
7fe6ead66000-7fe6ead7e000 r-xp 00000000 08:03 1315031                    /lib/x86_64-linux-gnu/libz.so.1.2.8
7fe6ead7e000-7fe6eaf7d000 ---p 00018000 08:03 1315031                    /lib/x86_64-linux-gnu/libz.so.1.2.8
7fe6eaf7d000-7fe6eaf7e000 r--p 00017000 08:03 1315031                    /lib/x86_64-linux-gnu/libz.so.1.2.8
7fe6eaf7e000-7fe6eaf7f000 rw-p 00018000 08:03 1315031                    /lib/x86_64-linux-gnu/libz.so.1.2.8
7fe6eaf7f000-7fe6eaf98000 r-xp 00000000 08:03 1310820                    /lib/x86_64-linux-gnu/libpthread-2.19.so
7fe6eaf98000-7fe6eb197000 ---p 00019000 08:03 1310820                    /lib/x86_64-linux-gnu/libpthread-2.19.so
7fe6eb197000-7fe6eb198000 r--p 00018000 08:03 1310820                    /lib/x86_64-linux-gnu/libpthread-2.19.so
7fe6eb198000-7fe6eb199000 rw-p 00019000 08:03 1310820                    /lib/x86_64-linux-gnu/libpthread-2.19.so
7fe6eb199000-7fe6eb19d000 rw-p 00000000 00:00 0 
7fe6eb19d000-7fe6eb1a0000 r-xp 00000000 08:03 1310750                    /lib/x86_64-linux-gnu/libdl-2.19.so
7fe6eb1a0000-7fe6eb39f000 ---p 00003000 08:03 1310750                    /lib/x86_64-linux-gnu/libdl-2.19.so
7fe6eb39f000-7fe6eb3a0000 r--p 00002000 08:03 1310750                    /lib/x86_64-linux-gnu/libdl-2.19.so
7fe6eb3a0000-7fe6eb3a1000 rw-p 00003000 08:03 1310750                    /lib/x86_64-linux-gnu/libdl-2.19.so
7fe6eb3a1000-7fe6eb55c000 r-xp 00000000 08:03 1310819                    /lib/x86_64-linux-gnu/libc-2.19.so
7fe6eb55c000-7fe6eb75b000 ---p 001bb000 08:03 1310819                    /lib/x86_64-linux-gnu/libc-2.19.so
7fe6eb75b000-7fe6eb75f000 r--p 001ba000 08:03 1310819                    /lib/x86_64-linux-gnu/libc-2.19.so
7fe6eb75f000-7fe6eb761000 rw-p 001be000 08:03 1310819                    /lib/x86_64-linux-gnu/libc-2.19.so
7fe6eb761000-7fe6eb766000 rw-p 00000000 00:00 0 
7fe6eb766000-7fe6eb773000 r-xp 00000000 08:03 2373582                    /usr/lib/jvm/java-7-openjdk-amd64/jre/lib/amd64/jli/libjli.so
7fe6eb773000-7fe6eb972000 ---p 0000d000 08:03 2373582                    /usr/lib/jvm/java-7-openjdk-amd64/jre/lib/amd64/jli/libjli.so
7fe6eb972000-7fe6eb973000 r--p 0000c000 08:03 2373582                    /usr/lib/jvm/java-7-openjdk-amd64/jre/lib/amd64/jli/libjli.so
7fe6eb973000-7fe6eb974000 rw-p 0000d000 08:03 2373582                    /usr/lib/jvm/java-7-openjdk-amd64/jre/lib/amd64/jli/libjli.so
7fe6eb974000-7fe6eb997000 r-xp 00000000 08:03 1310816                    /lib/x86_64-linux-gnu/ld-2.19.so
7fe6eb99a000-7fe6eb99b000 rw-p 00000000 00:00 0 
7fe6eb99b000-7fe6eb99e000 r--s 0000f000 08:03 2373618                    /usr/lib/jvm/java-7-openjdk-amd64/jre/lib/ext/icedtea-sound.jar
7fe6eb99e000-7fe6eb9be000 rw-p 00000000 00:00 0 
7fe6eb9be000-7fe6eba74000 rw-p 00000000 00:00 0 
7fe6eba74000-7fe6eba77000 ---p 00000000 00:00 0 
7fe6eba77000-7fe6ebb7a000 rw-p 00000000 00:00 0                          [stack:5172]
7fe6ebb7a000-7fe6ebb7e000 r--s 00034000 08:03 2373623                    /usr/lib/jvm/java-7-openjdk-amd64/jre/lib/ext/sunjce_provider.jar
7fe6ebb7e000-7fe6ebb82000 r--s 0003c000 08:03 2373621                    /usr/lib/jvm/java-7-openjdk-amd64/jre/lib/ext/sunpkcs11.jar
7fe6ebb82000-7fe6ebb83000 r--s 00002000 08:03 2373620                    /usr/lib/jvm/java-7-openjdk-amd64/jre/lib/ext/dnsns.jar
7fe6ebb83000-7fe6ebb85000 r--s 00012000 08:03 2373624                    /usr/lib/jvm/java-7-openjdk-amd64/jre/lib/ext/zipfs.jar
7fe6ebb85000-7fe6ebb88000 r--s 00086000 08:03 2373622                    /usr/lib/jvm/java-7-openjdk-amd64/jre/lib/ext/localedata.jar
7fe6ebb88000-7fe6ebb8a000 r--s 00006000 08:03 2642597                    /usr/share/java/java-atk-wrapper.jar
7fe6ebb8a000-7fe6ebb92000 rw-s 00000000 08:03 2118003                    /tmp/hsperfdata_phuong-hoang/5166
7fe6ebb92000-7fe6ebb93000 rw-p 00000000 00:00 0 
7fe6ebb93000-7fe6ebb94000 ---p 00000000 00:00 0 
7fe6ebb94000-7fe6ebb96000 rw-p 00000000 00:00 0 
7fe6ebb96000-7fe6ebb97000 r--p 00022000 08:03 1310816                    /lib/x86_64-linux-gnu/ld-2.19.so
7fe6ebb97000-7fe6ebb98000 rw-p 00023000 08:03 1310816                    /lib/x86_64-linux-gnu/ld-2.19.so
7fe6ebb98000-7fe6ebb99000 rw-p 00000000 00:00 0 
7ffd236d8000-7ffd236f9000 rw-p 00000000 00:00 0                          [stack]
7ffd237e8000-7ffd237ea000 r-xp 00000000 00:00 0                          [vdso]
7ffd237ea000-7ffd237ec000 r--p 00000000 00:00 0                          [vvar]
ffffffffff600000-ffffffffff601000 r-xp 00000000 00:00 0                  [vsyscall]

VM Arguments:
jvm_args: -Dfile.encoding=UTF-8 
java_command: Main
Launcher Type: SUN_STANDARD

Environment Variables:
PATH=/home/phuong-hoang/.rvm/gems/ruby-2.1.2/bin:/home/phuong-hoang/.rvm/gems/ruby-2.1.2@global/bin:/home/phuong-hoang/.rvm/rubies/ruby-2.1.2/bin:/usr/local/sbin:/usr/local/bin:/usr/sbin:/usr/bin:/sbin:/bin:/usr/games:/usr/local/games:/home/phuong-hoang/.rvm/bin
SHELL=/bin/bash
DISPLAY=:0

Signal Handlers:
SIGSEGV: [libjvm.so+0x94b9a0], sa_mask[0]=0x7ffbfeff, sa_flags=0x10000004
SIGBUS: [libjvm.so+0x94b9a0], sa_mask[0]=0x7ffbfeff, sa_flags=0x10000004
SIGFPE: [libjvm.so+0x7c3880], sa_mask[0]=0x7ffbfeff, sa_flags=0x10000004
SIGPIPE: [libjvm.so+0x7c3880], sa_mask[0]=0x7ffbfeff, sa_flags=0x10000004
SIGXFSZ: [libjvm.so+0x7c3880], sa_mask[0]=0x7ffbfeff, sa_flags=0x10000004
SIGILL: [libjvm.so+0x7c3880], sa_mask[0]=0x7ffbfeff, sa_flags=0x10000004
SIGUSR1: SIG_DFL, sa_mask[0]=0x00000000, sa_flags=0x00000000
SIGUSR2: [libjvm.so+0x7c3720], sa_mask[0]=0x00000004, sa_flags=0x10000004
SIGHUP: [libjvm.so+0x7c3900], sa_mask[0]=0x7ffbfeff, sa_flags=0x10000004
SIGINT: [libjvm.so+0x7c3900], sa_mask[0]=0x7ffbfeff, sa_flags=0x10000004
SIGTERM: [libjvm.so+0x7c3900], sa_mask[0]=0x7ffbfeff, sa_flags=0x10000004
SIGQUIT: [libjvm.so+0x7c3900], sa_mask[0]=0x7ffbfeff, sa_flags=0x10000004
SIGTRAP: SIG_DFL, sa_mask[0]=0x00000000, sa_flags=0x00000000


---------------  S Y S T E M  ---------------

OS:Ubuntu 14.04 (trusty)
uname:Linux 3.16.0-37-generic #51~14.04.1-Ubuntu SMP Wed May 6 15:23:14 UTC 2015 x86_64
libc:glibc 2.19 NPTL 2.19 
rlimit: STACK 8192k, CORE 0k, NPROC 15272, NOFILE 4096, AS infinity
load average:1,25 1,91 1,35

/proc/meminfo:
MemTotal:        3931248 kB
MemFree:          873460 kB
MemAvailable:    1097124 kB
Buffers:           42972 kB
Cached:           361464 kB
SwapCached:            0 kB
Active:          2629672 kB
Inactive:         176424 kB
Active(anon):    2404000 kB
Inactive(anon):    30284 kB
Active(file):     225672 kB
Inactive(file):   146140 kB
Unevictable:         592 kB
Mlocked:             592 kB
SwapTotal:             0 kB
SwapFree:              0 kB
Dirty:               352 kB
Writeback:             0 kB
AnonPages:       2414688 kB
Mapped:           320944 kB
Shmem:             32624 kB
Slab:              76908 kB
SReclaimable:      41592 kB
SUnreclaim:        35316 kB
KernelStack:        9696 kB
PageTables:        45524 kB
NFS_Unstable:          0 kB
Bounce:                0 kB
WritebackTmp:          0 kB
CommitLimit:     1965624 kB
Committed_AS:    6899776 kB
VmallocTotal:   34359738367 kB
VmallocUsed:      383568 kB
VmallocChunk:   34359335932 kB
HardwareCorrupted:     0 kB
AnonHugePages:   1595392 kB
HugePages_Total:       0
HugePages_Free:        0
HugePages_Rsvd:        0
HugePages_Surp:        0
Hugepagesize:       2048 kB
DirectMap4k:      176332 kB
DirectMap2M:     3901440 kB


CPU:total 4 (2 cores per cpu, 2 threads per core) family 6 model 58 stepping 9, cmov, cx8, fxsr, mmx, sse, sse2, sse3, ssse3, sse4.1, sse4.2, popcnt, avx, aes, erms, ht, tsc, tscinvbit, tscinv

/proc/cpuinfo:
processor	: 0
vendor_id	: GenuineIntel
cpu family	: 6
model		: 58
model name	: Intel(R) Core(TM) i5-3210M CPU @ 2.50GHz
stepping	: 9
microcode	: 0x12
cpu MHz		: 2900.000
cache size	: 3072 KB
physical id	: 0
siblings	: 4
core id		: 0
cpu cores	: 2
apicid		: 0
initial apicid	: 0
fpu		: yes
fpu_exception	: yes
cpuid level	: 13
wp		: yes
flags		: fpu vme de pse tsc msr pae mce cx8 apic sep mtrr pge mca cmov pat pse36 clflush dts acpi mmx fxsr sse sse2 ss ht tm pbe syscall nx rdtscp lm constant_tsc arch_perfmon pebs bts rep_good nopl xtopology nonstop_tsc aperfmperf eagerfpu pni pclmulqdq dtes64 monitor ds_cpl vmx est tm2 ssse3 cx16 xtpr pdcm pcid sse4_1 sse4_2 x2apic popcnt tsc_deadline_timer aes xsave avx f16c rdrand lahf_lm ida arat epb xsaveopt pln pts dtherm tpr_shadow vnmi flexpriority ept vpid fsgsbase smep erms
bogomips	: 4988.70
clflush size	: 64
cache_alignment	: 64
address sizes	: 36 bits physical, 48 bits virtual
power management:

processor	: 1
vendor_id	: GenuineIntel
cpu family	: 6
model		: 58
model name	: Intel(R) Core(TM) i5-3210M CPU @ 2.50GHz
stepping	: 9
microcode	: 0x12
cpu MHz		: 2900.000
cache size	: 3072 KB
physical id	: 0
siblings	: 4
core id		: 1
cpu cores	: 2
apicid		: 2
initial apicid	: 2
fpu		: yes
fpu_exception	: yes
cpuid level	: 13
wp		: yes
flags		: fpu vme de pse tsc msr pae mce cx8 apic sep mtrr pge mca cmov pat pse36 clflush dts acpi mmx fxsr sse sse2 ss ht tm pbe syscall nx rdtscp lm constant_tsc arch_perfmon pebs bts rep_good nopl xtopology nonstop_tsc aperfmperf eagerfpu pni pclmulqdq dtes64 monitor ds_cpl vmx est tm2 ssse3 cx16 xtpr pdcm pcid sse4_1 sse4_2 x2apic popcnt tsc_deadline_timer aes xsave avx f16c rdrand lahf_lm ida arat epb xsaveopt pln pts dtherm tpr_shadow vnmi flexpriority ept vpid fsgsbase smep erms
bogomips	: 4988.70
clflush size	: 64
cache_alignment	: 64
address sizes	: 36 bits physical, 48 bits virtual
power management:

processor	: 2
vendor_id	: GenuineIntel
cpu family	: 6
model		: 58
model name	: Intel(R) Core(TM) i5-3210M CPU @ 2.50GHz
stepping	: 9
microcode	: 0x12
cpu MHz		: 2900.000
cache size	: 3072 KB
physical id	: 0
siblings	: 4
core id		: 0
cpu cores	: 2
apicid		: 1
initial apicid	: 1
fpu		: yes
fpu_exception	: yes
cpuid level	: 13
wp		: yes
flags		: fpu vme de pse tsc msr pae mce cx8 apic sep mtrr pge mca cmov pat pse36 clflush dts acpi mmx fxsr sse sse2 ss ht tm pbe syscall nx rdtscp lm constant_tsc arch_perfmon pebs bts rep_good nopl xtopology nonstop_tsc aperfmperf eagerfpu pni pclmulqdq dtes64 monitor ds_cpl vmx est tm2 ssse3 cx16 xtpr pdcm pcid sse4_1 sse4_2 x2apic popcnt tsc_deadline_timer aes xsave avx f16c rdrand lahf_lm ida arat epb xsaveopt pln pts dtherm tpr_shadow vnmi flexpriority ept vpid fsgsbase smep erms
bogomips	: 4988.70
clflush size	: 64
cache_alignment	: 64
address sizes	: 36 bits physical, 48 bits virtual
power management:

processor	: 3
vendor_id	: GenuineIntel
cpu family	: 6
model		: 58
model name	: Intel(R) Core(TM) i5-3210M CPU @ 2.50GHz
stepping	: 9
microcode	: 0x12
cpu MHz		: 2900.000
cache size	: 3072 KB
physical id	: 0
siblings	: 4
core id		: 1
cpu cores	: 2
apicid		: 3
initial apicid	: 3
fpu		: yes
fpu_exception	: yes
cpuid level	: 13
wp		: yes
flags		: fpu vme de pse tsc msr pae mce cx8 apic sep mtrr pge mca cmov pat pse36 clflush dts acpi mmx fxsr sse sse2 ss ht tm pbe syscall nx rdtscp lm constant_tsc arch_perfmon pebs bts rep_good nopl xtopology nonstop_tsc aperfmperf eagerfpu pni pclmulqdq dtes64 monitor ds_cpl vmx est tm2 ssse3 cx16 xtpr pdcm pcid sse4_1 sse4_2 x2apic popcnt tsc_deadline_timer aes xsave avx f16c rdrand lahf_lm ida arat epb xsaveopt pln pts dtherm tpr_shadow vnmi flexpriority ept vpid fsgsbase smep erms
bogomips	: 4988.70
clflush size	: 64
cache_alignment	: 64
address sizes	: 36 bits physical, 48 bits virtual
power management:



Memory: 4k page, physical 3931248k(873460k free), swap 0k(0k free)

vm_info: OpenJDK 64-Bit Server VM (24.79-b02) for linux-amd64 JRE (1.7.0_79-b14), built on Apr 16 2015 08:21:58 by "buildd" with gcc 4.8.2

time: Sun May 24 23:36:52 2015
elapsed time: 1 seconds

