#
# A fatal error has been detected by the Java Runtime Environment:
#
#  SIGSEGV (0xb) at pc=0x00007f9d387a7a93, pid=5609, tid=140313194665728
#
# JRE version: OpenJDK Runtime Environment (7.0_79-b14) (build 1.7.0_79-b14)
# Java VM: OpenJDK 64-Bit Server VM (24.79-b02 mixed mode linux-amd64 compressed oops)
# Derivative: IcedTea 2.5.5
# Distribution: Ubuntu 14.04 LTS, package 7u79-2.5.5-0ubuntu0.14.04.2
# Problematic frame:
# V  [libjvm.so+0x830a93]  oopDesc* PSPromotionManager::copy_to_survivor_space<false>(oopDesc*)+0x253
#
# Failed to write core dump. Core dumps have been disabled. To enable core dumping, try "ulimit -c unlimited" before starting Java again
#
# If you would like to submit a bug report, please include
# instructions on how to reproduce the bug and visit:
#   http://icedtea.classpath.org/bugzilla
#

---------------  T H R E A D  ---------------

Current thread (0x00007f9d30021800):  GCTaskThread [stack: 0x00007f9d36101000,0x00007f9d36202000] [id=5616]

siginfo:si_signo=SIGSEGV: si_errno=0, si_code=1 (SEGV_MAPERR), si_addr=0x0000000000000018

Registers:
RAX=0x0000000000000001, RBX=0x00000000fe081718, RCX=0x0000000000000000, RDX=0x0000000000000000
RSP=0x00007f9d36200ce0, RBP=0x00007f9d36200d40, RSI=0x00007f9d38d39420, RDI=0x00007f9d30073190
R8 =0x00007f9d38d39420, R9 =0x0000000000000000, R10=0x00000000000f1994, R11=0x0000000000000246
R12=0x00007f9d36200d70, R13=0x0000000000000000, R14=0x00007f9d30073190, R15=0x00007f9d30072f90
RIP=0x00007f9d387a7a93, EFLAGS=0x0000000000010246, CSGSFS=0x0000000000000033, ERR=0x0000000000000004
  TRAPNO=0x000000000000000e

Top of Stack: (sp=0x00007f9d36200ce0)
0x00007f9d36200ce0:   00007f9d36200d40 00007f9d387aaf40
0x00007f9d36200cf0:   00000e3e000025f1 00007f9d34a238e8
0x00007f9d36200d00:   00000e3e000025f2 0000000000000000
0x00007f9d36200d10:   00007f9d36200dc0 0000000000000001
0x00007f9d36200d20:   00007f9d36200d70 00007f9d36200d80
0x00007f9d36200d30:   0000000000000001 00007f9d30072f90
0x00007f9d36200d40:   00007f9d36200dc0 00007f9d387aae32
0x00007f9d36200d50:   00007f9d38d39420 00000000dad26164
0x00007f9d36200d60:   00007f9d04287880 00007f9d30073190
0x00007f9d36200d70:   00007f9d16e035dc 00007f9d38706fab
0x00007f9d36200d80:   00000000dad26165 00007f9d3001f460
0x00007f9d36200d90:   00007f9d36200dc0 0000000000000001
0x00007f9d36200da0:   00007f9d04287880 00007f9d38924e51
0x00007f9d36200db0:   00007f9d30021800 00007f9d38d553ea
0x00007f9d36200dc0:   00007f9d36200ed0 00007f9d384bc0b2
0x00007f9d36200dd0:   00000000000003d8 00007f9d30022388
0x00007f9d36200de0:   00007f9d30021fb0 00007f9d36200e60
0x00007f9d36200df0:   00007f9d30021f70 00007f9d30021fa0
0x00007f9d36200e00:   00007f9d36200e10 0000000000000000
0x00007f9d36200e10:   0000000000000000 00007f9d30022d00
0x00007f9d36200e20:   00007f9d30021800 00007f9d30022390
0x00007f9d36200e30:   00007f9d300223d0 00007f9d300223e0
0x00007f9d36200e40:   00007f9d300227b8 00000000000003d8
0x00007f9d36200e50:   00007f9d300227c0 00007f9d30023130
0x00007f9d36200e60:   00007f9d30021800 00007f9d30022390
0x00007f9d36200e70:   00007f9d300223d0 00007f9d300223e0
0x00007f9d36200e80:   00007f9d300227b8 00000000000003d8
0x00007f9d36200e90:   00007f9d36200e20 00007f9d362019c0
0x00007f9d36200ea0:   00007f9d36200ed0 00007f9d30023130
0x00007f9d36200eb0:   00007f9d30023040 00007f9d30021800
0x00007f9d36200ec0:   00007f9d362019c0 00007f9d36201700
0x00007f9d36200ed0:   00007f9d36200f10 00007f9d3873bf32 

Instructions: (pc=0x00007f9d387a7a93)
0x00007f9d387a7a73:   48 c1 ea 03 83 e2 0f e9 3d fe ff ff 90 8b 56 08
0x00007f9d387a7a83:   48 8d 35 96 19 59 00 8b 4e 08 48 d3 e2 48 03 16
0x00007f9d387a7a93:   8b 4a 18 48 8d 7a 10 83 f9 00 0f 8f ed fd ff ff
0x00007f9d387a7aa3:   0f 85 cf 02 00 00 0f 1f 80 00 00 00 00 48 8b 42 

Register to memory mapping:

RAX=0x0000000000000001 is an unknown value
RBX=0x00000000fe081718 is an unallocated location in the heap
RCX=0x0000000000000000 is an unknown value
RDX=0x0000000000000000 is an unknown value
RSP=0x00007f9d36200ce0 is an unknown value
RBP=0x00007f9d36200d40 is an unknown value
RSI=0x00007f9d38d39420: <offset 0xdc2420> in /usr/lib/jvm/java-7-openjdk-amd64/jre/lib/amd64/server/libjvm.so at 0x00007f9d37f77000
RDI=0x00007f9d30073190 is an unknown value
R8 =0x00007f9d38d39420: <offset 0xdc2420> in /usr/lib/jvm/java-7-openjdk-amd64/jre/lib/amd64/server/libjvm.so at 0x00007f9d37f77000
R9 =0x0000000000000000 is an unknown value
R10=0x00000000000f1994 is an unknown value
R11=0x0000000000000246 is an unknown value
R12=0x00007f9d36200d70 is an unknown value
R13=0x0000000000000000 is an unknown value
R14=0x00007f9d30073190 is an unknown value
R15=0x00007f9d30072f90 is an unknown value


Stack: [0x00007f9d36101000,0x00007f9d36202000],  sp=0x00007f9d36200ce0,  free space=1023k
Native frames: (J=compiled Java code, j=interpreted, Vv=VM code, C=native code)
V  [libjvm.so+0x830a93]  oopDesc* PSPromotionManager::copy_to_survivor_space<false>(oopDesc*)+0x253
V  [libjvm.so+0x833e32]  StealTask::do_it(GCTaskManager*, unsigned int)+0x2d2
V  [libjvm.so+0x5450b2]  GCTaskThread::run()+0x162
V  [libjvm.so+0x7c4f32]  java_start(Thread*)+0xf2


---------------  P R O C E S S  ---------------

Java Threads: ( => current thread )
  0x00007f9d30212800 JavaThread "AWT-XAWT" daemon [_thread_in_native, id=5628, stack(0x00007f9d34011000,0x00007f9d34112000)]
  0x00007f9d301f2000 JavaThread "Java2D Disposer" daemon [_thread_blocked, id=5627, stack(0x00007f9d34112000,0x00007f9d34213000)]
  0x00007f9d300af000 JavaThread "Service Thread" daemon [_thread_blocked, id=5625, stack(0x00007f9d3431e000,0x00007f9d3441f000)]
  0x00007f9d300ac800 JavaThread "C2 CompilerThread1" daemon [_thread_blocked, id=5624, stack(0x00007f9d3441f000,0x00007f9d34520000)]
  0x00007f9d300a9800 JavaThread "C2 CompilerThread0" daemon [_thread_blocked, id=5623, stack(0x00007f9d34520000,0x00007f9d34621000)]
  0x00007f9d300a7800 JavaThread "Signal Dispatcher" daemon [_thread_blocked, id=5622, stack(0x00007f9d34621000,0x00007f9d34722000)]
  0x00007f9d3007c000 JavaThread "Finalizer" daemon [_thread_blocked, id=5621, stack(0x00007f9d34722000,0x00007f9d34823000)]
  0x00007f9d3007a000 JavaThread "Reference Handler" daemon [_thread_blocked, id=5620, stack(0x00007f9d34823000,0x00007f9d34924000)]
  0x00007f9d3000a000 JavaThread "main" [_thread_blocked, id=5614, stack(0x00007f9d39a88000,0x00007f9d39b89000)]

Other Threads:
  0x00007f9d30075800 VMThread [stack: 0x00007f9d34924000,0x00007f9d34a25000] [id=5619]
  0x00007f9d300b9800 WatcherThread [stack: 0x00007f9d3421d000,0x00007f9d3431e000] [id=5626]

=>0x00007f9d30021800 (exited) GCTaskThread [stack: 0x00007f9d36101000,0x00007f9d36202000] [id=5616]

VM state:at safepoint (normal execution)

VM Mutex/Monitor currently owned by a thread:  ([mutex/lock_event])
[0x00007f9d30006380] Threads_lock - owner thread: 0x00007f9d30075800
[0x00007f9d30006880] Heap_lock - owner thread: 0x00007f9d3000a000

Heap
 PSYoungGen      total 33280K, used 18551K [0x00000000ec000000, 0x00000000ee300000, 0x0000000100000000)
  eden space 30720K, 58% used [0x00000000ec000000,0x00000000ed1adce8,0x00000000ede00000)
  from space 2560K, 17% used [0x00000000ee080000,0x00000000ee0f0000,0x00000000ee300000)
  to   space 2560K, 18% used [0x00000000ede00000,0x00000000ede74010,0x00000000ee080000)
 ParOldGen       total 655360K, used 520661K [0x00000000c4000000, 0x00000000ec000000, 0x00000000ec000000)
  object space 655360K, 79% used [0x00000000c4000000,0x00000000e3c756d0,0x00000000ec000000)
 PSPermGen       total 21504K, used 6580K [0x00000000b9a00000, 0x00000000baf00000, 0x00000000c4000000)
  object space 21504K, 30% used [0x00000000b9a00000,0x00000000ba06d218,0x00000000baf00000)

Card table byte_map: [0x00007f9d36496000,0x00007f9d366ca000] byte_map_base: 0x00007f9d35ec9000

Polling page: 0x00007f9d39ba7000

Code Cache  [0x00007f9d2d000000, 0x00007f9d2d270000, 0x00007f9d30000000)
 total_blobs=433 nmethods=93 adapters=293 free_code_cache=48427Kb largest_free_block=49560192

Compilation events (10 events):
Event: 0,672 Thread 0x00007f9d300a9800   91             java.util.ArrayList::size (5 bytes)
Event: 0,672 Thread 0x00007f9d300a9800 nmethod 91 0x00007f9d2d0a3610 code [0x00007f9d2d0a3740, 0x00007f9d2d0a3798]
Event: 0,673 Thread 0x00007f9d300ac800   92             Node::getId (5 bytes)
Event: 0,673 Thread 0x00007f9d300ac800 nmethod 92 0x00007f9d2d0a3410 code [0x00007f9d2d0a3540, 0x00007f9d2d0a3598]
Event: 0,673 Thread 0x00007f9d300a9800   93             Graph::dijkstra (1274 bytes)
Event: 0,687 Thread 0x00007f9d300ac800   94             Graph::dijktra_backup (852 bytes)
Event: 0,840 Thread 0x00007f9d300ac800 nmethod 94 0x00007f9d2d0ae950 code [0x00007f9d2d0aec80, 0x00007f9d2d0b1058]
Event: 0,881 Thread 0x00007f9d300a9800 nmethod 93 0x00007f9d2d0b27d0 code [0x00007f9d2d0b2d80, 0x00007f9d2d0b6548]
Event: 0,881 Thread 0x00007f9d300ac800   95 %           Graph::dijkstra @ 701 (1274 bytes)
Event: 0,920 Thread 0x00007f9d300ac800 nmethod 95% 0x00007f9d2d0b9a10 code [0x00007f9d2d0b9d00, 0x00007f9d2d0bb1a8]

GC Heap History (5 events):
Event: 0,818 GC heap before
{Heap before GC invocations=1 (full 0):
 PSYoungGen      total 17920K, used 13233K [0x00000000ec000000, 0x00000000ed400000, 0x0000000100000000)
  eden space 15360K, 86% used [0x00000000ec000000,0x00000000eccec638,0x00000000ecf00000)
  from space 2560K, 0% used [0x00000000ed180000,0x00000000ed180000,0x00000000ed400000)
  to   space 2560K, 0% used [0x00000000ecf00000,0x00000000ecf00000,0x00000000ed180000)
 ParOldGen       total 40960K, used 0K [0x00000000c4000000, 0x00000000c6800000, 0x00000000ec000000)
  object space 40960K, 0% used [0x00000000c4000000,0x00000000c4000000,0x00000000c6800000)
 PSPermGen       total 21504K, used 6580K [0x00000000b9a00000, 0x00000000baf00000, 0x00000000c4000000)
  object space 21504K, 30% used [0x00000000b9a00000,0x00000000ba06d218,0x00000000baf00000)
Event: 0,827 GC heap after
Heap after GC invocations=1 (full 0):
 PSYoungGen      total 17920K, used 2542K [0x00000000ec000000, 0x00000000ee300000, 0x0000000100000000)
  eden space 15360K, 0% used [0x00000000ec000000,0x00000000ec000000,0x00000000ecf00000)
  from space 2560K, 99% used [0x00000000ecf00000,0x00000000ed17b908,0x00000000ed180000)
  to   space 2560K, 0% used [0x00000000ee080000,0x00000000ee080000,0x00000000ee300000)
 ParOldGen       total 40960K, used 368K [0x00000000c4000000, 0x00000000c6800000, 0x00000000ec000000)
  object space 40960K, 0% used [0x00000000c4000000,0x00000000c405c020,0x00000000c6800000)
 PSPermGen       total 21504K, used 6580K [0x00000000b9a00000, 0x00000000baf00000, 0x00000000c4000000)
  object space 21504K, 30% used [0x00000000b9a00000,0x00000000ba06d218,0x00000000baf00000)
}
Event: 0,922 GC heap before
{Heap before GC invocations=2 (full 0):
 PSYoungGen      total 17920K, used 10837K [0x00000000ec000000, 0x00000000ee300000, 0x0000000100000000)
  eden space 15360K, 54% used [0x00000000ec000000,0x00000000ec819e20,0x00000000ecf00000)
  from space 2560K, 99% used [0x00000000ecf00000,0x00000000ed17b908,0x00000000ed180000)
  to   space 2560K, 0% used [0x00000000ee080000,0x00000000ee080000,0x00000000ee300000)
 ParOldGen       total 40960K, used 368K [0x00000000c4000000, 0x00000000c6800000, 0x00000000ec000000)
  object space 40960K, 0% used [0x00000000c4000000,0x00000000c405c020,0x00000000c6800000)
 PSPermGen       total 21504K, used 6580K [0x00000000b9a00000, 0x00000000baf00000, 0x00000000c4000000)
  object space 21504K, 30% used [0x00000000b9a00000,0x00000000ba06d218,0x00000000baf00000)
Event: 0,932 GC heap after
Heap after GC invocations=2 (full 0):
 PSYoungGen      total 33280K, used 448K [0x00000000ec000000, 0x00000000ee300000, 0x0000000100000000)
  eden space 30720K, 0% used [0x00000000ec000000,0x00000000ec000000,0x00000000ede00000)
  from space 2560K, 17% used [0x00000000ee080000,0x00000000ee0f0000,0x00000000ee300000)
  to   space 2560K, 0% used [0x00000000ede00000,0x00000000ede00000,0x00000000ee080000)
 ParOldGen       total 40960K, used 5124K [0x00000000c4000000, 0x00000000c6800000, 0x00000000ec000000)
  object space 40960K, 12% used [0x00000000c4000000,0x00000000c4501030,0x00000000c6800000)
 PSPermGen       total 21504K, used 6580K [0x00000000b9a00000, 0x00000000baf00000, 0x00000000c4000000)
  object space 21504K, 30% used [0x00000000b9a00000,0x00000000ba06d218,0x00000000baf00000)
}
Event: 1,685 GC heap before
{Heap before GC invocations=3 (full 0):
 PSYoungGen      total 33280K, used 18551K [0x00000000ec000000, 0x00000000ee300000, 0x0000000100000000)
  eden space 30720K, 58% used [0x00000000ec000000,0x00000000ed1adce8,0x00000000ede00000)
  from space 2560K, 17% used [0x00000000ee080000,0x00000000ee0f0000,0x00000000ee300000)
  to   space 2560K, 0% used [0x00000000ede00000,0x00000000ede00000,0x00000000ee080000)
 ParOldGen       total 655360K, used 520661K [0x00000000c4000000, 0x00000000ec000000, 0x00000000ec000000)
  object space 655360K, 79% used [0x00000000c4000000,0x00000000e3c756d0,0x00000000ec000000)
 PSPermGen       total 21504K, used 6580K [0x00000000b9a00000, 0x00000000baf00000, 0x00000000c4000000)
  object space 21504K, 30% used [0x00000000b9a00000,0x00000000ba06d218,0x00000000baf00000)

Deoptimization events (8 events):
Event: 0,669 Thread 0x00007f9d3000a000 Uncommon trap: reason=class_check action=maybe_recompile pc=0x00007f9d2d094008 method=java.io.PrintStream.write([BII)V @ 16
Event: 0,669 Thread 0x00007f9d3000a000 Uncommon trap: reason=class_check action=maybe_recompile pc=0x00007f9d2d094008 method=java.io.PrintStream.write([BII)V @ 16
Event: 0,669 Thread 0x00007f9d3000a000 Uncommon trap: reason=class_check action=maybe_recompile pc=0x00007f9d2d094008 method=java.io.PrintStream.write([BII)V @ 16
Event: 0,669 Thread 0x00007f9d3000a000 Uncommon trap: reason=class_check action=maybe_recompile pc=0x00007f9d2d094008 method=java.io.PrintStream.write([BII)V @ 16
Event: 0,670 Thread 0x00007f9d3000a000 Uncommon trap: reason=class_check action=maybe_recompile pc=0x00007f9d2d096398 method=java.io.PrintStream.write([BII)V @ 16
Event: 0,670 Thread 0x00007f9d3000a000 Uncommon trap: reason=class_check action=maybe_recompile pc=0x00007f9d2d09c02c method=java.io.PrintStream.write([BII)V @ 16
Event: 0,670 Thread 0x00007f9d3000a000 Uncommon trap: reason=class_check action=maybe_recompile pc=0x00007f9d2d09dbe8 method=java.io.PrintStream.write([BII)V @ 16
Event: 0,670 Thread 0x00007f9d3000a000 Uncommon trap: reason=class_check action=maybe_recompile pc=0x00007f9d2d09f53c method=java.io.PrintStream.write([BII)V @ 16

Internal exceptions (10 events):
Event: 0,491 Thread 0x00007f9d3000a000 Threw 0x00000000ec565ff8 at /build/buildd/openjdk-7-7u79-2.5.5/build/openjdk/hotspot/src/share/vm/prims/jvm.cpp:1284
Event: 0,492 Thread 0x00007f9d3000a000 Threw 0x00000000ec572760 at /build/buildd/openjdk-7-7u79-2.5.5/build/openjdk/hotspot/src/share/vm/prims/jvm.cpp:1284
Event: 0,540 Thread 0x00007f9d3000a000 Threw 0x00000000ec585590 at /build/buildd/openjdk-7-7u79-2.5.5/build/openjdk/hotspot/src/share/vm/prims/jni.cpp:721
Event: 0,591 Thread 0x00007f9d3000a000 Threw 0x00000000ec5b6020 at /build/buildd/openjdk-7-7u79-2.5.5/build/openjdk/hotspot/src/share/vm/classfile/systemDictionary.cpp:185
Event: 0,600 Thread 0x00007f9d3000a000 Threw 0x00000000ec5d3b88 at /build/buildd/openjdk-7-7u79-2.5.5/build/openjdk/hotspot/src/share/vm/prims/jvm.cpp:1284
Event: 0,600 Thread 0x00007f9d3000a000 Threw 0x00000000ec5d3db0 at /build/buildd/openjdk-7-7u79-2.5.5/build/openjdk/hotspot/src/share/vm/prims/jvm.cpp:1284
Event: 0,600 Thread 0x00007f9d3000a000 Threw 0x00000000ec5d6560 at /build/buildd/openjdk-7-7u79-2.5.5/build/openjdk/hotspot/src/share/vm/prims/jvm.cpp:1284
Event: 0,600 Thread 0x00007f9d3000a000 Threw 0x00000000ec5d6788 at /build/buildd/openjdk-7-7u79-2.5.5/build/openjdk/hotspot/src/share/vm/prims/jvm.cpp:1284
Event: 0,600 Thread 0x00007f9d3000a000 Threw 0x00000000ec5d7288 at /build/buildd/openjdk-7-7u79-2.5.5/build/openjdk/hotspot/src/share/vm/prims/jvm.cpp:1284
Event: 0,600 Thread 0x00007f9d3000a000 Threw 0x00000000ec5d74b0 at /build/buildd/openjdk-7-7u79-2.5.5/build/openjdk/hotspot/src/share/vm/prims/jvm.cpp:1284

Events (10 events):
Event: 0,670 Thread 0x00007f9d3000a000 DEOPT PACKING pc=0x00007f9d2d09dbe8 sp=0x00007f9d39b87660
Event: 0,670 Thread 0x00007f9d3000a000 DEOPT UNPACKING pc=0x00007f9d2d039445 sp=0x00007f9d39b875b8 mode 2
Event: 0,670 Thread 0x00007f9d3000a000 Uncommon trap: trap_request=0xffffffde fr.pc=0x00007f9d2d09f53c
Event: 0,670 Thread 0x00007f9d3000a000 DEOPT PACKING pc=0x00007f9d2d09f53c sp=0x00007f9d39b87620
Event: 0,670 Thread 0x00007f9d3000a000 DEOPT UNPACKING pc=0x00007f9d2d039445 sp=0x00007f9d39b875f0 mode 2
Event: 0,818 Executing VM operation: ParallelGCFailedAllocation
Event: 0,827 Executing VM operation: ParallelGCFailedAllocation done
Event: 0,922 Executing VM operation: ParallelGCFailedAllocation
Event: 0,932 Executing VM operation: ParallelGCFailedAllocation done
Event: 1,685 Executing VM operation: ParallelGCFailedAllocation


Dynamic libraries:
00400000-00401000 r-xp 00000000 08:03 2373541                            /usr/lib/jvm/java-7-openjdk-amd64/jre/bin/java
00600000-00601000 r--p 00000000 08:03 2373541                            /usr/lib/jvm/java-7-openjdk-amd64/jre/bin/java
00601000-00602000 rw-p 00001000 08:03 2373541                            /usr/lib/jvm/java-7-openjdk-amd64/jre/bin/java
01325000-01346000 rw-p 00000000 00:00 0                                  [heap]
b9a00000-baf00000 rw-p 00000000 00:00 0 
baf00000-c4000000 rw-p 00000000 00:00 0 
c4000000-ec000000 rw-p 00000000 00:00 0 
ec000000-ee300000 rw-p 00000000 00:00 0 
ee300000-100000000 rw-p 00000000 00:00 0 
7f9ce8000000-7f9ce8021000 rw-p 00000000 00:00 0 
7f9ce8021000-7f9cec000000 ---p 00000000 00:00 0 
7f9cf0000000-7f9cf0021000 rw-p 00000000 00:00 0 
7f9cf0021000-7f9cf4000000 ---p 00000000 00:00 0 
7f9cf4919000-7f9cf491e000 r-xp 00000000 08:03 2245803                    /usr/lib/x86_64-linux-gnu/libXfixes.so.3.1.0
7f9cf491e000-7f9cf4b1d000 ---p 00005000 08:03 2245803                    /usr/lib/x86_64-linux-gnu/libXfixes.so.3.1.0
7f9cf4b1d000-7f9cf4b1e000 r--p 00004000 08:03 2245803                    /usr/lib/x86_64-linux-gnu/libXfixes.so.3.1.0
7f9cf4b1e000-7f9cf4b1f000 rw-p 00005000 08:03 2245803                    /usr/lib/x86_64-linux-gnu/libXfixes.so.3.1.0
7f9cf4b1f000-7f9cf4b28000 r-xp 00000000 08:03 2237826                    /usr/lib/x86_64-linux-gnu/libXcursor.so.1.0.2
7f9cf4b28000-7f9cf4d27000 ---p 00009000 08:03 2237826                    /usr/lib/x86_64-linux-gnu/libXcursor.so.1.0.2
7f9cf4d27000-7f9cf4d28000 r--p 00008000 08:03 2237826                    /usr/lib/x86_64-linux-gnu/libXcursor.so.1.0.2
7f9cf4d28000-7f9cf4d29000 rw-p 00009000 08:03 2237826                    /usr/lib/x86_64-linux-gnu/libXcursor.so.1.0.2
7f9cf4d29000-7f9cf4d2d000 r-xp 00000000 08:03 1314901                    /lib/x86_64-linux-gnu/libgpg-error.so.0.10.0
7f9cf4d2d000-7f9cf4f2c000 ---p 00004000 08:03 1314901                    /lib/x86_64-linux-gnu/libgpg-error.so.0.10.0
7f9cf4f2c000-7f9cf4f2d000 r--p 00003000 08:03 1314901                    /lib/x86_64-linux-gnu/libgpg-error.so.0.10.0
7f9cf4f2d000-7f9cf4f2e000 rw-p 00004000 08:03 1314901                    /lib/x86_64-linux-gnu/libgpg-error.so.0.10.0
7f9cf4f2e000-7f9cf4f30000 r-xp 00000000 08:03 1314911                    /lib/x86_64-linux-gnu/libkeyutils.so.1.4
7f9cf4f30000-7f9cf5130000 ---p 00002000 08:03 1314911                    /lib/x86_64-linux-gnu/libkeyutils.so.1.4
7f9cf5130000-7f9cf5131000 r--p 00002000 08:03 1314911                    /lib/x86_64-linux-gnu/libkeyutils.so.1.4
7f9cf5131000-7f9cf5132000 rw-p 00003000 08:03 1314911                    /lib/x86_64-linux-gnu/libkeyutils.so.1.4
7f9cf5132000-7f9cf516f000 r-xp 00000000 08:03 1314971                    /lib/x86_64-linux-gnu/libpcre.so.3.13.1
7f9cf516f000-7f9cf536e000 ---p 0003d000 08:03 1314971                    /lib/x86_64-linux-gnu/libpcre.so.3.13.1
7f9cf536e000-7f9cf536f000 r--p 0003c000 08:03 1314971                    /lib/x86_64-linux-gnu/libpcre.so.3.13.1
7f9cf536f000-7f9cf5370000 rw-p 0003d000 08:03 1314971                    /lib/x86_64-linux-gnu/libpcre.so.3.13.1
7f9cf5370000-7f9cf5395000 r-xp 00000000 08:03 1314983                    /lib/x86_64-linux-gnu/libpng12.so.0.50.0
7f9cf5395000-7f9cf5594000 ---p 00025000 08:03 1314983                    /lib/x86_64-linux-gnu/libpng12.so.0.50.0
7f9cf5594000-7f9cf5595000 r--p 00024000 08:03 1314983                    /lib/x86_64-linux-gnu/libpng12.so.0.50.0
7f9cf5595000-7f9cf5596000 rw-p 00025000 08:03 1314983                    /lib/x86_64-linux-gnu/libpng12.so.0.50.0
7f9cf5596000-7f9cf55da000 r-xp 00000000 08:03 1314882                    /lib/x86_64-linux-gnu/libdbus-1.so.3.7.6
7f9cf55da000-7f9cf57d9000 ---p 00044000 08:03 1314882                    /lib/x86_64-linux-gnu/libdbus-1.so.3.7.6
7f9cf57d9000-7f9cf57da000 r--p 00043000 08:03 1314882                    /lib/x86_64-linux-gnu/libdbus-1.so.3.7.6
7f9cf57da000-7f9cf57db000 rw-p 00044000 08:03 1314882                    /lib/x86_64-linux-gnu/libdbus-1.so.3.7.6
7f9cf57db000-7f9cf5816000 r-xp 00000000 08:03 2238546                    /usr/lib/x86_64-linux-gnu/libp11-kit.so.0.0.0
7f9cf5816000-7f9cf5a15000 ---p 0003b000 08:03 2238546                    /usr/lib/x86_64-linux-gnu/libp11-kit.so.0.0.0
7f9cf5a15000-7f9cf5a1b000 r--p 0003a000 08:03 2238546                    /usr/lib/x86_64-linux-gnu/libp11-kit.so.0.0.0
7f9cf5a1b000-7f9cf5a1d000 rw-p 00040000 08:03 2238546                    /usr/lib/x86_64-linux-gnu/libp11-kit.so.0.0.0
7f9cf5a1d000-7f9cf5a2f000 r-xp 00000000 08:03 2248544                    /usr/lib/x86_64-linux-gnu/libtasn1.so.6.2.0
7f9cf5a2f000-7f9cf5c2f000 ---p 00012000 08:03 2248544                    /usr/lib/x86_64-linux-gnu/libtasn1.so.6.2.0
7f9cf5c2f000-7f9cf5c30000 r--p 00012000 08:03 2248544                    /usr/lib/x86_64-linux-gnu/libtasn1.so.6.2.0
7f9cf5c30000-7f9cf5c31000 rw-p 00013000 08:03 2248544                    /usr/lib/x86_64-linux-gnu/libtasn1.so.6.2.0
7f9cf5c31000-7f9cf5cad000 r-xp 00000000 08:03 1314892                    /lib/x86_64-linux-gnu/libgcrypt.so.11.8.2
7f9cf5cad000-7f9cf5ead000 ---p 0007c000 08:03 1314892                    /lib/x86_64-linux-gnu/libgcrypt.so.11.8.2
7f9cf5ead000-7f9cf5eae000 r--p 0007c000 08:03 1314892                    /lib/x86_64-linux-gnu/libgcrypt.so.11.8.2
7f9cf5eae000-7f9cf5eb1000 rw-p 0007d000 08:03 1314892                    /lib/x86_64-linux-gnu/libgcrypt.so.11.8.2
7f9cf5eb1000-7f9cf5ebb000 r-xp 00000000 08:03 2238429                    /usr/lib/x86_64-linux-gnu/libkrb5support.so.0.1
7f9cf5ebb000-7f9cf60ba000 ---p 0000a000 08:03 2238429                    /usr/lib/x86_64-linux-gnu/libkrb5support.so.0.1
7f9cf60ba000-7f9cf60bb000 r--p 00009000 08:03 2238429                    /usr/lib/x86_64-linux-gnu/libkrb5support.so.0.1
7f9cf60bb000-7f9cf60bc000 rw-p 0000a000 08:03 2238429                    /usr/lib/x86_64-linux-gnu/libkrb5support.so.0.1
7f9cf60bc000-7f9cf60bf000 r-xp 00000000 08:03 1314887                    /lib/x86_64-linux-gnu/libcom_err.so.2.1
7f9cf60bf000-7f9cf62be000 ---p 00003000 08:03 1314887                    /lib/x86_64-linux-gnu/libcom_err.so.2.1
7f9cf62be000-7f9cf62bf000 r--p 00002000 08:03 1314887                    /lib/x86_64-linux-gnu/libcom_err.so.2.1
7f9cf62bf000-7f9cf62c0000 rw-p 00003000 08:03 1314887                    /lib/x86_64-linux-gnu/libcom_err.so.2.1
7f9cf62c0000-7f9cf62ec000 r-xp 00000000 08:03 2238423                    /usr/lib/x86_64-linux-gnu/libk5crypto.so.3.1
7f9cf62ec000-7f9cf64eb000 ---p 0002c000 08:03 2238423                    /usr/lib/x86_64-linux-gnu/libk5crypto.so.3.1
7f9cf64eb000-7f9cf64ed000 r--p 0002b000 08:03 2238423                    /usr/lib/x86_64-linux-gnu/libk5crypto.so.3.1
7f9cf64ed000-7f9cf64ee000 rw-p 0002d000 08:03 2238423                    /usr/lib/x86_64-linux-gnu/libk5crypto.so.3.1
7f9cf64ee000-7f9cf64ef000 rw-p 00000000 00:00 0 
7f9cf64ef000-7f9cf65ab000 r-xp 00000000 08:03 2238427                    /usr/lib/x86_64-linux-gnu/libkrb5.so.3.3
7f9cf65ab000-7f9cf67ab000 ---p 000bc000 08:03 2238427                    /usr/lib/x86_64-linux-gnu/libkrb5.so.3.3
7f9cf67ab000-7f9cf67b8000 r--p 000bc000 08:03 2238427                    /usr/lib/x86_64-linux-gnu/libkrb5.so.3.3
7f9cf67b8000-7f9cf67ba000 rw-p 000c9000 08:03 2238427                    /usr/lib/x86_64-linux-gnu/libkrb5.so.3.3
7f9cf67ba000-7f9cf67bf000 r-xp 00000000 08:03 2237830                    /usr/lib/x86_64-linux-gnu/libXdmcp.so.6.0.0
7f9cf67bf000-7f9cf69be000 ---p 00005000 08:03 2237830                    /usr/lib/x86_64-linux-gnu/libXdmcp.so.6.0.0
7f9cf69be000-7f9cf69bf000 r--p 00004000 08:03 2237830                    /usr/lib/x86_64-linux-gnu/libXdmcp.so.6.0.0
7f9cf69bf000-7f9cf69c0000 rw-p 00005000 08:03 2237830                    /usr/lib/x86_64-linux-gnu/libXdmcp.so.6.0.0
7f9cf69c0000-7f9cf69c2000 r-xp 00000000 08:03 2237819                    /usr/lib/x86_64-linux-gnu/libXau.so.6.0.0
7f9cf69c2000-7f9cf6bc2000 ---p 00002000 08:03 2237819                    /usr/lib/x86_64-linux-gnu/libXau.so.6.0.0
7f9cf6bc2000-7f9cf6bc3000 r--p 00002000 08:03 2237819                    /usr/lib/x86_64-linux-gnu/libXau.so.6.0.0
7f9cf6bc3000-7f9cf6bc4000 rw-p 00003000 08:03 2237819                    /usr/lib/x86_64-linux-gnu/libXau.so.6.0.0
7f9cf6bc4000-7f9cf6bcb000 r-xp 00000000 08:03 2238101                    /usr/lib/x86_64-linux-gnu/libffi.so.6.0.1
7f9cf6bcb000-7f9cf6dca000 ---p 00007000 08:03 2238101                    /usr/lib/x86_64-linux-gnu/libffi.so.6.0.1
7f9cf6dca000-7f9cf6dcb000 r--p 00006000 08:03 2238101                    /usr/lib/x86_64-linux-gnu/libffi.so.6.0.1
7f9cf6dcb000-7f9cf6dcc000 rw-p 00007000 08:03 2238101                    /usr/lib/x86_64-linux-gnu/libffi.so.6.0.1
7f9cf6dcc000-7f9cf6de3000 r-xp 00000000 08:03 1310725                    /lib/x86_64-linux-gnu/libresolv-2.19.so
7f9cf6de3000-7f9cf6fe3000 ---p 00017000 08:03 1310725                    /lib/x86_64-linux-gnu/libresolv-2.19.so
7f9cf6fe3000-7f9cf6fe4000 r--p 00017000 08:03 1310725                    /lib/x86_64-linux-gnu/libresolv-2.19.so
7f9cf6fe4000-7f9cf6fe5000 rw-p 00018000 08:03 1310725                    /lib/x86_64-linux-gnu/libresolv-2.19.so
7f9cf6fe5000-7f9cf6fe7000 rw-p 00000000 00:00 0 
7f9cf6fe7000-7f9cf7007000 r-xp 00000000 08:03 1314998                    /lib/x86_64-linux-gnu/libselinux.so.1
7f9cf7007000-7f9cf7206000 ---p 00020000 08:03 1314998                    /lib/x86_64-linux-gnu/libselinux.so.1
7f9cf7206000-7f9cf7207000 r--p 0001f000 08:03 1314998                    /lib/x86_64-linux-gnu/libselinux.so.1
7f9cf7207000-7f9cf7208000 rw-p 00020000 08:03 1314998                    /lib/x86_64-linux-gnu/libselinux.so.1
7f9cf7208000-7f9cf720a000 rw-p 00000000 00:00 0 
7f9cf720a000-7f9cf7310000 r-xp 00000000 08:03 1314899                    /lib/x86_64-linux-gnu/libglib-2.0.so.0.4002.0
7f9cf7310000-7f9cf750f000 ---p 00106000 08:03 1314899                    /lib/x86_64-linux-gnu/libglib-2.0.so.0.4002.0
7f9cf750f000-7f9cf7510000 r--p 00105000 08:03 1314899                    /lib/x86_64-linux-gnu/libglib-2.0.so.0.4002.0
7f9cf7510000-7f9cf7511000 rw-p 00106000 08:03 1314899                    /lib/x86_64-linux-gnu/libglib-2.0.so.0.4002.0
7f9cf7511000-7f9cf7512000 rw-p 00000000 00:00 0 
7f9cf7512000-7f9cf7515000 r-xp 00000000 08:03 2238214                    /usr/lib/x86_64-linux-gnu/libgmodule-2.0.so.0.4002.0
7f9cf7515000-7f9cf7714000 ---p 00003000 08:03 2238214                    /usr/lib/x86_64-linux-gnu/libgmodule-2.0.so.0.4002.0
7f9cf7714000-7f9cf7715000 r--p 00002000 08:03 2238214                    /usr/lib/x86_64-linux-gnu/libgmodule-2.0.so.0.4002.0
7f9cf7715000-7f9cf7716000 rw-p 00003000 08:03 2238214                    /usr/lib/x86_64-linux-gnu/libgmodule-2.0.so.0.4002.0
7f9cf7716000-7f9cf773d000 r-xp 00000000 08:03 1314890                    /lib/x86_64-linux-gnu/libexpat.so.1.6.0
7f9cf773d000-7f9cf793d000 ---p 00027000 08:03 1314890                    /lib/x86_64-linux-gnu/libexpat.so.1.6.0
7f9cf793d000-7f9cf793f000 r--p 00027000 08:03 1314890                    /lib/x86_64-linux-gnu/libexpat.so.1.6.0
7f9cf793f000-7f9cf7940000 rw-p 00029000 08:03 1314890                    /lib/x86_64-linux-gnu/libexpat.so.1.6.0
7f9cf7940000-7f9cf79dd000 r-xp 00000000 08:03 2248658                    /usr/lib/x86_64-linux-gnu/libfreetype.so.6.11.1
7f9cf79dd000-7f9cf7bdc000 ---p 0009d000 08:03 2248658                    /usr/lib/x86_64-linux-gnu/libfreetype.so.6.11.1
7f9cf7bdc000-7f9cf7be2000 r--p 0009c000 08:03 2248658                    /usr/lib/x86_64-linux-gnu/libfreetype.so.6.11.1
7f9cf7be2000-7f9cf7be3000 rw-p 000a2000 08:03 2248658                    /usr/lib/x86_64-linux-gnu/libfreetype.so.6.11.1
7f9cf7be3000-7f9cf7bf2000 r-xp 00000000 08:03 2237923                    /usr/lib/x86_64-linux-gnu/libavahi-client.so.3.2.9
7f9cf7bf2000-7f9cf7df2000 ---p 0000f000 08:03 2237923                    /usr/lib/x86_64-linux-gnu/libavahi-client.so.3.2.9
7f9cf7df2000-7f9cf7df3000 r--p 0000f000 08:03 2237923                    /usr/lib/x86_64-linux-gnu/libavahi-client.so.3.2.9
7f9cf7df3000-7f9cf7df4000 rw-p 00010000 08:03 2237923                    /usr/lib/x86_64-linux-gnu/libavahi-client.so.3.2.9
7f9cf7df4000-7f9cf7dff000 r-xp 00000000 08:03 2237925                    /usr/lib/x86_64-linux-gnu/libavahi-common.so.3.5.3
7f9cf7dff000-7f9cf7ffe000 ---p 0000b000 08:03 2237925                    /usr/lib/x86_64-linux-gnu/libavahi-common.so.3.5.3
7f9cf7ffe000-7f9cf7fff000 r--p 0000a000 08:03 2237925                    /usr/lib/x86_64-linux-gnu/libavahi-common.so.3.5.3
7f9cf7fff000-7f9cf8000000 rw-p 0000b000 08:03 2237925                    /usr/lib/x86_64-linux-gnu/libavahi-common.so.3.5.3
7f9cf8000000-7f9cf8021000 rw-p 00000000 00:00 0 
7f9cf8021000-7f9cfc000000 ---p 00000000 00:00 0 
7f9cfc000000-7f9cfc021000 rw-p 00000000 00:00 0 
7f9cfc021000-7f9d00000000 ---p 00000000 00:00 0 
7f9d00000000-7f9d00a33000 rw-p 00000000 00:00 0 
7f9d00a33000-7f9d04000000 ---p 00000000 00:00 0 
7f9d04000000-7f9d0478f000 rw-p 00000000 00:00 0 
7f9d0478f000-7f9d08000000 ---p 00000000 00:00 0 
7f9d08000000-7f9d08021000 rw-p 00000000 00:00 0 
7f9d08021000-7f9d0c000000 ---p 00000000 00:00 0 
7f9d0c000000-7f9d0c021000 rw-p 00000000 00:00 0 
7f9d0c021000-7f9d10000000 ---p 00000000 00:00 0 
7f9d10000000-7f9d10021000 rw-p 00000000 00:00 0 
7f9d10021000-7f9d14000000 ---p 00000000 00:00 0 
7f9d14000000-7f9d14021000 rw-p 00000000 00:00 0 
7f9d14021000-7f9d18000000 ---p 00000000 00:00 0 
7f9d18000000-7f9d1885b000 rw-p 00000000 00:00 0 
7f9d1885b000-7f9d1c000000 ---p 00000000 00:00 0 
7f9d1c000000-7f9d1c886000 rw-p 00000000 00:00 0 
7f9d1c886000-7f9d20000000 ---p 00000000 00:00 0 
7f9d20000000-7f9d20853000 rw-p 00000000 00:00 0 
7f9d20853000-7f9d24000000 ---p 00000000 00:00 0 
7f9d241e4000-7f9d2429a000 r-xp 00000000 08:03 2228851                    /usr/lib/x86_64-linux-gnu/libgnutls.so.26.22.6
7f9d2429a000-7f9d2449a000 ---p 000b6000 08:03 2228851                    /usr/lib/x86_64-linux-gnu/libgnutls.so.26.22.6
7f9d2449a000-7f9d244a0000 r--p 000b6000 08:03 2228851                    /usr/lib/x86_64-linux-gnu/libgnutls.so.26.22.6
7f9d244a0000-7f9d244a1000 rw-p 000bc000 08:03 2228851                    /usr/lib/x86_64-linux-gnu/libgnutls.so.26.22.6
7f9d244a1000-7f9d244a2000 rw-p 00000000 00:00 0 
7f9d244a2000-7f9d244e5000 r-xp 00000000 08:03 2238257                    /usr/lib/x86_64-linux-gnu/libgssapi_krb5.so.2.2
7f9d244e5000-7f9d246e5000 ---p 00043000 08:03 2238257                    /usr/lib/x86_64-linux-gnu/libgssapi_krb5.so.2.2
7f9d246e5000-7f9d246e6000 r--p 00043000 08:03 2238257                    /usr/lib/x86_64-linux-gnu/libgssapi_krb5.so.2.2
7f9d246e6000-7f9d246e8000 rw-p 00044000 08:03 2238257                    /usr/lib/x86_64-linux-gnu/libgssapi_krb5.so.2.2
7f9d246e8000-7f9d24705000 r-xp 00000000 08:03 2238887                    /usr/lib/x86_64-linux-gnu/libxcb.so.1.1.0
7f9d24705000-7f9d24905000 ---p 0001d000 08:03 2238887                    /usr/lib/x86_64-linux-gnu/libxcb.so.1.1.0
7f9d24905000-7f9d24906000 r--p 0001d000 08:03 2238887                    /usr/lib/x86_64-linux-gnu/libxcb.so.1.1.0
7f9d24906000-7f9d24907000 rw-p 0001e000 08:03 2238887                    /usr/lib/x86_64-linux-gnu/libxcb.so.1.1.0
7f9d24907000-7f9d24956000 r-xp 00000000 08:03 2238230                    /usr/lib/x86_64-linux-gnu/libgobject-2.0.so.0.4002.0
7f9d24956000-7f9d24b56000 ---p 0004f000 08:03 2238230                    /usr/lib/x86_64-linux-gnu/libgobject-2.0.so.0.4002.0
7f9d24b56000-7f9d24b57000 r--p 0004f000 08:03 2238230                    /usr/lib/x86_64-linux-gnu/libgobject-2.0.so.0.4002.0
7f9d24b57000-7f9d24b58000 rw-p 00050000 08:03 2238230                    /usr/lib/x86_64-linux-gnu/libgobject-2.0.so.0.4002.0
7f9d24b58000-7f9d24cc4000 r-xp 00000000 08:03 2238202                    /usr/lib/x86_64-linux-gnu/libgio-2.0.so.0.4002.0
7f9d24cc4000-7f9d24ec3000 ---p 0016c000 08:03 2238202                    /usr/lib/x86_64-linux-gnu/libgio-2.0.so.0.4002.0
7f9d24ec3000-7f9d24ec7000 r--p 0016b000 08:03 2238202                    /usr/lib/x86_64-linux-gnu/libgio-2.0.so.0.4002.0
7f9d24ec7000-7f9d24ec9000 rw-p 0016f000 08:03 2238202                    /usr/lib/x86_64-linux-gnu/libgio-2.0.so.0.4002.0
7f9d24ec9000-7f9d24ecb000 rw-p 00000000 00:00 0 
7f9d24ecb000-7f9d24f05000 r-xp 00000000 08:03 2238115                    /usr/lib/x86_64-linux-gnu/libfontconfig.so.1.8.0
7f9d24f05000-7f9d25104000 ---p 0003a000 08:03 2238115                    /usr/lib/x86_64-linux-gnu/libfontconfig.so.1.8.0
7f9d25104000-7f9d25106000 r--p 00039000 08:03 2238115                    /usr/lib/x86_64-linux-gnu/libfontconfig.so.1.8.0
7f9d25106000-7f9d25107000 rw-p 0003b000 08:03 2238115                    /usr/lib/x86_64-linux-gnu/libfontconfig.so.1.8.0
7f9d25107000-7f9d25173000 r-xp 00000000 08:03 2228346                    /usr/lib/x86_64-linux-gnu/libcups.so.2
7f9d25173000-7f9d25373000 ---p 0006c000 08:03 2228346                    /usr/lib/x86_64-linux-gnu/libcups.so.2
7f9d25373000-7f9d2537a000 r--p 0006c000 08:03 2228346                    /usr/lib/x86_64-linux-gnu/libcups.so.2
7f9d2537a000-7f9d2537b000 rw-p 00073000 08:03 2228346                    /usr/lib/x86_64-linux-gnu/libcups.so.2
7f9d2537b000-7f9d2538a000 r-xp 00000000 08:03 2237833                    /usr/lib/x86_64-linux-gnu/libXi.so.6.1.0
7f9d2538a000-7f9d25589000 ---p 0000f000 08:03 2237833                    /usr/lib/x86_64-linux-gnu/libXi.so.6.1.0
7f9d25589000-7f9d2558a000 r--p 0000e000 08:03 2237833                    /usr/lib/x86_64-linux-gnu/libXi.so.6.1.0
7f9d2558a000-7f9d2558b000 rw-p 0000f000 08:03 2237833                    /usr/lib/x86_64-linux-gnu/libXi.so.6.1.0
7f9d2558b000-7f9d25590000 r-xp 00000000 08:03 2237860                    /usr/lib/x86_64-linux-gnu/libXtst.so.6.1.0
7f9d25590000-7f9d2578f000 ---p 00005000 08:03 2237860                    /usr/lib/x86_64-linux-gnu/libXtst.so.6.1.0
7f9d2578f000-7f9d25790000 r--p 00004000 08:03 2237860                    /usr/lib/x86_64-linux-gnu/libXtst.so.6.1.0
7f9d25790000-7f9d25791000 rw-p 00005000 08:03 2237860                    /usr/lib/x86_64-linux-gnu/libXtst.so.6.1.0
7f9d25791000-7f9d2579a000 r-xp 00000000 08:03 2237839                    /usr/lib/x86_64-linux-gnu/libXrender.so.1.3.0
7f9d2579a000-7f9d25999000 ---p 00009000 08:03 2237839                    /usr/lib/x86_64-linux-gnu/libXrender.so.1.3.0
7f9d25999000-7f9d2599a000 r--p 00008000 08:03 2237839                    /usr/lib/x86_64-linux-gnu/libXrender.so.1.3.0
7f9d2599a000-7f9d2599b000 rw-p 00009000 08:03 2237839                    /usr/lib/x86_64-linux-gnu/libXrender.so.1.3.0
7f9d2599b000-7f9d25acb000 r-xp 00000000 08:03 2237815                    /usr/lib/x86_64-linux-gnu/libX11.so.6.3.0
7f9d25acb000-7f9d25ccb000 ---p 00130000 08:03 2237815                    /usr/lib/x86_64-linux-gnu/libX11.so.6.3.0
7f9d25ccb000-7f9d25ccc000 r--p 00130000 08:03 2237815                    /usr/lib/x86_64-linux-gnu/libX11.so.6.3.0
7f9d25ccc000-7f9d25cd0000 rw-p 00131000 08:03 2237815                    /usr/lib/x86_64-linux-gnu/libX11.so.6.3.0
7f9d25cd0000-7f9d28000000 rw-p 00000000 00:00 0 
7f9d28000000-7f9d287df000 rw-p 00000000 00:00 0 
7f9d287df000-7f9d2c000000 ---p 00000000 00:00 0 
7f9d2c07f000-7f9d2c090000 r-xp 00000000 08:03 2237620                    /usr/lib/x86_64-linux-gnu/libXext.so.6.4.0
7f9d2c090000-7f9d2c28f000 ---p 00011000 08:03 2237620                    /usr/lib/x86_64-linux-gnu/libXext.so.6.4.0
7f9d2c28f000-7f9d2c290000 r--p 00010000 08:03 2237620                    /usr/lib/x86_64-linux-gnu/libXext.so.6.4.0
7f9d2c290000-7f9d2c291000 rw-p 00011000 08:03 2237620                    /usr/lib/x86_64-linux-gnu/libXext.so.6.4.0
7f9d2c291000-7f9d2c2d9000 r-xp 00000000 08:03 2375805                    /usr/lib/jvm/java-7-openjdk-amd64/jre/lib/amd64/xawt/libmawt.so
7f9d2c2d9000-7f9d2c4d8000 ---p 00048000 08:03 2375805                    /usr/lib/jvm/java-7-openjdk-amd64/jre/lib/amd64/xawt/libmawt.so
7f9d2c4d8000-7f9d2c4d9000 r--p 00047000 08:03 2375805                    /usr/lib/jvm/java-7-openjdk-amd64/jre/lib/amd64/xawt/libmawt.so
7f9d2c4d9000-7f9d2c4dc000 rw-p 00048000 08:03 2375805                    /usr/lib/jvm/java-7-openjdk-amd64/jre/lib/amd64/xawt/libmawt.so
7f9d2c4dc000-7f9d2c4dd000 rw-p 00000000 00:00 0 
7f9d2c4dd000-7f9d2c57d000 r-xp 00000000 08:03 2373578                    /usr/lib/jvm/java-7-openjdk-amd64/jre/lib/amd64/libawt.so
7f9d2c57d000-7f9d2c77d000 ---p 000a0000 08:03 2373578                    /usr/lib/jvm/java-7-openjdk-amd64/jre/lib/amd64/libawt.so
7f9d2c77d000-7f9d2c77e000 r--p 000a0000 08:03 2373578                    /usr/lib/jvm/java-7-openjdk-amd64/jre/lib/amd64/libawt.so
7f9d2c77e000-7f9d2c789000 rw-p 000a1000 08:03 2373578                    /usr/lib/jvm/java-7-openjdk-amd64/jre/lib/amd64/libawt.so
7f9d2c789000-7f9d2c7ae000 rw-p 00000000 00:00 0 
7f9d2c7ae000-7f9d2d000000 r--p 00000000 08:03 2236391                    /usr/lib/locale/locale-archive
7f9d2d000000-7f9d2d270000 rwxp 00000000 00:00 0 
7f9d2d270000-7f9d30237000 rw-p 00000000 00:00 0 
7f9d30237000-7f9d34000000 ---p 00000000 00:00 0 
7f9d34011000-7f9d34014000 ---p 00000000 00:00 0 
7f9d34014000-7f9d34112000 rw-p 00000000 00:00 0                          [stack:5628]
7f9d34112000-7f9d34115000 ---p 00000000 00:00 0 
7f9d34115000-7f9d34213000 rw-p 00000000 00:00 0                          [stack:5627]
7f9d34213000-7f9d3421d000 r--s 000ae000 08:03 2373575                    /usr/lib/jvm/java-7-openjdk-amd64/jre/lib/resources.jar
7f9d3421d000-7f9d3421e000 ---p 00000000 00:00 0 
7f9d3421e000-7f9d3431e000 rw-p 00000000 00:00 0                          [stack:5626]
7f9d3431e000-7f9d34321000 ---p 00000000 00:00 0 
7f9d34321000-7f9d3441f000 rw-p 00000000 00:00 0                          [stack:5625]
7f9d3441f000-7f9d34422000 ---p 00000000 00:00 0 
7f9d34422000-7f9d34520000 rw-p 00000000 00:00 0                          [stack:5624]
7f9d34520000-7f9d34523000 ---p 00000000 00:00 0 
7f9d34523000-7f9d34621000 rw-p 00000000 00:00 0                          [stack:5623]
7f9d34621000-7f9d34624000 ---p 00000000 00:00 0 
7f9d34624000-7f9d34722000 rw-p 00000000 00:00 0                          [stack:5622]
7f9d34722000-7f9d34725000 ---p 00000000 00:00 0 
7f9d34725000-7f9d34823000 rw-p 00000000 00:00 0                          [stack:5621]
7f9d34823000-7f9d34826000 ---p 00000000 00:00 0 
7f9d34826000-7f9d34924000 rw-p 00000000 00:00 0                          [stack:5620]
7f9d34924000-7f9d34925000 ---p 00000000 00:00 0 
7f9d34925000-7f9d35a22000 rw-p 00000000 00:00 0                          [stack:5619]
7f9d35a22000-7f9d35bd3000 r--s 01d27000 08:03 2373615                    /usr/lib/jvm/java-7-openjdk-amd64/jre/lib/rt.jar
7f9d35bd3000-7f9d35eff000 rw-p 00000000 00:00 0 
7f9d35eff000-7f9d35f00000 ---p 00000000 00:00 0 
7f9d35f00000-7f9d36000000 rw-p 00000000 00:00 0                          [stack:5618]
7f9d36000000-7f9d36001000 ---p 00000000 00:00 0 
7f9d36001000-7f9d36101000 rw-p 00000000 00:00 0                          [stack:5617]
7f9d36101000-7f9d36102000 ---p 00000000 00:00 0 
7f9d36102000-7f9d36202000 rw-p 00000000 00:00 0                          [stack:5616]
7f9d36202000-7f9d36203000 ---p 00000000 00:00 0 
7f9d36203000-7f9d3630e000 rw-p 00000000 00:00 0                          [stack:5615]
7f9d3630e000-7f9d36356000 rw-p 00000000 00:00 0 
7f9d36356000-7f9d36496000 rw-p 00000000 00:00 0 
7f9d36496000-7f9d364a1000 rw-p 00000000 00:00 0 
7f9d364a1000-7f9d364e9000 rw-p 00000000 00:00 0 
7f9d364e9000-7f9d36629000 rw-p 00000000 00:00 0 
7f9d36629000-7f9d3663b000 rw-p 00000000 00:00 0 
7f9d3663b000-7f9d366c9000 rw-p 00000000 00:00 0 
7f9d366c9000-7f9d366ca000 rw-p 00000000 00:00 0 
7f9d366ca000-7f9d366d2000 r-xp 00000000 08:03 2373590                    /usr/lib/jvm/java-7-openjdk-amd64/jre/lib/amd64/libzip.so
7f9d366d2000-7f9d368d1000 ---p 00008000 08:03 2373590                    /usr/lib/jvm/java-7-openjdk-amd64/jre/lib/amd64/libzip.so
7f9d368d1000-7f9d368d2000 r--p 00007000 08:03 2373590                    /usr/lib/jvm/java-7-openjdk-amd64/jre/lib/amd64/libzip.so
7f9d368d2000-7f9d368d3000 rw-p 00008000 08:03 2373590                    /usr/lib/jvm/java-7-openjdk-amd64/jre/lib/amd64/libzip.so
7f9d368d3000-7f9d368de000 r-xp 00000000 08:03 1310739                    /lib/x86_64-linux-gnu/libnss_files-2.19.so
7f9d368de000-7f9d36add000 ---p 0000b000 08:03 1310739                    /lib/x86_64-linux-gnu/libnss_files-2.19.so
7f9d36add000-7f9d36ade000 r--p 0000a000 08:03 1310739                    /lib/x86_64-linux-gnu/libnss_files-2.19.so
7f9d36ade000-7f9d36adf000 rw-p 0000b000 08:03 1310739                    /lib/x86_64-linux-gnu/libnss_files-2.19.so
7f9d36adf000-7f9d36aea000 r-xp 00000000 08:03 1314776                    /lib/x86_64-linux-gnu/libnss_nis-2.19.so
7f9d36aea000-7f9d36ce9000 ---p 0000b000 08:03 1314776                    /lib/x86_64-linux-gnu/libnss_nis-2.19.so
7f9d36ce9000-7f9d36cea000 r--p 0000a000 08:03 1314776                    /lib/x86_64-linux-gnu/libnss_nis-2.19.so
7f9d36cea000-7f9d36ceb000 rw-p 0000b000 08:03 1314776                    /lib/x86_64-linux-gnu/libnss_nis-2.19.so
7f9d36ceb000-7f9d36d02000 r-xp 00000000 08:03 1310814                    /lib/x86_64-linux-gnu/libnsl-2.19.so
7f9d36d02000-7f9d36f01000 ---p 00017000 08:03 1310814                    /lib/x86_64-linux-gnu/libnsl-2.19.so
7f9d36f01000-7f9d36f02000 r--p 00016000 08:03 1310814                    /lib/x86_64-linux-gnu/libnsl-2.19.so
7f9d36f02000-7f9d36f03000 rw-p 00017000 08:03 1310814                    /lib/x86_64-linux-gnu/libnsl-2.19.so
7f9d36f03000-7f9d36f05000 rw-p 00000000 00:00 0 
7f9d36f05000-7f9d36f0e000 r-xp 00000000 08:03 1310813                    /lib/x86_64-linux-gnu/libnss_compat-2.19.so
7f9d36f0e000-7f9d3710d000 ---p 00009000 08:03 1310813                    /lib/x86_64-linux-gnu/libnss_compat-2.19.so
7f9d3710d000-7f9d3710e000 r--p 00008000 08:03 1310813                    /lib/x86_64-linux-gnu/libnss_compat-2.19.so
7f9d3710e000-7f9d3710f000 rw-p 00009000 08:03 1310813                    /lib/x86_64-linux-gnu/libnss_compat-2.19.so
7f9d3710f000-7f9d3713a000 r-xp 00000000 08:03 2373608                    /usr/lib/jvm/java-7-openjdk-amd64/jre/lib/amd64/libjava.so
7f9d3713a000-7f9d3733a000 ---p 0002b000 08:03 2373608                    /usr/lib/jvm/java-7-openjdk-amd64/jre/lib/amd64/libjava.so
7f9d3733a000-7f9d3733b000 r--p 0002b000 08:03 2373608                    /usr/lib/jvm/java-7-openjdk-amd64/jre/lib/amd64/libjava.so
7f9d3733b000-7f9d3733d000 rw-p 0002c000 08:03 2373608                    /usr/lib/jvm/java-7-openjdk-amd64/jre/lib/amd64/libjava.so
7f9d3733d000-7f9d3734d000 r-xp 00000000 08:03 2373604                    /usr/lib/jvm/java-7-openjdk-amd64/jre/lib/amd64/libverify.so
7f9d3734d000-7f9d3754c000 ---p 00010000 08:03 2373604                    /usr/lib/jvm/java-7-openjdk-amd64/jre/lib/amd64/libverify.so
7f9d3754c000-7f9d3754e000 r--p 0000f000 08:03 2373604                    /usr/lib/jvm/java-7-openjdk-amd64/jre/lib/amd64/libverify.so
7f9d3754e000-7f9d3754f000 rw-p 00011000 08:03 2373604                    /usr/lib/jvm/java-7-openjdk-amd64/jre/lib/amd64/libverify.so
7f9d3754f000-7f9d37556000 r-xp 00000000 08:03 1310822                    /lib/x86_64-linux-gnu/librt-2.19.so
7f9d37556000-7f9d37755000 ---p 00007000 08:03 1310822                    /lib/x86_64-linux-gnu/librt-2.19.so
7f9d37755000-7f9d37756000 r--p 00006000 08:03 1310822                    /lib/x86_64-linux-gnu/librt-2.19.so
7f9d37756000-7f9d37757000 rw-p 00007000 08:03 1310822                    /lib/x86_64-linux-gnu/librt-2.19.so
7f9d37757000-7f9d3776d000 r-xp 00000000 08:03 1314895                    /lib/x86_64-linux-gnu/libgcc_s.so.1
7f9d3776d000-7f9d3796c000 ---p 00016000 08:03 1314895                    /lib/x86_64-linux-gnu/libgcc_s.so.1
7f9d3796c000-7f9d3796d000 rw-p 00015000 08:03 1314895                    /lib/x86_64-linux-gnu/libgcc_s.so.1
7f9d3796d000-7f9d37a72000 r-xp 00000000 08:03 1310735                    /lib/x86_64-linux-gnu/libm-2.19.so
7f9d37a72000-7f9d37c71000 ---p 00105000 08:03 1310735                    /lib/x86_64-linux-gnu/libm-2.19.so
7f9d37c71000-7f9d37c72000 r--p 00104000 08:03 1310735                    /lib/x86_64-linux-gnu/libm-2.19.so
7f9d37c72000-7f9d37c73000 rw-p 00105000 08:03 1310735                    /lib/x86_64-linux-gnu/libm-2.19.so
7f9d37c73000-7f9d37d59000 r-xp 00000000 08:03 2238723                    /usr/lib/x86_64-linux-gnu/libstdc++.so.6.0.19
7f9d37d59000-7f9d37f58000 ---p 000e6000 08:03 2238723                    /usr/lib/x86_64-linux-gnu/libstdc++.so.6.0.19
7f9d37f58000-7f9d37f60000 r--p 000e5000 08:03 2238723                    /usr/lib/x86_64-linux-gnu/libstdc++.so.6.0.19
7f9d37f60000-7f9d37f62000 rw-p 000ed000 08:03 2238723                    /usr/lib/x86_64-linux-gnu/libstdc++.so.6.0.19
7f9d37f62000-7f9d37f77000 rw-p 00000000 00:00 0 
7f9d37f77000-7f9d38a8f000 r-xp 00000000 08:03 2373613                    /usr/lib/jvm/java-7-openjdk-amd64/jre/lib/amd64/server/libjvm.so
7f9d38a8f000-7f9d38c8f000 ---p 00b18000 08:03 2373613                    /usr/lib/jvm/java-7-openjdk-amd64/jre/lib/amd64/server/libjvm.so
7f9d38c8f000-7f9d38d29000 r--p 00b18000 08:03 2373613                    /usr/lib/jvm/java-7-openjdk-amd64/jre/lib/amd64/server/libjvm.so
7f9d38d29000-7f9d38d4c000 rw-p 00bb2000 08:03 2373613                    /usr/lib/jvm/java-7-openjdk-amd64/jre/lib/amd64/server/libjvm.so
7f9d38d4c000-7f9d38d7a000 rw-p 00000000 00:00 0 
7f9d38d7a000-7f9d38d92000 r-xp 00000000 08:03 1315031                    /lib/x86_64-linux-gnu/libz.so.1.2.8
7f9d38d92000-7f9d38f91000 ---p 00018000 08:03 1315031                    /lib/x86_64-linux-gnu/libz.so.1.2.8
7f9d38f91000-7f9d38f92000 r--p 00017000 08:03 1315031                    /lib/x86_64-linux-gnu/libz.so.1.2.8
7f9d38f92000-7f9d38f93000 rw-p 00018000 08:03 1315031                    /lib/x86_64-linux-gnu/libz.so.1.2.8
7f9d38f93000-7f9d38fac000 r-xp 00000000 08:03 1310820                    /lib/x86_64-linux-gnu/libpthread-2.19.so
7f9d38fac000-7f9d391ab000 ---p 00019000 08:03 1310820                    /lib/x86_64-linux-gnu/libpthread-2.19.so
7f9d391ab000-7f9d391ac000 r--p 00018000 08:03 1310820                    /lib/x86_64-linux-gnu/libpthread-2.19.so
7f9d391ac000-7f9d391ad000 rw-p 00019000 08:03 1310820                    /lib/x86_64-linux-gnu/libpthread-2.19.so
7f9d391ad000-7f9d391b1000 rw-p 00000000 00:00 0 
7f9d391b1000-7f9d391b4000 r-xp 00000000 08:03 1310750                    /lib/x86_64-linux-gnu/libdl-2.19.so
7f9d391b4000-7f9d393b3000 ---p 00003000 08:03 1310750                    /lib/x86_64-linux-gnu/libdl-2.19.so
7f9d393b3000-7f9d393b4000 r--p 00002000 08:03 1310750                    /lib/x86_64-linux-gnu/libdl-2.19.so
7f9d393b4000-7f9d393b5000 rw-p 00003000 08:03 1310750                    /lib/x86_64-linux-gnu/libdl-2.19.so
7f9d393b5000-7f9d39570000 r-xp 00000000 08:03 1310819                    /lib/x86_64-linux-gnu/libc-2.19.so
7f9d39570000-7f9d3976f000 ---p 001bb000 08:03 1310819                    /lib/x86_64-linux-gnu/libc-2.19.so
7f9d3976f000-7f9d39773000 r--p 001ba000 08:03 1310819                    /lib/x86_64-linux-gnu/libc-2.19.so
7f9d39773000-7f9d39775000 rw-p 001be000 08:03 1310819                    /lib/x86_64-linux-gnu/libc-2.19.so
7f9d39775000-7f9d3977a000 rw-p 00000000 00:00 0 
7f9d3977a000-7f9d39787000 r-xp 00000000 08:03 2373582                    /usr/lib/jvm/java-7-openjdk-amd64/jre/lib/amd64/jli/libjli.so
7f9d39787000-7f9d39986000 ---p 0000d000 08:03 2373582                    /usr/lib/jvm/java-7-openjdk-amd64/jre/lib/amd64/jli/libjli.so
7f9d39986000-7f9d39987000 r--p 0000c000 08:03 2373582                    /usr/lib/jvm/java-7-openjdk-amd64/jre/lib/amd64/jli/libjli.so
7f9d39987000-7f9d39988000 rw-p 0000d000 08:03 2373582                    /usr/lib/jvm/java-7-openjdk-amd64/jre/lib/amd64/jli/libjli.so
7f9d39988000-7f9d399ab000 r-xp 00000000 08:03 1310816                    /lib/x86_64-linux-gnu/ld-2.19.so
7f9d399ae000-7f9d399af000 rw-p 00000000 00:00 0 
7f9d399af000-7f9d399b2000 r--s 0000f000 08:03 2373618                    /usr/lib/jvm/java-7-openjdk-amd64/jre/lib/ext/icedtea-sound.jar
7f9d399b2000-7f9d399d2000 rw-p 00000000 00:00 0 
7f9d399d2000-7f9d39a88000 rw-p 00000000 00:00 0 
7f9d39a88000-7f9d39a8b000 ---p 00000000 00:00 0 
7f9d39a8b000-7f9d39b8e000 rw-p 00000000 00:00 0                          [stack:5614]
7f9d39b8e000-7f9d39b92000 r--s 00034000 08:03 2373623                    /usr/lib/jvm/java-7-openjdk-amd64/jre/lib/ext/sunjce_provider.jar
7f9d39b92000-7f9d39b96000 r--s 0003c000 08:03 2373621                    /usr/lib/jvm/java-7-openjdk-amd64/jre/lib/ext/sunpkcs11.jar
7f9d39b96000-7f9d39b97000 r--s 00002000 08:03 2373620                    /usr/lib/jvm/java-7-openjdk-amd64/jre/lib/ext/dnsns.jar
7f9d39b97000-7f9d39b99000 r--s 00012000 08:03 2373624                    /usr/lib/jvm/java-7-openjdk-amd64/jre/lib/ext/zipfs.jar
7f9d39b99000-7f9d39b9c000 r--s 00086000 08:03 2373622                    /usr/lib/jvm/java-7-openjdk-amd64/jre/lib/ext/localedata.jar
7f9d39b9c000-7f9d39b9e000 r--s 00006000 08:03 2642597                    /usr/share/java/java-atk-wrapper.jar
7f9d39b9e000-7f9d39ba6000 rw-s 00000000 08:03 2118003                    /tmp/hsperfdata_phuong-hoang/5609
7f9d39ba6000-7f9d39ba7000 rw-p 00000000 00:00 0 
7f9d39ba7000-7f9d39ba8000 ---p 00000000 00:00 0 
7f9d39ba8000-7f9d39baa000 rw-p 00000000 00:00 0 
7f9d39baa000-7f9d39bab000 r--p 00022000 08:03 1310816                    /lib/x86_64-linux-gnu/ld-2.19.so
7f9d39bab000-7f9d39bac000 rw-p 00023000 08:03 1310816                    /lib/x86_64-linux-gnu/ld-2.19.so
7f9d39bac000-7f9d39bad000 rw-p 00000000 00:00 0 
7ffea2b56000-7ffea2b77000 rw-p 00000000 00:00 0                          [stack]
7ffea2bb4000-7ffea2bb6000 r-xp 00000000 00:00 0                          [vdso]
7ffea2bb6000-7ffea2bb8000 r--p 00000000 00:00 0                          [vvar]
ffffffffff600000-ffffffffff601000 r-xp 00000000 00:00 0                  [vsyscall]

VM Arguments:
jvm_args: -Dfile.encoding=UTF-8 
java_command: Main
Launcher Type: SUN_STANDARD

Environment Variables:
PATH=/home/phuong-hoang/.rvm/gems/ruby-2.1.2/bin:/home/phuong-hoang/.rvm/gems/ruby-2.1.2@global/bin:/home/phuong-hoang/.rvm/rubies/ruby-2.1.2/bin:/usr/local/sbin:/usr/local/bin:/usr/sbin:/usr/bin:/sbin:/bin:/usr/games:/usr/local/games:/home/phuong-hoang/.rvm/bin
SHELL=/bin/bash
DISPLAY=:0

Signal Handlers:
SIGSEGV: [libjvm.so+0x94b9a0], sa_mask[0]=0x7ffbfeff, sa_flags=0x10000004
SIGBUS: [libjvm.so+0x94b9a0], sa_mask[0]=0x7ffbfeff, sa_flags=0x10000004
SIGFPE: [libjvm.so+0x7c3880], sa_mask[0]=0x7ffbfeff, sa_flags=0x10000004
SIGPIPE: [libjvm.so+0x7c3880], sa_mask[0]=0x7ffbfeff, sa_flags=0x10000004
SIGXFSZ: [libjvm.so+0x7c3880], sa_mask[0]=0x7ffbfeff, sa_flags=0x10000004
SIGILL: [libjvm.so+0x7c3880], sa_mask[0]=0x7ffbfeff, sa_flags=0x10000004
SIGUSR1: SIG_DFL, sa_mask[0]=0x00000000, sa_flags=0x00000000
SIGUSR2: [libjvm.so+0x7c3720], sa_mask[0]=0x00000004, sa_flags=0x10000004
SIGHUP: [libjvm.so+0x7c3900], sa_mask[0]=0x7ffbfeff, sa_flags=0x10000004
SIGINT: [libjvm.so+0x7c3900], sa_mask[0]=0x7ffbfeff, sa_flags=0x10000004
SIGTERM: [libjvm.so+0x7c3900], sa_mask[0]=0x7ffbfeff, sa_flags=0x10000004
SIGQUIT: [libjvm.so+0x7c3900], sa_mask[0]=0x7ffbfeff, sa_flags=0x10000004
SIGTRAP: SIG_DFL, sa_mask[0]=0x00000000, sa_flags=0x00000000


---------------  S Y S T E M  ---------------

OS:Ubuntu 14.04 (trusty)
uname:Linux 3.16.0-37-generic #51~14.04.1-Ubuntu SMP Wed May 6 15:23:14 UTC 2015 x86_64
libc:glibc 2.19 NPTL 2.19 
rlimit: STACK 8192k, CORE 0k, NPROC 15272, NOFILE 4096, AS infinity
load average:1,20 1,38 1,30

/proc/meminfo:
MemTotal:        3931248 kB
MemFree:          731816 kB
MemAvailable:     980272 kB
Buffers:           50432 kB
Cached:           385668 kB
SwapCached:            0 kB
Active:          2762832 kB
Inactive:         196336 kB
Active(anon):    2525412 kB
Inactive(anon):    37092 kB
Active(file):     237420 kB
Inactive(file):   159244 kB
Unevictable:         592 kB
Mlocked:             592 kB
SwapTotal:             0 kB
SwapFree:              0 kB
Dirty:               668 kB
Writeback:             0 kB
AnonPages:       2525976 kB
Mapped:           337388 kB
Shmem:             39436 kB
Slab:              76460 kB
SReclaimable:      41468 kB
SUnreclaim:        34992 kB
KernelStack:        9664 kB
PageTables:        45612 kB
NFS_Unstable:          0 kB
Bounce:                0 kB
WritebackTmp:          0 kB
CommitLimit:     1965624 kB
Committed_AS:    6922136 kB
VmallocTotal:   34359738367 kB
VmallocUsed:      383568 kB
VmallocChunk:   34359335932 kB
HardwareCorrupted:     0 kB
AnonHugePages:   1624064 kB
HugePages_Total:       0
HugePages_Free:        0
HugePages_Rsvd:        0
HugePages_Surp:        0
Hugepagesize:       2048 kB
DirectMap4k:      176332 kB
DirectMap2M:     3901440 kB


CPU:total 4 (2 cores per cpu, 2 threads per core) family 6 model 58 stepping 9, cmov, cx8, fxsr, mmx, sse, sse2, sse3, ssse3, sse4.1, sse4.2, popcnt, avx, aes, erms, ht, tsc, tscinvbit, tscinv

/proc/cpuinfo:
processor	: 0
vendor_id	: GenuineIntel
cpu family	: 6
model		: 58
model name	: Intel(R) Core(TM) i5-3210M CPU @ 2.50GHz
stepping	: 9
microcode	: 0x12
cpu MHz		: 2900.000
cache size	: 3072 KB
physical id	: 0
siblings	: 4
core id		: 0
cpu cores	: 2
apicid		: 0
initial apicid	: 0
fpu		: yes
fpu_exception	: yes
cpuid level	: 13
wp		: yes
flags		: fpu vme de pse tsc msr pae mce cx8 apic sep mtrr pge mca cmov pat pse36 clflush dts acpi mmx fxsr sse sse2 ss ht tm pbe syscall nx rdtscp lm constant_tsc arch_perfmon pebs bts rep_good nopl xtopology nonstop_tsc aperfmperf eagerfpu pni pclmulqdq dtes64 monitor ds_cpl vmx est tm2 ssse3 cx16 xtpr pdcm pcid sse4_1 sse4_2 x2apic popcnt tsc_deadline_timer aes xsave avx f16c rdrand lahf_lm ida arat epb xsaveopt pln pts dtherm tpr_shadow vnmi flexpriority ept vpid fsgsbase smep erms
bogomips	: 4988.70
clflush size	: 64
cache_alignment	: 64
address sizes	: 36 bits physical, 48 bits virtual
power management:

processor	: 1
vendor_id	: GenuineIntel
cpu family	: 6
model		: 58
model name	: Intel(R) Core(TM) i5-3210M CPU @ 2.50GHz
stepping	: 9
microcode	: 0x12
cpu MHz		: 2900.000
cache size	: 3072 KB
physical id	: 0
siblings	: 4
core id		: 1
cpu cores	: 2
apicid		: 2
initial apicid	: 2
fpu		: yes
fpu_exception	: yes
cpuid level	: 13
wp		: yes
flags		: fpu vme de pse tsc msr pae mce cx8 apic sep mtrr pge mca cmov pat pse36 clflush dts acpi mmx fxsr sse sse2 ss ht tm pbe syscall nx rdtscp lm constant_tsc arch_perfmon pebs bts rep_good nopl xtopology nonstop_tsc aperfmperf eagerfpu pni pclmulqdq dtes64 monitor ds_cpl vmx est tm2 ssse3 cx16 xtpr pdcm pcid sse4_1 sse4_2 x2apic popcnt tsc_deadline_timer aes xsave avx f16c rdrand lahf_lm ida arat epb xsaveopt pln pts dtherm tpr_shadow vnmi flexpriority ept vpid fsgsbase smep erms
bogomips	: 4988.70
clflush size	: 64
cache_alignment	: 64
address sizes	: 36 bits physical, 48 bits virtual
power management:

processor	: 2
vendor_id	: GenuineIntel
cpu family	: 6
model		: 58
model name	: Intel(R) Core(TM) i5-3210M CPU @ 2.50GHz
stepping	: 9
microcode	: 0x12
cpu MHz		: 2900.000
cache size	: 3072 KB
physical id	: 0
siblings	: 4
core id		: 0
cpu cores	: 2
apicid		: 1
initial apicid	: 1
fpu		: yes
fpu_exception	: yes
cpuid level	: 13
wp		: yes
flags		: fpu vme de pse tsc msr pae mce cx8 apic sep mtrr pge mca cmov pat pse36 clflush dts acpi mmx fxsr sse sse2 ss ht tm pbe syscall nx rdtscp lm constant_tsc arch_perfmon pebs bts rep_good nopl xtopology nonstop_tsc aperfmperf eagerfpu pni pclmulqdq dtes64 monitor ds_cpl vmx est tm2 ssse3 cx16 xtpr pdcm pcid sse4_1 sse4_2 x2apic popcnt tsc_deadline_timer aes xsave avx f16c rdrand lahf_lm ida arat epb xsaveopt pln pts dtherm tpr_shadow vnmi flexpriority ept vpid fsgsbase smep erms
bogomips	: 4988.70
clflush size	: 64
cache_alignment	: 64
address sizes	: 36 bits physical, 48 bits virtual
power management:

processor	: 3
vendor_id	: GenuineIntel
cpu family	: 6
model		: 58
model name	: Intel(R) Core(TM) i5-3210M CPU @ 2.50GHz
stepping	: 9
microcode	: 0x12
cpu MHz		: 2900.000
cache size	: 3072 KB
physical id	: 0
siblings	: 4
core id		: 1
cpu cores	: 2
apicid		: 3
initial apicid	: 3
fpu		: yes
fpu_exception	: yes
cpuid level	: 13
wp		: yes
flags		: fpu vme de pse tsc msr pae mce cx8 apic sep mtrr pge mca cmov pat pse36 clflush dts acpi mmx fxsr sse sse2 ss ht tm pbe syscall nx rdtscp lm constant_tsc arch_perfmon pebs bts rep_good nopl xtopology nonstop_tsc aperfmperf eagerfpu pni pclmulqdq dtes64 monitor ds_cpl vmx est tm2 ssse3 cx16 xtpr pdcm pcid sse4_1 sse4_2 x2apic popcnt tsc_deadline_timer aes xsave avx f16c rdrand lahf_lm ida arat epb xsaveopt pln pts dtherm tpr_shadow vnmi flexpriority ept vpid fsgsbase smep erms
bogomips	: 4988.70
clflush size	: 64
cache_alignment	: 64
address sizes	: 36 bits physical, 48 bits virtual
power management:



Memory: 4k page, physical 3931248k(731816k free), swap 0k(0k free)

vm_info: OpenJDK 64-Bit Server VM (24.79-b02) for linux-amd64 JRE (1.7.0_79-b14), built on Apr 16 2015 08:21:58 by "buildd" with gcc 4.8.2

time: Sun May 24 23:43:07 2015
elapsed time: 1 seconds

